{
"contracts\\access\\Governable_0_8_18.sol":{"l":{"9":3705,"13":84,"14":79,"18":4},"path":"C:\\Users\\two\\Desktop\\work work\\zkEraFi\\contracts\\access\\Governable_0_8_18.sol","s":{"1":84},"b":{"1":[79,5],"2":[4,0]},"f":{"1":3480,"2":84,"3":4},"fnMap":{"1":{"name":"constructor","line":8,"loc":{"start":{"line":8,"column":4},"end":{"line":10,"column":4}}},"2":{"name":"onlyGov","line":12,"loc":{"start":{"line":12,"column":4},"end":{"line":15,"column":4}}},"3":{"name":"setGov","line":17,"loc":{"start":{"line":17,"column":4},"end":{"line":19,"column":4}}}},"statementMap":{"1":{"start":{"line":13,"column":8},"end":{"line":13,"column":58}}},"branchMap":{"1":{"line":13,"type":"if","locations":[{"start":{"line":13,"column":8},"end":{"line":13,"column":8}},{"start":{"line":13,"column":8},"end":{"line":13,"column":8}}]},"2":{"line":17,"type":"if","locations":[{"start":{"line":17,"column":43},"end":{"line":17,"column":43}},{"start":{"line":17,"column":43},"end":{"line":17,"column":43}}]}}},
"contracts\\access\\Governable.sol":{"l":{"9":3870,"13":1143,"14":1114,"18":102},"path":"C:\\Users\\two\\Desktop\\work work\\zkEraFi\\contracts\\access\\Governable.sol","s":{"1":1143},"b":{"1":[1114,29],"2":[102,2]},"f":{"1":3870,"2":1143,"3":102},"fnMap":{"1":{"name":"constructor","line":8,"loc":{"start":{"line":8,"column":4},"end":{"line":10,"column":4}}},"2":{"name":"onlyGov","line":12,"loc":{"start":{"line":12,"column":4},"end":{"line":15,"column":4}}},"3":{"name":"setGov","line":17,"loc":{"start":{"line":17,"column":4},"end":{"line":19,"column":4}}}},"statementMap":{"1":{"start":{"line":13,"column":8},"end":{"line":13,"column":58}}},"branchMap":{"1":{"line":13,"type":"if","locations":[{"start":{"line":13,"column":8},"end":{"line":13,"column":8}},{"start":{"line":13,"column":8},"end":{"line":13,"column":8}}]},"2":{"line":17,"type":"if","locations":[{"start":{"line":17,"column":43},"end":{"line":17,"column":43}},{"start":{"line":17,"column":43},"end":{"line":17,"column":43}}]}}},
"contracts\\access\\interfaces\\IAdmin.sol":{"l":{},"path":"C:\\Users\\two\\Desktop\\work work\\zkEraFi\\contracts\\access\\interfaces\\IAdmin.sol","s":{},"b":{},"f":{},"fnMap":{},"statementMap":{},"branchMap":{}},
"contracts\\access\\interfaces\\IZkeMultisig.sol":{"l":{},"path":"C:\\Users\\two\\Desktop\\work work\\zkEraFi\\contracts\\access\\interfaces\\IZkeMultisig.sol","s":{},"b":{},"f":{},"fnMap":{},"statementMap":{},"branchMap":{}},
"contracts\\access\\TokenManager.sol":{"l":{"37":54,"38":54,"42":72,"43":64,"47":55,"48":40,"52":19,"53":18,"55":18,"56":18,"57":54,"58":54,"63":1,"67":3,"68":3,"69":3,"70":3,"71":3,"75":6,"76":6,"77":5,"78":4,"79":4,"83":7,"84":7,"85":3,"87":1,"88":1,"92":3,"93":3,"94":3,"95":3,"96":3,"100":6,"101":6,"102":5,"103":4,"104":4,"108":7,"109":7,"110":3,"112":1,"113":1,"117":4,"118":4,"119":4,"120":4,"121":4,"125":8,"126":8,"127":7,"128":6,"129":6,"133":8,"134":8,"135":4,"137":2,"138":4,"140":2,"144":2,"145":3,"150":3,"151":3,"152":3,"153":3,"154":3,"155":3,"159":5,"160":5,"161":4,"162":2,"163":2,"167":6,"168":6,"169":2,"171":1,"172":1,"176":3,"177":3,"178":3,"179":3,"180":3,"181":3,"185":6,"186":6,"187":5,"188":4,"189":4,"193":8,"194":8,"195":3,"197":1,"198":1,"202":16,"203":16,"207":67,"211":15,"212":15,"213":45,"214":45,"215":17,"219":15,"220":4,"222":11,"226":6,"227":6,"228":6},"path":"C:\\Users\\two\\Desktop\\work work\\zkEraFi\\contracts\\access\\TokenManager.sol","s":{"1":72,"2":55,"3":19,"4":18,"5":54,"6":1,"7":3,"8":3,"9":3,"10":3,"11":6,"12":6,"13":5,"14":4,"15":7,"16":7,"17":3,"18":1,"19":1,"20":3,"21":3,"22":3,"23":3,"24":6,"25":6,"26":5,"27":4,"28":7,"29":7,"30":3,"31":1,"32":1,"33":4,"34":4,"35":4,"36":4,"37":8,"38":8,"39":7,"40":6,"41":8,"42":8,"43":4,"44":2,"45":4,"46":2,"47":2,"48":3,"49":3,"50":3,"51":3,"52":3,"53":5,"54":5,"55":4,"56":2,"57":6,"58":6,"59":2,"60":1,"61":1,"62":3,"63":3,"64":3,"65":3,"66":6,"67":6,"68":5,"69":4,"70":8,"71":8,"72":3,"73":1,"74":1,"75":16,"76":67,"77":15,"78":15,"79":45,"80":45,"81":15,"82":4,"83":11,"84":6,"85":6},"b":{"1":[64,8],"2":[40,15],"3":[19,0],"4":[18,1],"5":[4,0],"6":[3,1],"7":[8,0],"8":[6,2],"9":[4,1],"10":[8,0],"11":[7,1],"12":[4,0],"13":[3,1],"14":[8,0],"15":[6,2],"16":[4,1],"17":[8,0],"18":[7,1],"19":[5,0],"20":[4,1],"21":[10,0],"22":[8,2],"23":[6,1],"24":[9,0],"25":[8,1],"26":[2,0],"27":[2,0],"28":[5,0],"29":[3,2],"30":[8,0],"31":[5,3],"32":[2,2],"33":[8,0],"34":[6,2],"35":[4,0],"36":[3,1],"37":[8,0],"38":[6,2],"39":[4,1],"40":[9,0],"41":[8,1],"42":[41,26],"43":[17,28],"44":[4,11],"45":[6,5],"46":[6,0]},"f":{"1":54,"2":72,"3":55,"4":19,"5":1,"6":3,"7":6,"8":7,"9":3,"10":6,"11":7,"12":4,"13":8,"14":8,"15":2,"16":3,"17":5,"18":6,"19":3,"20":6,"21":8,"22":16,"23":67,"24":15,"25":6},"fnMap":{"1":{"name":"constructor","line":36,"loc":{"start":{"line":36,"column":4},"end":{"line":39,"column":4}}},"2":{"name":"onlyAdmin","line":41,"loc":{"start":{"line":41,"column":4},"end":{"line":44,"column":4}}},"3":{"name":"onlySigner","line":46,"loc":{"start":{"line":46,"column":4},"end":{"line":49,"column":4}}},"4":{"name":"initialize","line":51,"loc":{"start":{"line":51,"column":4},"end":{"line":60,"column":4}}},"5":{"name":"signersLength","line":62,"loc":{"start":{"line":62,"column":4},"end":{"line":64,"column":4}}},"6":{"name":"signalApprove","line":66,"loc":{"start":{"line":66,"column":4},"end":{"line":72,"column":4}}},"7":{"name":"signApprove","line":74,"loc":{"start":{"line":74,"column":4},"end":{"line":80,"column":4}}},"8":{"name":"approve","line":82,"loc":{"start":{"line":82,"column":4},"end":{"line":89,"column":4}}},"9":{"name":"signalApproveNFT","line":91,"loc":{"start":{"line":91,"column":4},"end":{"line":97,"column":4}}},"10":{"name":"signApproveNFT","line":99,"loc":{"start":{"line":99,"column":4},"end":{"line":105,"column":4}}},"11":{"name":"approveNFT","line":107,"loc":{"start":{"line":107,"column":4},"end":{"line":114,"column":4}}},"12":{"name":"signalApproveNFTs","line":116,"loc":{"start":{"line":116,"column":4},"end":{"line":122,"column":4}}},"13":{"name":"signApproveNFTs","line":124,"loc":{"start":{"line":124,"column":4},"end":{"line":130,"column":4}}},"14":{"name":"approveNFTs","line":132,"loc":{"start":{"line":132,"column":4},"end":{"line":141,"column":4}}},"15":{"name":"receiveNFTs","line":143,"loc":{"start":{"line":143,"column":4},"end":{"line":147,"column":4}}},"16":{"name":"signalSetAdmin","line":149,"loc":{"start":{"line":149,"column":4},"end":{"line":156,"column":4}}},"17":{"name":"signSetAdmin","line":158,"loc":{"start":{"line":158,"column":4},"end":{"line":164,"column":4}}},"18":{"name":"setAdmin","line":166,"loc":{"start":{"line":166,"column":4},"end":{"line":173,"column":4}}},"19":{"name":"signalSetGov","line":175,"loc":{"start":{"line":175,"column":4},"end":{"line":182,"column":4}}},"20":{"name":"signSetGov","line":184,"loc":{"start":{"line":184,"column":4},"end":{"line":190,"column":4}}},"21":{"name":"setGov","line":192,"loc":{"start":{"line":192,"column":4},"end":{"line":199,"column":4}}},"22":{"name":"_setPendingAction","line":201,"loc":{"start":{"line":201,"column":4},"end":{"line":204,"column":4}}},"23":{"name":"_validateAction","line":206,"loc":{"start":{"line":206,"column":4},"end":{"line":208,"column":4}}},"24":{"name":"_validateAuthorization","line":210,"loc":{"start":{"line":210,"column":4},"end":{"line":223,"column":4}}},"25":{"name":"_clearAction","line":225,"loc":{"start":{"line":225,"column":4},"end":{"line":229,"column":4}}}},"statementMap":{"1":{"start":{"line":42,"column":8},"end":{"line":42,"column":62}},"2":{"start":{"line":47,"column":8},"end":{"line":47,"column":63}},"3":{"start":{"line":52,"column":8},"end":{"line":52,"column":67}},"4":{"start":{"line":56,"column":8},"end":{"line":56,"column":2019}},"5":{"start":{"line":57,"column":12},"end":{"line":57,"column":40}},"6":{"start":{"line":63,"column":8},"end":{"line":63,"column":29}},"7":{"start":{"line":68,"column":8},"end":{"line":68,"column":36}},"8":{"start":{"line":69,"column":8},"end":{"line":69,"column":97}},"9":{"start":{"line":70,"column":8},"end":{"line":70,"column":39}},"10":{"start":{"line":71,"column":8},"end":{"line":71,"column":68}},"11":{"start":{"line":75,"column":8},"end":{"line":75,"column":98}},"12":{"start":{"line":76,"column":8},"end":{"line":76,"column":30}},"13":{"start":{"line":77,"column":8},"end":{"line":77,"column":82}},"14":{"start":{"line":79,"column":8},"end":{"line":79,"column":39}},"15":{"start":{"line":83,"column":8},"end":{"line":83,"column":98}},"16":{"start":{"line":84,"column":8},"end":{"line":84,"column":30}},"17":{"start":{"line":85,"column":8},"end":{"line":85,"column":37}},"18":{"start":{"line":87,"column":8},"end":{"line":87,"column":48}},"19":{"start":{"line":88,"column":8},"end":{"line":88,"column":35}},"20":{"start":{"line":93,"column":8},"end":{"line":93,"column":36}},"21":{"start":{"line":94,"column":8},"end":{"line":94,"column":101}},"22":{"start":{"line":95,"column":8},"end":{"line":95,"column":39}},"23":{"start":{"line":96,"column":8},"end":{"line":96,"column":72}},"24":{"start":{"line":100,"column":8},"end":{"line":100,"column":102}},"25":{"start":{"line":101,"column":8},"end":{"line":101,"column":30}},"26":{"start":{"line":102,"column":8},"end":{"line":102,"column":82}},"27":{"start":{"line":104,"column":8},"end":{"line":104,"column":39}},"28":{"start":{"line":108,"column":8},"end":{"line":108,"column":102}},"29":{"start":{"line":109,"column":8},"end":{"line":109,"column":30}},"30":{"start":{"line":110,"column":8},"end":{"line":110,"column":37}},"31":{"start":{"line":112,"column":8},"end":{"line":112,"column":50}},"32":{"start":{"line":113,"column":8},"end":{"line":113,"column":35}},"33":{"start":{"line":118,"column":8},"end":{"line":118,"column":36}},"34":{"start":{"line":119,"column":8},"end":{"line":119,"column":103}},"35":{"start":{"line":120,"column":8},"end":{"line":120,"column":39}},"36":{"start":{"line":121,"column":8},"end":{"line":121,"column":74}},"37":{"start":{"line":125,"column":8},"end":{"line":125,"column":104}},"38":{"start":{"line":126,"column":8},"end":{"line":126,"column":30}},"39":{"start":{"line":127,"column":8},"end":{"line":127,"column":82}},"40":{"start":{"line":129,"column":8},"end":{"line":129,"column":39}},"41":{"start":{"line":133,"column":8},"end":{"line":133,"column":104}},"42":{"start":{"line":134,"column":8},"end":{"line":134,"column":30}},"43":{"start":{"line":135,"column":8},"end":{"line":135,"column":37}},"44":{"start":{"line":137,"column":8},"end":{"line":137,"column":6035}},"45":{"start":{"line":138,"column":12},"end":{"line":138,"column":58}},"46":{"start":{"line":140,"column":8},"end":{"line":140,"column":35}},"47":{"start":{"line":144,"column":8},"end":{"line":144,"column":6336}},"48":{"start":{"line":145,"column":12},"end":{"line":145,"column":77}},"49":{"start":{"line":151,"column":8},"end":{"line":151,"column":36}},"50":{"start":{"line":152,"column":8},"end":{"line":152,"column":88}},"51":{"start":{"line":153,"column":8},"end":{"line":153,"column":39}},"52":{"start":{"line":155,"column":8},"end":{"line":155,"column":59}},"53":{"start":{"line":159,"column":8},"end":{"line":159,"column":89}},"54":{"start":{"line":160,"column":8},"end":{"line":160,"column":30}},"55":{"start":{"line":161,"column":8},"end":{"line":161,"column":82}},"56":{"start":{"line":163,"column":8},"end":{"line":163,"column":39}},"57":{"start":{"line":167,"column":8},"end":{"line":167,"column":89}},"58":{"start":{"line":168,"column":8},"end":{"line":168,"column":30}},"59":{"start":{"line":169,"column":8},"end":{"line":169,"column":37}},"60":{"start":{"line":171,"column":8},"end":{"line":171,"column":42}},"61":{"start":{"line":172,"column":8},"end":{"line":172,"column":35}},"62":{"start":{"line":177,"column":8},"end":{"line":177,"column":36}},"63":{"start":{"line":178,"column":8},"end":{"line":178,"column":101}},"64":{"start":{"line":179,"column":8},"end":{"line":179,"column":39}},"65":{"start":{"line":181,"column":8},"end":{"line":181,"column":66}},"66":{"start":{"line":185,"column":8},"end":{"line":185,"column":102}},"67":{"start":{"line":186,"column":8},"end":{"line":186,"column":30}},"68":{"start":{"line":187,"column":8},"end":{"line":187,"column":82}},"69":{"start":{"line":189,"column":8},"end":{"line":189,"column":39}},"70":{"start":{"line":193,"column":8},"end":{"line":193,"column":102}},"71":{"start":{"line":194,"column":8},"end":{"line":194,"column":30}},"72":{"start":{"line":195,"column":8},"end":{"line":195,"column":37}},"73":{"start":{"line":197,"column":8},"end":{"line":197,"column":55}},"74":{"start":{"line":198,"column":8},"end":{"line":198,"column":35}},"75":{"start":{"line":203,"column":8},"end":{"line":203,"column":49}},"76":{"start":{"line":207,"column":8},"end":{"line":207,"column":77}},"77":{"start":{"line":211,"column":8},"end":{"line":211,"column":25}},"78":{"start":{"line":212,"column":8},"end":{"line":212,"column":9448}},"79":{"start":{"line":213,"column":12},"end":{"line":213,"column":39}},"80":{"start":{"line":214,"column":12},"end":{"line":214,"column":9554}},"81":{"start":{"line":219,"column":8},"end":{"line":219,"column":9651}},"82":{"start":{"line":220,"column":12},"end":{"line":220,"column":56}},"83":{"start":{"line":222,"column":8},"end":{"line":222,"column":86}},"84":{"start":{"line":226,"column":8},"end":{"line":226,"column":72}},"85":{"start":{"line":228,"column":8},"end":{"line":228,"column":41}}},"branchMap":{"1":{"line":42,"type":"if","locations":[{"start":{"line":42,"column":8},"end":{"line":42,"column":8}},{"start":{"line":42,"column":8},"end":{"line":42,"column":8}}]},"2":{"line":47,"type":"if","locations":[{"start":{"line":47,"column":8},"end":{"line":47,"column":8}},{"start":{"line":47,"column":8},"end":{"line":47,"column":8}}]},"3":{"line":51,"type":"if","locations":[{"start":{"line":51,"column":66},"end":{"line":51,"column":66}},{"start":{"line":51,"column":66},"end":{"line":51,"column":66}}]},"4":{"line":52,"type":"if","locations":[{"start":{"line":52,"column":8},"end":{"line":52,"column":8}},{"start":{"line":52,"column":8},"end":{"line":52,"column":8}}]},"5":{"line":66,"type":"if","locations":[{"start":{"line":66,"column":87},"end":{"line":66,"column":87}},{"start":{"line":66,"column":87},"end":{"line":66,"column":87}}]},"6":{"line":66,"type":"if","locations":[{"start":{"line":66,"column":100},"end":{"line":66,"column":100}},{"start":{"line":66,"column":100},"end":{"line":66,"column":100}}]},"7":{"line":74,"type":"if","locations":[{"start":{"line":74,"column":101},"end":{"line":74,"column":101}},{"start":{"line":74,"column":101},"end":{"line":74,"column":101}}]},"8":{"line":74,"type":"if","locations":[{"start":{"line":74,"column":114},"end":{"line":74,"column":114}},{"start":{"line":74,"column":114},"end":{"line":74,"column":114}}]},"9":{"line":77,"type":"if","locations":[{"start":{"line":77,"column":8},"end":{"line":77,"column":8}},{"start":{"line":77,"column":8},"end":{"line":77,"column":8}}]},"10":{"line":82,"type":"if","locations":[{"start":{"line":82,"column":97},"end":{"line":82,"column":97}},{"start":{"line":82,"column":97},"end":{"line":82,"column":97}}]},"11":{"line":82,"type":"if","locations":[{"start":{"line":82,"column":110},"end":{"line":82,"column":110}},{"start":{"line":82,"column":110},"end":{"line":82,"column":110}}]},"12":{"line":91,"type":"if","locations":[{"start":{"line":91,"column":91},"end":{"line":91,"column":91}},{"start":{"line":91,"column":91},"end":{"line":91,"column":91}}]},"13":{"line":91,"type":"if","locations":[{"start":{"line":91,"column":104},"end":{"line":91,"column":104}},{"start":{"line":91,"column":104},"end":{"line":91,"column":104}}]},"14":{"line":99,"type":"if","locations":[{"start":{"line":99,"column":105},"end":{"line":99,"column":105}},{"start":{"line":99,"column":105},"end":{"line":99,"column":105}}]},"15":{"line":99,"type":"if","locations":[{"start":{"line":99,"column":118},"end":{"line":99,"column":118}},{"start":{"line":99,"column":118},"end":{"line":99,"column":118}}]},"16":{"line":102,"type":"if","locations":[{"start":{"line":102,"column":8},"end":{"line":102,"column":8}},{"start":{"line":102,"column":8},"end":{"line":102,"column":8}}]},"17":{"line":107,"type":"if","locations":[{"start":{"line":107,"column":101},"end":{"line":107,"column":101}},{"start":{"line":107,"column":101},"end":{"line":107,"column":101}}]},"18":{"line":107,"type":"if","locations":[{"start":{"line":107,"column":114},"end":{"line":107,"column":114}},{"start":{"line":107,"column":114},"end":{"line":107,"column":114}}]},"19":{"line":116,"type":"if","locations":[{"start":{"line":116,"column":102},"end":{"line":116,"column":102}},{"start":{"line":116,"column":102},"end":{"line":116,"column":102}}]},"20":{"line":116,"type":"if","locations":[{"start":{"line":116,"column":115},"end":{"line":116,"column":115}},{"start":{"line":116,"column":115},"end":{"line":116,"column":115}}]},"21":{"line":124,"type":"if","locations":[{"start":{"line":124,"column":116},"end":{"line":124,"column":116}},{"start":{"line":124,"column":116},"end":{"line":124,"column":116}}]},"22":{"line":124,"type":"if","locations":[{"start":{"line":124,"column":129},"end":{"line":124,"column":129}},{"start":{"line":124,"column":129},"end":{"line":124,"column":129}}]},"23":{"line":127,"type":"if","locations":[{"start":{"line":127,"column":8},"end":{"line":127,"column":8}},{"start":{"line":127,"column":8},"end":{"line":127,"column":8}}]},"24":{"line":132,"type":"if","locations":[{"start":{"line":132,"column":112},"end":{"line":132,"column":112}},{"start":{"line":132,"column":112},"end":{"line":132,"column":112}}]},"25":{"line":132,"type":"if","locations":[{"start":{"line":132,"column":125},"end":{"line":132,"column":125}},{"start":{"line":132,"column":125},"end":{"line":132,"column":125}}]},"26":{"line":143,"type":"if","locations":[{"start":{"line":143,"column":95},"end":{"line":143,"column":95}},{"start":{"line":143,"column":95},"end":{"line":143,"column":95}}]},"27":{"line":143,"type":"if","locations":[{"start":{"line":143,"column":108},"end":{"line":143,"column":108}},{"start":{"line":143,"column":108},"end":{"line":143,"column":108}}]},"28":{"line":149,"type":"if","locations":[{"start":{"line":149,"column":70},"end":{"line":149,"column":70}},{"start":{"line":149,"column":70},"end":{"line":149,"column":70}}]},"29":{"line":149,"type":"if","locations":[{"start":{"line":149,"column":83},"end":{"line":149,"column":83}},{"start":{"line":149,"column":83},"end":{"line":149,"column":83}}]},"30":{"line":158,"type":"if","locations":[{"start":{"line":158,"column":84},"end":{"line":158,"column":84}},{"start":{"line":158,"column":84},"end":{"line":158,"column":84}}]},"31":{"line":158,"type":"if","locations":[{"start":{"line":158,"column":97},"end":{"line":158,"column":97}},{"start":{"line":158,"column":97},"end":{"line":158,"column":97}}]},"32":{"line":161,"type":"if","locations":[{"start":{"line":161,"column":8},"end":{"line":161,"column":8}},{"start":{"line":161,"column":8},"end":{"line":161,"column":8}}]},"33":{"line":166,"type":"if","locations":[{"start":{"line":166,"column":80},"end":{"line":166,"column":80}},{"start":{"line":166,"column":80},"end":{"line":166,"column":80}}]},"34":{"line":166,"type":"if","locations":[{"start":{"line":166,"column":93},"end":{"line":166,"column":93}},{"start":{"line":166,"column":93},"end":{"line":166,"column":93}}]},"35":{"line":175,"type":"if","locations":[{"start":{"line":175,"column":85},"end":{"line":175,"column":85}},{"start":{"line":175,"column":85},"end":{"line":175,"column":85}}]},"36":{"line":175,"type":"if","locations":[{"start":{"line":175,"column":98},"end":{"line":175,"column":98}},{"start":{"line":175,"column":98},"end":{"line":175,"column":98}}]},"37":{"line":184,"type":"if","locations":[{"start":{"line":184,"column":99},"end":{"line":184,"column":99}},{"start":{"line":184,"column":99},"end":{"line":184,"column":99}}]},"38":{"line":184,"type":"if","locations":[{"start":{"line":184,"column":112},"end":{"line":184,"column":112}},{"start":{"line":184,"column":112},"end":{"line":184,"column":112}}]},"39":{"line":187,"type":"if","locations":[{"start":{"line":187,"column":8},"end":{"line":187,"column":8}},{"start":{"line":187,"column":8},"end":{"line":187,"column":8}}]},"40":{"line":192,"type":"if","locations":[{"start":{"line":192,"column":95},"end":{"line":192,"column":95}},{"start":{"line":192,"column":95},"end":{"line":192,"column":95}}]},"41":{"line":192,"type":"if","locations":[{"start":{"line":192,"column":108},"end":{"line":192,"column":108}},{"start":{"line":192,"column":108},"end":{"line":192,"column":108}}]},"42":{"line":207,"type":"if","locations":[{"start":{"line":207,"column":8},"end":{"line":207,"column":8}},{"start":{"line":207,"column":8},"end":{"line":207,"column":8}}]},"43":{"line":214,"type":"if","locations":[{"start":{"line":214,"column":12},"end":{"line":214,"column":12}},{"start":{"line":214,"column":12},"end":{"line":214,"column":12}}]},"44":{"line":219,"type":"if","locations":[{"start":{"line":219,"column":8},"end":{"line":219,"column":8}},{"start":{"line":219,"column":8},"end":{"line":219,"column":8}}]},"45":{"line":222,"type":"if","locations":[{"start":{"line":222,"column":8},"end":{"line":222,"column":8}},{"start":{"line":222,"column":8},"end":{"line":222,"column":8}}]},"46":{"line":226,"type":"if","locations":[{"start":{"line":226,"column":8},"end":{"line":226,"column":8}},{"start":{"line":226,"column":8},"end":{"line":226,"column":8}}]}}},
"contracts\\access\\ZkeMultisig.sol":{"l":{"96":93,"97":93,"98":93,"99":372,"100":372,"107":209,"108":170,"112":8,"116":3,"117":3,"118":3,"119":3,"120":3,"124":6,"125":6,"126":5,"127":4,"128":4,"132":7,"133":7,"134":3,"136":1,"137":1,"141":3,"142":3,"143":3,"144":3,"145":3,"149":6,"150":6,"151":5,"152":4,"153":4,"157":7,"158":7,"159":3,"161":1,"162":2,"164":1,"168":4,"169":4,"170":4,"171":4,"172":4,"176":8,"177":8,"178":7,"179":6,"180":6,"184":8,"185":8,"186":4,"188":2,"190":2,"194":2,"195":3,"200":4,"201":3,"202":3,"203":3,"204":3,"205":3,"209":6,"210":6,"211":5,"212":4,"213":4,"217":7,"218":7,"219":3,"221":1,"222":2,"224":1,"228":3,"229":3,"230":3,"231":3,"232":3,"236":6,"237":6,"238":5,"239":4,"240":4,"244":7,"245":7,"246":3,"248":1,"249":1,"253":3,"254":3,"255":3,"256":3,"257":3,"261":6,"262":6,"263":5,"264":4,"265":4,"269":8,"270":8,"271":4,"273":2,"274":1,"278":3,"279":3,"280":3,"281":3,"282":3,"286":6,"287":6,"288":5,"289":4,"290":4,"294":7,"295":7,"296":3,"298":1,"299":1,"300":1,"304":2,"305":2,"306":2,"307":2,"308":2,"312":4,"313":4,"314":3,"315":2,"316":2,"320":0,"321":0,"322":0,"324":0,"325":0,"326":0,"332":6,"333":4,"334":4,"335":4,"338":4,"339":4,"346":9,"349":9,"350":8,"354":7,"355":7,"362":8,"365":8,"366":5,"368":2,"369":2,"376":6,"377":4,"378":4,"379":4,"382":4,"383":4,"391":8,"394":8,"395":7,"399":6,"400":6,"408":7,"411":7,"412":4,"414":2,"415":1,"416":1,"419":1,"420":1,"422":2,"426":32,"427":32,"431":131,"435":32,"436":32,"437":129,"438":129,"439":38,"443":32,"444":9,"446":23,"453":12,"454":12,"455":12,"459":1,"460":1,"461":1,"462":0,"464":1,"465":1,"470":1,"471":1,"472":2,"473":1,"476":0},"path":"C:\\Users\\two\\Desktop\\work work\\zkEraFi\\contracts\\access\\ZkeMultisig.sol","s":{"1":93,"2":372,"3":209,"4":8,"5":3,"6":3,"7":3,"8":3,"9":6,"10":6,"11":5,"12":4,"13":7,"14":7,"15":3,"16":1,"17":1,"18":3,"19":3,"20":3,"21":3,"22":6,"23":6,"24":5,"25":4,"26":7,"27":7,"28":3,"29":1,"30":2,"31":1,"32":4,"33":4,"34":4,"35":4,"36":8,"37":8,"38":7,"39":6,"40":8,"41":8,"42":4,"43":2,"44":2,"45":2,"46":3,"47":4,"48":3,"49":3,"50":3,"51":3,"52":6,"53":6,"54":5,"55":4,"56":7,"57":7,"58":3,"59":1,"60":2,"61":1,"62":3,"63":3,"64":3,"65":3,"66":6,"67":6,"68":5,"69":4,"70":7,"71":7,"72":3,"73":1,"74":1,"75":3,"76":3,"77":3,"78":3,"79":6,"80":6,"81":5,"82":4,"83":8,"84":8,"85":4,"86":2,"87":1,"88":3,"89":3,"90":3,"91":3,"92":6,"93":6,"94":5,"95":4,"96":7,"97":7,"98":3,"99":1,"100":1,"101":1,"102":2,"103":2,"104":2,"105":2,"106":4,"107":4,"108":3,"109":2,"110":0,"111":0,"112":0,"113":0,"114":0,"115":0,"116":6,"117":4,"118":4,"119":4,"120":4,"121":9,"122":9,"123":8,"124":7,"125":8,"126":8,"127":5,"128":2,"129":6,"130":4,"131":4,"132":4,"133":4,"134":8,"135":8,"136":7,"137":6,"138":7,"139":7,"140":4,"141":2,"142":1,"143":1,"144":2,"145":32,"146":131,"147":32,"148":32,"149":129,"150":129,"151":32,"152":9,"153":23,"154":12,"155":12,"156":1,"157":1,"158":1,"159":0,"160":1,"161":1,"162":1,"163":2,"164":1,"165":0},"b":{"1":[170,39],"2":[4,0],"3":[3,1],"4":[8,0],"5":[6,2],"6":[4,1],"7":[8,0],"8":[7,1],"9":[4,0],"10":[3,1],"11":[8,0],"12":[6,2],"13":[4,1],"14":[8,0],"15":[7,1],"16":[5,0],"17":[4,1],"18":[10,0],"19":[8,2],"20":[6,1],"21":[9,0],"22":[8,1],"23":[2,0],"24":[2,0],"25":[5,0],"26":[4,1],"27":[3,1],"28":[8,0],"29":[6,2],"30":[4,1],"31":[8,0],"32":[7,1],"33":[4,0],"34":[3,1],"35":[8,0],"36":[6,2],"37":[4,1],"38":[8,0],"39":[7,1],"40":[4,0],"41":[3,1],"42":[8,0],"43":[6,2],"44":[4,1],"45":[9,0],"46":[8,1],"47":[4,0],"48":[3,1],"49":[8,0],"50":[6,2],"51":[4,1],"52":[8,0],"53":[7,1],"54":[1,0],"55":[3,0],"56":[2,1],"57":[6,0],"58":[4,2],"59":[2,1],"60":[0,0],"61":[0,0],"62":[0,0],"63":[7,0],"64":[6,1],"65":[4,2],"66":[11,0],"67":[9,2],"68":[7,1],"69":[9,0],"70":[8,1],"71":[7,0],"72":[6,1],"73":[4,2],"74":[10,0],"75":[8,2],"76":[6,1],"77":[8,0],"78":[7,1],"79":[1,1],"80":[87,44],"81":[38,91],"82":[9,23],"83":[13,10],"84":[12,0],"85":[0,1],"86":[1,1]},"f":{"1":93,"2":209,"3":8,"4":3,"5":6,"6":7,"7":3,"8":6,"9":7,"10":4,"11":8,"12":8,"13":2,"14":4,"15":6,"16":7,"17":3,"18":6,"19":7,"20":3,"21":6,"22":8,"23":3,"24":6,"25":7,"26":2,"27":4,"28":0,"29":6,"30":9,"31":8,"32":6,"33":8,"34":7,"35":32,"36":131,"37":32,"38":12,"39":1,"40":1},"fnMap":{"1":{"name":"constructor","line":92,"loc":{"start":{"line":92,"column":4},"end":{"line":102,"column":4}}},"2":{"name":"onlySigner","line":106,"loc":{"start":{"line":106,"column":4},"end":{"line":109,"column":4}}},"3":{"name":"signersLength","line":111,"loc":{"start":{"line":111,"column":4},"end":{"line":113,"column":4}}},"4":{"name":"signalApprove","line":115,"loc":{"start":{"line":115,"column":4},"end":{"line":121,"column":4}}},"5":{"name":"signApprove","line":123,"loc":{"start":{"line":123,"column":4},"end":{"line":129,"column":4}}},"6":{"name":"approve","line":131,"loc":{"start":{"line":131,"column":4},"end":{"line":138,"column":4}}},"7":{"name":"signalApproveNFTs","line":140,"loc":{"start":{"line":140,"column":4},"end":{"line":146,"column":4}}},"8":{"name":"signApproveNFTs","line":148,"loc":{"start":{"line":148,"column":4},"end":{"line":154,"column":4}}},"9":{"name":"approveNFTs","line":156,"loc":{"start":{"line":156,"column":4},"end":{"line":165,"column":4}}},"10":{"name":"signalApproveAllNFT","line":167,"loc":{"start":{"line":167,"column":4},"end":{"line":173,"column":4}}},"11":{"name":"signApproveAllNFT","line":175,"loc":{"start":{"line":175,"column":4},"end":{"line":181,"column":4}}},"12":{"name":"approveAllNFT","line":183,"loc":{"start":{"line":183,"column":4},"end":{"line":191,"column":4}}},"13":{"name":"receiveNFTs","line":193,"loc":{"start":{"line":193,"column":4},"end":{"line":197,"column":4}}},"14":{"name":"signalTransferNFTs","line":199,"loc":{"start":{"line":199,"column":4},"end":{"line":206,"column":4}}},"15":{"name":"signTransferNFTs","line":208,"loc":{"start":{"line":208,"column":4},"end":{"line":214,"column":4}}},"16":{"name":"transferNFTs","line":216,"loc":{"start":{"line":216,"column":4},"end":{"line":225,"column":4}}},"17":{"name":"signalTransfer","line":227,"loc":{"start":{"line":227,"column":4},"end":{"line":233,"column":4}}},"18":{"name":"signTransfer","line":235,"loc":{"start":{"line":235,"column":4},"end":{"line":241,"column":4}}},"19":{"name":"transfer","line":243,"loc":{"start":{"line":243,"column":4},"end":{"line":250,"column":4}}},"20":{"name":"signalTransferFrom","line":252,"loc":{"start":{"line":252,"column":4},"end":{"line":258,"column":4}}},"21":{"name":"signTransferFrom","line":260,"loc":{"start":{"line":260,"column":4},"end":{"line":266,"column":4}}},"22":{"name":"transferFrom","line":268,"loc":{"start":{"line":268,"column":4},"end":{"line":275,"column":4}}},"23":{"name":"signalTransferETH","line":277,"loc":{"start":{"line":277,"column":4},"end":{"line":283,"column":4}}},"24":{"name":"signTransferETH","line":285,"loc":{"start":{"line":285,"column":4},"end":{"line":291,"column":4}}},"25":{"name":"transferETH","line":293,"loc":{"start":{"line":293,"column":4},"end":{"line":301,"column":4}}},"26":{"name":"signalTransaction","line":303,"loc":{"start":{"line":303,"column":5},"end":{"line":309,"column":4}}},"27":{"name":"signTransaction","line":311,"loc":{"start":{"line":311,"column":4},"end":{"line":317,"column":4}}},"28":{"name":"executeTransaction","line":319,"loc":{"start":{"line":319,"column":4},"end":{"line":327,"column":4}}},"29":{"name":"signalSetMinAuthorizations","line":331,"loc":{"start":{"line":329,"column":4},"end":{"line":340,"column":4}}},"30":{"name":"signSetMinAuthorizations","line":345,"loc":{"start":{"line":342,"column":4},"end":{"line":356,"column":4}}},"31":{"name":"setMinAuthorizations","line":361,"loc":{"start":{"line":358,"column":4},"end":{"line":370,"column":4}}},"32":{"name":"signalSetSigner","line":375,"loc":{"start":{"line":372,"column":4},"end":{"line":384,"column":4}}},"33":{"name":"signSetSigner","line":390,"loc":{"start":{"line":386,"column":4},"end":{"line":401,"column":4}}},"34":{"name":"setSigner","line":407,"loc":{"start":{"line":403,"column":4},"end":{"line":423,"column":4}}},"35":{"name":"_setPendingAction","line":425,"loc":{"start":{"line":425,"column":4},"end":{"line":428,"column":4}}},"36":{"name":"_validateAction","line":430,"loc":{"start":{"line":430,"column":4},"end":{"line":432,"column":4}}},"37":{"name":"_validateAuthorization","line":434,"loc":{"start":{"line":434,"column":4},"end":{"line":450,"column":4}}},"38":{"name":"_clearAction","line":452,"loc":{"start":{"line":452,"column":4},"end":{"line":456,"column":4}}},"39":{"name":"deleteSigner","line":458,"loc":{"start":{"line":458,"column":4},"end":{"line":467,"column":4}}},"40":{"name":"getIndex","line":469,"loc":{"start":{"line":469,"column":4},"end":{"line":477,"column":4}}}},"statementMap":{"1":{"start":{"line":98,"column":8},"end":{"line":98,"column":2502}},"2":{"start":{"line":99,"column":12},"end":{"line":99,"column":40}},"3":{"start":{"line":107,"column":8},"end":{"line":107,"column":62}},"4":{"start":{"line":112,"column":8},"end":{"line":112,"column":29}},"5":{"start":{"line":117,"column":8},"end":{"line":117,"column":36}},"6":{"start":{"line":118,"column":8},"end":{"line":118,"column":97}},"7":{"start":{"line":119,"column":8},"end":{"line":119,"column":39}},"8":{"start":{"line":120,"column":8},"end":{"line":120,"column":68}},"9":{"start":{"line":124,"column":8},"end":{"line":124,"column":98}},"10":{"start":{"line":125,"column":8},"end":{"line":125,"column":30}},"11":{"start":{"line":126,"column":8},"end":{"line":126,"column":81}},"12":{"start":{"line":128,"column":8},"end":{"line":128,"column":39}},"13":{"start":{"line":132,"column":8},"end":{"line":132,"column":98}},"14":{"start":{"line":133,"column":8},"end":{"line":133,"column":30}},"15":{"start":{"line":134,"column":8},"end":{"line":134,"column":37}},"16":{"start":{"line":136,"column":8},"end":{"line":136,"column":48}},"17":{"start":{"line":137,"column":8},"end":{"line":137,"column":35}},"18":{"start":{"line":142,"column":8},"end":{"line":142,"column":36}},"19":{"start":{"line":143,"column":8},"end":{"line":143,"column":103}},"20":{"start":{"line":144,"column":8},"end":{"line":144,"column":39}},"21":{"start":{"line":145,"column":8},"end":{"line":145,"column":74}},"22":{"start":{"line":149,"column":8},"end":{"line":149,"column":104}},"23":{"start":{"line":150,"column":8},"end":{"line":150,"column":30}},"24":{"start":{"line":151,"column":8},"end":{"line":151,"column":81}},"25":{"start":{"line":153,"column":8},"end":{"line":153,"column":39}},"26":{"start":{"line":157,"column":8},"end":{"line":157,"column":104}},"27":{"start":{"line":158,"column":8},"end":{"line":158,"column":30}},"28":{"start":{"line":159,"column":8},"end":{"line":159,"column":37}},"29":{"start":{"line":161,"column":8},"end":{"line":161,"column":5445}},"30":{"start":{"line":162,"column":12},"end":{"line":162,"column":58}},"31":{"start":{"line":164,"column":8},"end":{"line":164,"column":35}},"32":{"start":{"line":169,"column":8},"end":{"line":169,"column":36}},"33":{"start":{"line":170,"column":8},"end":{"line":170,"column":105}},"34":{"start":{"line":171,"column":8},"end":{"line":171,"column":39}},"35":{"start":{"line":172,"column":8},"end":{"line":172,"column":76}},"36":{"start":{"line":176,"column":8},"end":{"line":176,"column":106}},"37":{"start":{"line":177,"column":8},"end":{"line":177,"column":30}},"38":{"start":{"line":178,"column":8},"end":{"line":178,"column":81}},"39":{"start":{"line":180,"column":8},"end":{"line":180,"column":39}},"40":{"start":{"line":184,"column":8},"end":{"line":184,"column":106}},"41":{"start":{"line":185,"column":8},"end":{"line":185,"column":30}},"42":{"start":{"line":186,"column":8},"end":{"line":186,"column":37}},"43":{"start":{"line":188,"column":8},"end":{"line":188,"column":61}},"44":{"start":{"line":190,"column":8},"end":{"line":190,"column":35}},"45":{"start":{"line":194,"column":8},"end":{"line":194,"column":7106}},"46":{"start":{"line":195,"column":12},"end":{"line":195,"column":77}},"47":{"start":{"line":200,"column":8},"end":{"line":200,"column":84}},"48":{"start":{"line":202,"column":8},"end":{"line":202,"column":36}},"49":{"start":{"line":203,"column":8},"end":{"line":203,"column":106}},"50":{"start":{"line":204,"column":8},"end":{"line":204,"column":39}},"51":{"start":{"line":205,"column":8},"end":{"line":205,"column":77}},"52":{"start":{"line":209,"column":8},"end":{"line":209,"column":107}},"53":{"start":{"line":210,"column":8},"end":{"line":210,"column":30}},"54":{"start":{"line":211,"column":8},"end":{"line":211,"column":81}},"55":{"start":{"line":213,"column":8},"end":{"line":213,"column":39}},"56":{"start":{"line":217,"column":8},"end":{"line":217,"column":107}},"57":{"start":{"line":218,"column":8},"end":{"line":218,"column":30}},"58":{"start":{"line":219,"column":8},"end":{"line":219,"column":37}},"59":{"start":{"line":221,"column":8},"end":{"line":221,"column":8663}},"60":{"start":{"line":222,"column":12},"end":{"line":222,"column":83}},"61":{"start":{"line":224,"column":8},"end":{"line":224,"column":35}},"62":{"start":{"line":229,"column":8},"end":{"line":229,"column":36}},"63":{"start":{"line":230,"column":8},"end":{"line":230,"column":93}},"64":{"start":{"line":231,"column":8},"end":{"line":231,"column":39}},"65":{"start":{"line":232,"column":8},"end":{"line":232,"column":64}},"66":{"start":{"line":236,"column":8},"end":{"line":236,"column":94}},"67":{"start":{"line":237,"column":8},"end":{"line":237,"column":30}},"68":{"start":{"line":238,"column":8},"end":{"line":238,"column":81}},"69":{"start":{"line":240,"column":8},"end":{"line":240,"column":39}},"70":{"start":{"line":244,"column":8},"end":{"line":244,"column":94}},"71":{"start":{"line":245,"column":8},"end":{"line":245,"column":30}},"72":{"start":{"line":246,"column":8},"end":{"line":246,"column":37}},"73":{"start":{"line":248,"column":8},"end":{"line":248,"column":44}},"74":{"start":{"line":249,"column":8},"end":{"line":249,"column":35}},"75":{"start":{"line":254,"column":8},"end":{"line":254,"column":36}},"76":{"start":{"line":255,"column":8},"end":{"line":255,"column":104}},"77":{"start":{"line":256,"column":8},"end":{"line":256,"column":39}},"78":{"start":{"line":257,"column":8},"end":{"line":257,"column":75}},"79":{"start":{"line":261,"column":8},"end":{"line":261,"column":105}},"80":{"start":{"line":262,"column":8},"end":{"line":262,"column":30}},"81":{"start":{"line":263,"column":8},"end":{"line":263,"column":81}},"82":{"start":{"line":265,"column":8},"end":{"line":265,"column":39}},"83":{"start":{"line":269,"column":8},"end":{"line":269,"column":105}},"84":{"start":{"line":270,"column":8},"end":{"line":270,"column":30}},"85":{"start":{"line":271,"column":8},"end":{"line":271,"column":37}},"86":{"start":{"line":273,"column":8},"end":{"line":273,"column":55}},"87":{"start":{"line":274,"column":8},"end":{"line":274,"column":35}},"88":{"start":{"line":279,"column":8},"end":{"line":279,"column":36}},"89":{"start":{"line":280,"column":8},"end":{"line":280,"column":88}},"90":{"start":{"line":281,"column":8},"end":{"line":281,"column":39}},"91":{"start":{"line":282,"column":8},"end":{"line":282,"column":59}},"92":{"start":{"line":286,"column":8},"end":{"line":286,"column":89}},"93":{"start":{"line":287,"column":8},"end":{"line":287,"column":30}},"94":{"start":{"line":288,"column":8},"end":{"line":288,"column":81}},"95":{"start":{"line":290,"column":8},"end":{"line":290,"column":39}},"96":{"start":{"line":294,"column":8},"end":{"line":294,"column":89}},"97":{"start":{"line":295,"column":8},"end":{"line":295,"column":30}},"98":{"start":{"line":296,"column":8},"end":{"line":296,"column":37}},"99":{"start":{"line":298,"column":8},"end":{"line":298,"column":53}},"100":{"start":{"line":299,"column":8},"end":{"line":299,"column":51}},"101":{"start":{"line":300,"column":8},"end":{"line":300,"column":35}},"102":{"start":{"line":305,"column":8},"end":{"line":305,"column":36}},"103":{"start":{"line":306,"column":8},"end":{"line":306,"column":79}},"104":{"start":{"line":307,"column":8},"end":{"line":307,"column":39}},"105":{"start":{"line":308,"column":8},"end":{"line":308,"column":65}},"106":{"start":{"line":312,"column":8},"end":{"line":312,"column":80}},"107":{"start":{"line":313,"column":8},"end":{"line":313,"column":30}},"108":{"start":{"line":314,"column":8},"end":{"line":314,"column":81}},"109":{"start":{"line":316,"column":8},"end":{"line":316,"column":39}},"110":{"start":{"line":320,"column":8},"end":{"line":320,"column":80}},"111":{"start":{"line":321,"column":8},"end":{"line":321,"column":30}},"112":{"start":{"line":322,"column":8},"end":{"line":322,"column":37}},"113":{"start":{"line":324,"column":8},"end":{"line":324,"column":55}},"114":{"start":{"line":325,"column":8},"end":{"line":325,"column":51}},"115":{"start":{"line":326,"column":8},"end":{"line":326,"column":35}},"116":{"start":{"line":332,"column":8},"end":{"line":332,"column":122}},"117":{"start":{"line":334,"column":8},"end":{"line":334,"column":36}},"118":{"start":{"line":335,"column":8},"end":{"line":335,"column":14356}},"119":{"start":{"line":338,"column":8},"end":{"line":338,"column":39}},"120":{"start":{"line":339,"column":8},"end":{"line":339,"column":74}},"121":{"start":{"line":346,"column":8},"end":{"line":346,"column":14767}},"122":{"start":{"line":349,"column":8},"end":{"line":349,"column":30}},"123":{"start":{"line":350,"column":8},"end":{"line":350,"column":14931}},"124":{"start":{"line":355,"column":8},"end":{"line":355,"column":39}},"125":{"start":{"line":362,"column":8},"end":{"line":362,"column":15304}},"126":{"start":{"line":365,"column":8},"end":{"line":365,"column":30}},"127":{"start":{"line":366,"column":8},"end":{"line":366,"column":37}},"128":{"start":{"line":369,"column":8},"end":{"line":369,"column":35}},"129":{"start":{"line":376,"column":8},"end":{"line":376,"column":81}},"130":{"start":{"line":378,"column":8},"end":{"line":378,"column":36}},"131":{"start":{"line":379,"column":8},"end":{"line":379,"column":15890}},"132":{"start":{"line":382,"column":8},"end":{"line":382,"column":39}},"133":{"start":{"line":383,"column":8},"end":{"line":383,"column":63}},"134":{"start":{"line":391,"column":8},"end":{"line":391,"column":16282}},"135":{"start":{"line":394,"column":8},"end":{"line":394,"column":30}},"136":{"start":{"line":395,"column":8},"end":{"line":395,"column":16435}},"137":{"start":{"line":400,"column":8},"end":{"line":400,"column":39}},"138":{"start":{"line":408,"column":8},"end":{"line":408,"column":16811}},"139":{"start":{"line":411,"column":8},"end":{"line":411,"column":30}},"140":{"start":{"line":412,"column":8},"end":{"line":412,"column":37}},"141":{"start":{"line":414,"column":8},"end":{"line":414,"column":17007}},"142":{"start":{"line":415,"column":12},"end":{"line":415,"column":32}},"143":{"start":{"line":419,"column":12},"end":{"line":419,"column":32}},"144":{"start":{"line":422,"column":8},"end":{"line":422,"column":35}},"145":{"start":{"line":427,"column":8},"end":{"line":427,"column":49}},"146":{"start":{"line":431,"column":8},"end":{"line":431,"column":76}},"147":{"start":{"line":435,"column":8},"end":{"line":435,"column":25}},"148":{"start":{"line":436,"column":8},"end":{"line":436,"column":17692}},"149":{"start":{"line":437,"column":12},"end":{"line":437,"column":39}},"150":{"start":{"line":438,"column":12},"end":{"line":438,"column":17798}},"151":{"start":{"line":443,"column":8},"end":{"line":443,"column":17895}},"152":{"start":{"line":444,"column":12},"end":{"line":444,"column":55}},"153":{"start":{"line":446,"column":8},"end":{"line":446,"column":17992}},"154":{"start":{"line":453,"column":8},"end":{"line":453,"column":71}},"155":{"start":{"line":455,"column":8},"end":{"line":455,"column":41}},"156":{"start":{"line":459,"column":8},"end":{"line":459,"column":47}},"157":{"start":{"line":460,"column":8},"end":{"line":460,"column":45}},"158":{"start":{"line":461,"column":8},"end":{"line":461,"column":18518}},"159":{"start":{"line":462,"column":12},"end":{"line":462,"column":24}},"160":{"start":{"line":465,"column":12},"end":{"line":465,"column":24}},"161":{"start":{"line":470,"column":8},"end":{"line":470,"column":43}},"162":{"start":{"line":471,"column":8},"end":{"line":471,"column":18826}},"163":{"start":{"line":472,"column":12},"end":{"line":472,"column":18891}},"164":{"start":{"line":473,"column":16},"end":{"line":473,"column":24}},"165":{"start":{"line":476,"column":8},"end":{"line":476,"column":46}}},"branchMap":{"1":{"line":107,"type":"if","locations":[{"start":{"line":107,"column":8},"end":{"line":107,"column":8}},{"start":{"line":107,"column":8},"end":{"line":107,"column":8}}]},"2":{"line":115,"type":"if","locations":[{"start":{"line":115,"column":96},"end":{"line":115,"column":96}},{"start":{"line":115,"column":96},"end":{"line":115,"column":96}}]},"3":{"line":115,"type":"if","locations":[{"start":{"line":115,"column":109},"end":{"line":115,"column":109}},{"start":{"line":115,"column":109},"end":{"line":115,"column":109}}]},"4":{"line":123,"type":"if","locations":[{"start":{"line":123,"column":110},"end":{"line":123,"column":110}},{"start":{"line":123,"column":110},"end":{"line":123,"column":110}}]},"5":{"line":123,"type":"if","locations":[{"start":{"line":123,"column":123},"end":{"line":123,"column":123}},{"start":{"line":123,"column":123},"end":{"line":123,"column":123}}]},"6":{"line":126,"type":"if","locations":[{"start":{"line":126,"column":8},"end":{"line":126,"column":8}},{"start":{"line":126,"column":8},"end":{"line":126,"column":8}}]},"7":{"line":131,"type":"if","locations":[{"start":{"line":131,"column":106},"end":{"line":131,"column":106}},{"start":{"line":131,"column":106},"end":{"line":131,"column":106}}]},"8":{"line":131,"type":"if","locations":[{"start":{"line":131,"column":119},"end":{"line":131,"column":119}},{"start":{"line":131,"column":119},"end":{"line":131,"column":119}}]},"9":{"line":140,"type":"if","locations":[{"start":{"line":140,"column":111},"end":{"line":140,"column":111}},{"start":{"line":140,"column":111},"end":{"line":140,"column":111}}]},"10":{"line":140,"type":"if","locations":[{"start":{"line":140,"column":124},"end":{"line":140,"column":124}},{"start":{"line":140,"column":124},"end":{"line":140,"column":124}}]},"11":{"line":148,"type":"if","locations":[{"start":{"line":148,"column":125},"end":{"line":148,"column":125}},{"start":{"line":148,"column":125},"end":{"line":148,"column":125}}]},"12":{"line":148,"type":"if","locations":[{"start":{"line":148,"column":138},"end":{"line":148,"column":138}},{"start":{"line":148,"column":138},"end":{"line":148,"column":138}}]},"13":{"line":151,"type":"if","locations":[{"start":{"line":151,"column":8},"end":{"line":151,"column":8}},{"start":{"line":151,"column":8},"end":{"line":151,"column":8}}]},"14":{"line":156,"type":"if","locations":[{"start":{"line":156,"column":121},"end":{"line":156,"column":121}},{"start":{"line":156,"column":121},"end":{"line":156,"column":121}}]},"15":{"line":156,"type":"if","locations":[{"start":{"line":156,"column":134},"end":{"line":156,"column":134}},{"start":{"line":156,"column":134},"end":{"line":156,"column":134}}]},"16":{"line":167,"type":"if","locations":[{"start":{"line":167,"column":101},"end":{"line":167,"column":101}},{"start":{"line":167,"column":101},"end":{"line":167,"column":101}}]},"17":{"line":167,"type":"if","locations":[{"start":{"line":167,"column":114},"end":{"line":167,"column":114}},{"start":{"line":167,"column":114},"end":{"line":167,"column":114}}]},"18":{"line":175,"type":"if","locations":[{"start":{"line":175,"column":115},"end":{"line":175,"column":115}},{"start":{"line":175,"column":115},"end":{"line":175,"column":115}}]},"19":{"line":175,"type":"if","locations":[{"start":{"line":175,"column":128},"end":{"line":175,"column":128}},{"start":{"line":175,"column":128},"end":{"line":175,"column":128}}]},"20":{"line":178,"type":"if","locations":[{"start":{"line":178,"column":8},"end":{"line":178,"column":8}},{"start":{"line":178,"column":8},"end":{"line":178,"column":8}}]},"21":{"line":183,"type":"if","locations":[{"start":{"line":183,"column":111},"end":{"line":183,"column":111}},{"start":{"line":183,"column":111},"end":{"line":183,"column":111}}]},"22":{"line":183,"type":"if","locations":[{"start":{"line":183,"column":124},"end":{"line":183,"column":124}},{"start":{"line":183,"column":124},"end":{"line":183,"column":124}}]},"23":{"line":193,"type":"if","locations":[{"start":{"line":193,"column":104},"end":{"line":193,"column":104}},{"start":{"line":193,"column":104},"end":{"line":193,"column":104}}]},"24":{"line":193,"type":"if","locations":[{"start":{"line":193,"column":117},"end":{"line":193,"column":117}},{"start":{"line":193,"column":117},"end":{"line":193,"column":117}}]},"25":{"line":199,"type":"if","locations":[{"start":{"line":199,"column":127},"end":{"line":199,"column":127}},{"start":{"line":199,"column":127},"end":{"line":199,"column":127}}]},"26":{"line":199,"type":"if","locations":[{"start":{"line":199,"column":140},"end":{"line":199,"column":140}},{"start":{"line":199,"column":140},"end":{"line":199,"column":140}}]},"27":{"line":200,"type":"if","locations":[{"start":{"line":200,"column":8},"end":{"line":200,"column":8}},{"start":{"line":200,"column":8},"end":{"line":200,"column":8}}]},"28":{"line":208,"type":"if","locations":[{"start":{"line":208,"column":141},"end":{"line":208,"column":141}},{"start":{"line":208,"column":141},"end":{"line":208,"column":141}}]},"29":{"line":208,"type":"if","locations":[{"start":{"line":208,"column":154},"end":{"line":208,"column":154}},{"start":{"line":208,"column":154},"end":{"line":208,"column":154}}]},"30":{"line":211,"type":"if","locations":[{"start":{"line":211,"column":8},"end":{"line":211,"column":8}},{"start":{"line":211,"column":8},"end":{"line":211,"column":8}}]},"31":{"line":216,"type":"if","locations":[{"start":{"line":216,"column":137},"end":{"line":216,"column":137}},{"start":{"line":216,"column":137},"end":{"line":216,"column":137}}]},"32":{"line":216,"type":"if","locations":[{"start":{"line":216,"column":150},"end":{"line":216,"column":150}},{"start":{"line":216,"column":150},"end":{"line":216,"column":150}}]},"33":{"line":227,"type":"if","locations":[{"start":{"line":227,"column":92},"end":{"line":227,"column":92}},{"start":{"line":227,"column":92},"end":{"line":227,"column":92}}]},"34":{"line":227,"type":"if","locations":[{"start":{"line":227,"column":105},"end":{"line":227,"column":105}},{"start":{"line":227,"column":105},"end":{"line":227,"column":105}}]},"35":{"line":235,"type":"if","locations":[{"start":{"line":235,"column":106},"end":{"line":235,"column":106}},{"start":{"line":235,"column":106},"end":{"line":235,"column":106}}]},"36":{"line":235,"type":"if","locations":[{"start":{"line":235,"column":119},"end":{"line":235,"column":119}},{"start":{"line":235,"column":119},"end":{"line":235,"column":119}}]},"37":{"line":238,"type":"if","locations":[{"start":{"line":238,"column":8},"end":{"line":238,"column":8}},{"start":{"line":238,"column":8},"end":{"line":238,"column":8}}]},"38":{"line":243,"type":"if","locations":[{"start":{"line":243,"column":102},"end":{"line":243,"column":102}},{"start":{"line":243,"column":102},"end":{"line":243,"column":102}}]},"39":{"line":243,"type":"if","locations":[{"start":{"line":243,"column":115},"end":{"line":243,"column":115}},{"start":{"line":243,"column":115},"end":{"line":243,"column":115}}]},"40":{"line":252,"type":"if","locations":[{"start":{"line":252,"column":111},"end":{"line":252,"column":111}},{"start":{"line":252,"column":111},"end":{"line":252,"column":111}}]},"41":{"line":252,"type":"if","locations":[{"start":{"line":252,"column":124},"end":{"line":252,"column":124}},{"start":{"line":252,"column":124},"end":{"line":252,"column":124}}]},"42":{"line":260,"type":"if","locations":[{"start":{"line":260,"column":125},"end":{"line":260,"column":125}},{"start":{"line":260,"column":125},"end":{"line":260,"column":125}}]},"43":{"line":260,"type":"if","locations":[{"start":{"line":260,"column":138},"end":{"line":260,"column":138}},{"start":{"line":260,"column":138},"end":{"line":260,"column":138}}]},"44":{"line":263,"type":"if","locations":[{"start":{"line":263,"column":8},"end":{"line":263,"column":8}},{"start":{"line":263,"column":8},"end":{"line":263,"column":8}}]},"45":{"line":268,"type":"if","locations":[{"start":{"line":268,"column":121},"end":{"line":268,"column":121}},{"start":{"line":268,"column":121},"end":{"line":268,"column":121}}]},"46":{"line":268,"type":"if","locations":[{"start":{"line":268,"column":134},"end":{"line":268,"column":134}},{"start":{"line":268,"column":134},"end":{"line":268,"column":134}}]},"47":{"line":277,"type":"if","locations":[{"start":{"line":277,"column":79},"end":{"line":277,"column":79}},{"start":{"line":277,"column":79},"end":{"line":277,"column":79}}]},"48":{"line":277,"type":"if","locations":[{"start":{"line":277,"column":92},"end":{"line":277,"column":92}},{"start":{"line":277,"column":92},"end":{"line":277,"column":92}}]},"49":{"line":285,"type":"if","locations":[{"start":{"line":285,"column":93},"end":{"line":285,"column":93}},{"start":{"line":285,"column":93},"end":{"line":285,"column":93}}]},"50":{"line":285,"type":"if","locations":[{"start":{"line":285,"column":106},"end":{"line":285,"column":106}},{"start":{"line":285,"column":106},"end":{"line":285,"column":106}}]},"51":{"line":288,"type":"if","locations":[{"start":{"line":288,"column":8},"end":{"line":288,"column":8}},{"start":{"line":288,"column":8},"end":{"line":288,"column":8}}]},"52":{"line":293,"type":"if","locations":[{"start":{"line":293,"column":97},"end":{"line":293,"column":97}},{"start":{"line":293,"column":97},"end":{"line":293,"column":97}}]},"53":{"line":293,"type":"if","locations":[{"start":{"line":293,"column":110},"end":{"line":293,"column":110}},{"start":{"line":293,"column":110},"end":{"line":293,"column":110}}]},"54":{"line":299,"type":"if","locations":[{"start":{"line":299,"column":8},"end":{"line":299,"column":8}},{"start":{"line":299,"column":8},"end":{"line":299,"column":8}}]},"55":{"line":303,"type":"if","locations":[{"start":{"line":303,"column":98},"end":{"line":303,"column":98}},{"start":{"line":303,"column":98},"end":{"line":303,"column":98}}]},"56":{"line":303,"type":"if","locations":[{"start":{"line":303,"column":111},"end":{"line":303,"column":111}},{"start":{"line":303,"column":111},"end":{"line":303,"column":111}}]},"57":{"line":311,"type":"if","locations":[{"start":{"line":311,"column":111},"end":{"line":311,"column":111}},{"start":{"line":311,"column":111},"end":{"line":311,"column":111}}]},"58":{"line":311,"type":"if","locations":[{"start":{"line":311,"column":124},"end":{"line":311,"column":124}},{"start":{"line":311,"column":124},"end":{"line":311,"column":124}}]},"59":{"line":314,"type":"if","locations":[{"start":{"line":314,"column":8},"end":{"line":314,"column":8}},{"start":{"line":314,"column":8},"end":{"line":314,"column":8}}]},"60":{"line":319,"type":"if","locations":[{"start":{"line":319,"column":114},"end":{"line":319,"column":114}},{"start":{"line":319,"column":114},"end":{"line":319,"column":114}}]},"61":{"line":319,"type":"if","locations":[{"start":{"line":319,"column":127},"end":{"line":319,"column":127}},{"start":{"line":319,"column":127},"end":{"line":319,"column":127}}]},"62":{"line":325,"type":"if","locations":[{"start":{"line":325,"column":8},"end":{"line":325,"column":8}},{"start":{"line":325,"column":8},"end":{"line":325,"column":8}}]},"63":{"line":331,"type":"if","locations":[{"start":{"line":331,"column":24},"end":{"line":331,"column":24}},{"start":{"line":331,"column":24},"end":{"line":331,"column":24}}]},"64":{"line":331,"type":"if","locations":[{"start":{"line":331,"column":37},"end":{"line":331,"column":37}},{"start":{"line":331,"column":37},"end":{"line":331,"column":37}}]},"65":{"line":332,"type":"if","locations":[{"start":{"line":332,"column":8},"end":{"line":332,"column":8}},{"start":{"line":332,"column":8},"end":{"line":332,"column":8}}]},"66":{"line":345,"type":"if","locations":[{"start":{"line":345,"column":24},"end":{"line":345,"column":24}},{"start":{"line":345,"column":24},"end":{"line":345,"column":24}}]},"67":{"line":345,"type":"if","locations":[{"start":{"line":345,"column":37},"end":{"line":345,"column":37}},{"start":{"line":345,"column":37},"end":{"line":345,"column":37}}]},"68":{"line":350,"type":"if","locations":[{"start":{"line":350,"column":8},"end":{"line":350,"column":8}},{"start":{"line":350,"column":8},"end":{"line":350,"column":8}}]},"69":{"line":361,"type":"if","locations":[{"start":{"line":361,"column":24},"end":{"line":361,"column":24}},{"start":{"line":361,"column":24},"end":{"line":361,"column":24}}]},"70":{"line":361,"type":"if","locations":[{"start":{"line":361,"column":37},"end":{"line":361,"column":37}},{"start":{"line":361,"column":37},"end":{"line":361,"column":37}}]},"71":{"line":375,"type":"if","locations":[{"start":{"line":375,"column":24},"end":{"line":375,"column":24}},{"start":{"line":375,"column":24},"end":{"line":375,"column":24}}]},"72":{"line":375,"type":"if","locations":[{"start":{"line":375,"column":37},"end":{"line":375,"column":37}},{"start":{"line":375,"column":37},"end":{"line":375,"column":37}}]},"73":{"line":376,"type":"if","locations":[{"start":{"line":376,"column":8},"end":{"line":376,"column":8}},{"start":{"line":376,"column":8},"end":{"line":376,"column":8}}]},"74":{"line":390,"type":"if","locations":[{"start":{"line":390,"column":24},"end":{"line":390,"column":24}},{"start":{"line":390,"column":24},"end":{"line":390,"column":24}}]},"75":{"line":390,"type":"if","locations":[{"start":{"line":390,"column":37},"end":{"line":390,"column":37}},{"start":{"line":390,"column":37},"end":{"line":390,"column":37}}]},"76":{"line":395,"type":"if","locations":[{"start":{"line":395,"column":8},"end":{"line":395,"column":8}},{"start":{"line":395,"column":8},"end":{"line":395,"column":8}}]},"77":{"line":407,"type":"if","locations":[{"start":{"line":407,"column":24},"end":{"line":407,"column":24}},{"start":{"line":407,"column":24},"end":{"line":407,"column":24}}]},"78":{"line":407,"type":"if","locations":[{"start":{"line":407,"column":37},"end":{"line":407,"column":37}},{"start":{"line":407,"column":37},"end":{"line":407,"column":37}}]},"79":{"line":414,"type":"if","locations":[{"start":{"line":414,"column":8},"end":{"line":414,"column":8}},{"start":{"line":414,"column":8},"end":{"line":414,"column":8}}]},"80":{"line":431,"type":"if","locations":[{"start":{"line":431,"column":8},"end":{"line":431,"column":8}},{"start":{"line":431,"column":8},"end":{"line":431,"column":8}}]},"81":{"line":438,"type":"if","locations":[{"start":{"line":438,"column":12},"end":{"line":438,"column":12}},{"start":{"line":438,"column":12},"end":{"line":438,"column":12}}]},"82":{"line":443,"type":"if","locations":[{"start":{"line":443,"column":8},"end":{"line":443,"column":8}},{"start":{"line":443,"column":8},"end":{"line":443,"column":8}}]},"83":{"line":446,"type":"if","locations":[{"start":{"line":446,"column":8},"end":{"line":446,"column":8}},{"start":{"line":446,"column":8},"end":{"line":446,"column":8}}]},"84":{"line":453,"type":"if","locations":[{"start":{"line":453,"column":8},"end":{"line":453,"column":8}},{"start":{"line":453,"column":8},"end":{"line":453,"column":8}}]},"85":{"line":461,"type":"if","locations":[{"start":{"line":461,"column":8},"end":{"line":461,"column":8}},{"start":{"line":461,"column":8},"end":{"line":461,"column":8}}]},"86":{"line":472,"type":"if","locations":[{"start":{"line":472,"column":12},"end":{"line":472,"column":12}},{"start":{"line":472,"column":12},"end":{"line":472,"column":12}}]}}},
"contracts\\amm\\interfaces\\IPancakeFactory.sol":{"l":{},"path":"C:\\Users\\two\\Desktop\\work work\\zkEraFi\\contracts\\amm\\interfaces\\IPancakeFactory.sol","s":{},"b":{},"f":{},"fnMap":{},"statementMap":{},"branchMap":{}},
"contracts\\amm\\interfaces\\IPancakePair.sol":{"l":{},"path":"C:\\Users\\two\\Desktop\\work work\\zkEraFi\\contracts\\amm\\interfaces\\IPancakePair.sol","s":{},"b":{},"f":{},"fnMap":{},"statementMap":{},"branchMap":{}},
"contracts\\core\\BasePositionManager_0_8_18.sol":{"l":{"82":186,"83":168,"93":225,"94":0,"95":0,"96":0,"97":225,"99":0,"107":20,"108":20,"112":0,"113":0,"117":1,"118":1,"122":1,"123":1,"127":43,"128":43,"136":5,"137":11,"138":11,"139":11,"142":5,"146":6,"147":6,"149":3,"150":3,"152":3,"156":2,"160":1,"164":117,"165":14,"168":103,"169":46,"170":46,"171":1,"174":57,"175":57,"176":1,"182":107,"184":105,"196":91,"200":48,"202":48,"203":48,"204":21,"206":27,"209":46,"212":46,"214":46,"215":46,"216":44,"218":44,"223":44,"227":63,"228":63,"230":0,"234":63,"235":60,"236":54,"240":89,"241":89,"246":60,"247":60,"249":60,"251":60,"254":0,"255":0,"266":107,"277":107,"278":10,"279":10,"280":10,"281":10,"282":10,"285":97,"289":99,"290":99,"293":33,"294":33,"296":30,"298":30,"308":46,"309":46,"311":16,"312":16,"314":14,"316":14},"path":"C:\\Users\\two\\Desktop\\work work\\zkEraFi\\contracts\\core\\BasePositionManager_0_8_18.sol","s":{"1":186,"2":20,"3":0,"4":1,"5":1,"6":43,"7":5,"8":11,"9":5,"10":6,"11":6,"12":3,"13":3,"14":3,"15":2,"16":1,"17":117,"18":14,"19":103,"20":46,"21":46,"22":1,"23":57,"24":57,"25":1,"26":107,"27":105,"28":91,"29":48,"30":48,"31":48,"32":21,"33":27,"34":46,"35":46,"36":46,"37":46,"38":44,"39":44,"40":44,"41":63,"42":63,"43":0,"44":63,"45":60,"46":54,"47":89,"48":89,"49":60,"50":60,"51":60,"52":60,"53":60,"54":0,"55":0,"56":107,"57":107,"58":10,"59":10,"60":10,"61":10,"62":97,"63":99,"64":99,"65":66,"66":33,"67":33,"68":3,"69":30,"70":30,"71":46,"72":46,"73":30,"74":16,"75":16,"76":2,"77":14,"78":14},"b":{"1":[168,18],"2":[20,1],"3":[0,0],"4":[1,2],"5":[1,1],"6":[43,1],"7":[5,1],"8":[6,1],"9":[3,3],"10":[2,2],"11":[1,1],"12":[14,103],"13":[46,57],"14":[1,45],"15":[1,56],"16":[21,27],"17":[21,27],"18":[20,1],"19":[26,1],"20":[63,0],"21":[54,6],"22":[89,0],"23":[60,0],"24":[10,97],"25":[66,33],"26":[3,30],"27":[30,16],"28":[2,14]},"f":{"1":186,"2":225,"3":20,"4":0,"5":1,"6":1,"7":43,"8":5,"9":6,"10":2,"11":1,"12":117,"13":107,"14":48,"15":63,"16":63,"17":89,"18":60,"19":107,"20":99,"21":46},"fnMap":{"1":{"name":"onlyAdmin","line":81,"loc":{"start":{"line":81,"column":4},"end":{"line":84,"column":4}}},"2":{"name":"constructor","line":86,"loc":{"start":{"line":86,"column":4},"end":{"line":100,"column":4}}},"3":{"name":"setAdmin","line":106,"loc":{"start":{"line":106,"column":4},"end":{"line":109,"column":4}}},"4":{"name":"setEthTransferGasLimit","line":111,"loc":{"start":{"line":111,"column":4},"end":{"line":114,"column":4}}},"5":{"name":"setDepositFee","line":116,"loc":{"start":{"line":116,"column":4},"end":{"line":119,"column":4}}},"6":{"name":"setIncreasePositionBufferBps","line":121,"loc":{"start":{"line":121,"column":4},"end":{"line":124,"column":4}}},"7":{"name":"setReferralStorage","line":126,"loc":{"start":{"line":126,"column":4},"end":{"line":129,"column":4}}},"8":{"name":"setMaxGlobalSizes","line":135,"loc":{"start":{"line":131,"column":4},"end":{"line":143,"column":4}}},"9":{"name":"withdrawFees","line":145,"loc":{"start":{"line":145,"column":4},"end":{"line":153,"column":4}}},"10":{"name":"approve","line":155,"loc":{"start":{"line":155,"column":4},"end":{"line":157,"column":4}}},"11":{"name":"sendValue","line":159,"loc":{"start":{"line":159,"column":4},"end":{"line":161,"column":4}}},"12":{"name":"_validateMaxGlobalSize","line":163,"loc":{"start":{"line":163,"column":4},"end":{"line":179,"column":4}}},"13":{"name":"_increasePosition","line":181,"loc":{"start":{"line":181,"column":4},"end":{"line":197,"column":4}}},"14":{"name":"_decreasePosition","line":199,"loc":{"start":{"line":199,"column":4},"end":{"line":224,"column":4}}},"15":{"name":"_swap","line":226,"loc":{"start":{"line":226,"column":4},"end":{"line":231,"column":4}}},"16":{"name":"_vaultSwap","line":233,"loc":{"start":{"line":233,"column":4},"end":{"line":237,"column":4}}},"17":{"name":"_transferInETH","line":239,"loc":{"start":{"line":239,"column":4},"end":{"line":243,"column":4}}},"18":{"name":"_transferOutETHWithGasLimitFallbackToWeth","line":245,"loc":{"start":{"line":245,"column":4},"end":{"line":256,"column":4}}},"19":{"name":"_collectFees","line":258,"loc":{"start":{"line":258,"column":4},"end":{"line":286,"column":4}}},"20":{"name":"_emitIncreasePositionReferral","line":288,"loc":{"start":{"line":288,"column":4},"end":{"line":305,"column":4}}},"21":{"name":"_emitDecreasePositionReferral","line":307,"loc":{"start":{"line":307,"column":4},"end":{"line":323,"column":4}}}},"statementMap":{"1":{"start":{"line":82,"column":8},"end":{"line":82,"column":48}},"2":{"start":{"line":108,"column":8},"end":{"line":108,"column":29}},"3":{"start":{"line":113,"column":8},"end":{"line":113,"column":57}},"4":{"start":{"line":118,"column":8},"end":{"line":118,"column":39}},"5":{"start":{"line":123,"column":8},"end":{"line":123,"column":69}},"6":{"start":{"line":128,"column":8},"end":{"line":128,"column":49}},"7":{"start":{"line":136,"column":8},"end":{"line":136,"column":4375}},"8":{"start":{"line":137,"column":12},"end":{"line":137,"column":38}},"9":{"start":{"line":142,"column":8},"end":{"line":142,"column":64}},"10":{"start":{"line":146,"column":8},"end":{"line":146,"column":44}},"11":{"start":{"line":147,"column":8},"end":{"line":147,"column":35}},"12":{"start":{"line":147,"column":27},"end":{"line":147,"column":33}},"13":{"start":{"line":150,"column":8},"end":{"line":150,"column":53}},"14":{"start":{"line":152,"column":8},"end":{"line":152,"column":52}},"15":{"start":{"line":156,"column":8},"end":{"line":156,"column":48}},"16":{"start":{"line":160,"column":8},"end":{"line":160,"column":35}},"17":{"start":{"line":164,"column":8},"end":{"line":164,"column":5398}},"18":{"start":{"line":165,"column":12},"end":{"line":165,"column":18}},"19":{"start":{"line":168,"column":8},"end":{"line":168,"column":5464}},"20":{"start":{"line":169,"column":12},"end":{"line":169,"column":71}},"21":{"start":{"line":170,"column":12},"end":{"line":170,"column":5570}},"22":{"start":{"line":171,"column":16},"end":{"line":171,"column":43}},"23":{"start":{"line":174,"column":12},"end":{"line":174,"column":73}},"24":{"start":{"line":175,"column":12},"end":{"line":175,"column":5852}},"25":{"start":{"line":176,"column":16},"end":{"line":176,"column":44}},"26":{"start":{"line":182,"column":8},"end":{"line":182,"column":63}},"27":{"start":{"line":184,"column":8},"end":{"line":184,"column":6284}},"28":{"start":{"line":196,"column":8},"end":{"line":196,"column":58}},"29":{"start":{"line":200,"column":8},"end":{"line":200,"column":30}},"30":{"start":{"line":202,"column":8},"end":{"line":202,"column":133}},"31":{"start":{"line":203,"column":8},"end":{"line":203,"column":7025}},"32":{"start":{"line":204,"column":12},"end":{"line":204,"column":60}},"33":{"start":{"line":206,"column":12},"end":{"line":206,"column":60}},"34":{"start":{"line":209,"column":8},"end":{"line":209,"column":54}},"35":{"start":{"line":212,"column":8},"end":{"line":212,"column":145}},"36":{"start":{"line":214,"column":8},"end":{"line":214,"column":56}},"37":{"start":{"line":215,"column":8},"end":{"line":215,"column":164}},"38":{"start":{"line":216,"column":8},"end":{"line":216,"column":57}},"39":{"start":{"line":218,"column":8},"end":{"line":218,"column":7782}},"40":{"start":{"line":223,"column":8},"end":{"line":223,"column":24}},"41":{"start":{"line":227,"column":8},"end":{"line":227,"column":8028}},"42":{"start":{"line":228,"column":12},"end":{"line":228,"column":69}},"43":{"start":{"line":230,"column":8},"end":{"line":230,"column":37}},"44":{"start":{"line":234,"column":8},"end":{"line":234,"column":85}},"45":{"start":{"line":235,"column":8},"end":{"line":235,"column":62}},"46":{"start":{"line":236,"column":8},"end":{"line":236,"column":24}},"47":{"start":{"line":240,"column":8},"end":{"line":240,"column":8568}},"48":{"start":{"line":241,"column":12},"end":{"line":241,"column":54}},"49":{"start":{"line":246,"column":8},"end":{"line":246,"column":47}},"50":{"start":{"line":247,"column":8},"end":{"line":247,"column":33}},"51":{"start":{"line":249,"column":8},"end":{"line":249,"column":115}},"52":{"start":{"line":251,"column":8},"end":{"line":251,"column":31}},"53":{"start":{"line":251,"column":23},"end":{"line":251,"column":29}},"54":{"start":{"line":254,"column":8},"end":{"line":254,"column":43}},"55":{"start":{"line":255,"column":8},"end":{"line":255,"column":53}},"56":{"start":{"line":266,"column":8},"end":{"line":266,"column":9462}},"57":{"start":{"line":277,"column":8},"end":{"line":277,"column":9744}},"58":{"start":{"line":278,"column":12},"end":{"line":278,"column":107}},"59":{"start":{"line":279,"column":12},"end":{"line":279,"column":58}},"60":{"start":{"line":280,"column":12},"end":{"line":280,"column":54}},"61":{"start":{"line":282,"column":12},"end":{"line":282,"column":33}},"62":{"start":{"line":285,"column":8},"end":{"line":285,"column":24}},"63":{"start":{"line":289,"column":8},"end":{"line":289,"column":50}},"64":{"start":{"line":290,"column":8},"end":{"line":290,"column":54}},"65":{"start":{"line":290,"column":46},"end":{"line":290,"column":52}},"66":{"start":{"line":293,"column":8},"end":{"line":293,"column":124}},"67":{"start":{"line":294,"column":8},"end":{"line":294,"column":50}},"68":{"start":{"line":294,"column":42},"end":{"line":294,"column":48}},"69":{"start":{"line":296,"column":8},"end":{"line":296,"column":53}},"70":{"start":{"line":298,"column":8},"end":{"line":298,"column":10609}},"71":{"start":{"line":308,"column":8},"end":{"line":308,"column":50}},"72":{"start":{"line":309,"column":8},"end":{"line":309,"column":54}},"73":{"start":{"line":309,"column":46},"end":{"line":309,"column":52}},"74":{"start":{"line":311,"column":8},"end":{"line":311,"column":124}},"75":{"start":{"line":312,"column":8},"end":{"line":312,"column":50}},"76":{"start":{"line":312,"column":42},"end":{"line":312,"column":48}},"77":{"start":{"line":314,"column":8},"end":{"line":314,"column":53}},"78":{"start":{"line":316,"column":8},"end":{"line":316,"column":11276}}},"branchMap":{"1":{"line":82,"type":"if","locations":[{"start":{"line":82,"column":8},"end":{"line":82,"column":8}},{"start":{"line":82,"column":8},"end":{"line":82,"column":8}}]},"2":{"line":106,"type":"if","locations":[{"start":{"line":106,"column":47},"end":{"line":106,"column":47}},{"start":{"line":106,"column":47},"end":{"line":106,"column":47}}]},"3":{"line":111,"type":"if","locations":[{"start":{"line":111,"column":75},"end":{"line":111,"column":75}},{"start":{"line":111,"column":75},"end":{"line":111,"column":75}}]},"4":{"line":116,"type":"if","locations":[{"start":{"line":116,"column":57},"end":{"line":116,"column":57}},{"start":{"line":116,"column":57},"end":{"line":116,"column":57}}]},"5":{"line":121,"type":"if","locations":[{"start":{"line":121,"column":87},"end":{"line":121,"column":87}},{"start":{"line":121,"column":87},"end":{"line":121,"column":87}}]},"6":{"line":126,"type":"if","locations":[{"start":{"line":126,"column":67},"end":{"line":126,"column":67}},{"start":{"line":126,"column":67},"end":{"line":126,"column":67}}]},"7":{"line":135,"type":"if","locations":[{"start":{"line":135,"column":15},"end":{"line":135,"column":15}},{"start":{"line":135,"column":15},"end":{"line":135,"column":15}}]},"8":{"line":145,"type":"if","locations":[{"start":{"line":145,"column":70},"end":{"line":145,"column":70}},{"start":{"line":145,"column":70},"end":{"line":145,"column":70}}]},"9":{"line":147,"type":"if","locations":[{"start":{"line":147,"column":8},"end":{"line":147,"column":8}},{"start":{"line":147,"column":8},"end":{"line":147,"column":8}}]},"10":{"line":155,"type":"if","locations":[{"start":{"line":155,"column":81},"end":{"line":155,"column":81}},{"start":{"line":155,"column":81},"end":{"line":155,"column":81}}]},"11":{"line":159,"type":"if","locations":[{"start":{"line":159,"column":76},"end":{"line":159,"column":76}},{"start":{"line":159,"column":76},"end":{"line":159,"column":76}}]},"12":{"line":164,"type":"if","locations":[{"start":{"line":164,"column":8},"end":{"line":164,"column":8}},{"start":{"line":164,"column":8},"end":{"line":164,"column":8}}]},"13":{"line":168,"type":"if","locations":[{"start":{"line":168,"column":8},"end":{"line":168,"column":8}},{"start":{"line":168,"column":8},"end":{"line":168,"column":8}}]},"14":{"line":170,"type":"if","locations":[{"start":{"line":170,"column":12},"end":{"line":170,"column":12}},{"start":{"line":170,"column":12},"end":{"line":170,"column":12}}]},"15":{"line":175,"type":"if","locations":[{"start":{"line":175,"column":12},"end":{"line":175,"column":12}},{"start":{"line":175,"column":12},"end":{"line":175,"column":12}}]},"16":{"line":202,"type":"if","locations":[{"start":{"line":202,"column":38},"end":{"line":202,"column":83}},{"start":{"line":202,"column":87},"end":{"line":202,"column":132}}]},"17":{"line":203,"type":"if","locations":[{"start":{"line":203,"column":8},"end":{"line":203,"column":8}},{"start":{"line":203,"column":8},"end":{"line":203,"column":8}}]},"18":{"line":204,"type":"if","locations":[{"start":{"line":204,"column":12},"end":{"line":204,"column":12}},{"start":{"line":204,"column":12},"end":{"line":204,"column":12}}]},"19":{"line":206,"type":"if","locations":[{"start":{"line":206,"column":12},"end":{"line":206,"column":12}},{"start":{"line":206,"column":12},"end":{"line":206,"column":12}}]},"20":{"line":227,"type":"if","locations":[{"start":{"line":227,"column":8},"end":{"line":227,"column":8}},{"start":{"line":227,"column":8},"end":{"line":227,"column":8}}]},"21":{"line":235,"type":"if","locations":[{"start":{"line":235,"column":8},"end":{"line":235,"column":8}},{"start":{"line":235,"column":8},"end":{"line":235,"column":8}}]},"22":{"line":240,"type":"if","locations":[{"start":{"line":240,"column":8},"end":{"line":240,"column":8}},{"start":{"line":240,"column":8},"end":{"line":240,"column":8}}]},"23":{"line":251,"type":"if","locations":[{"start":{"line":251,"column":8},"end":{"line":251,"column":8}},{"start":{"line":251,"column":8},"end":{"line":251,"column":8}}]},"24":{"line":277,"type":"if","locations":[{"start":{"line":277,"column":8},"end":{"line":277,"column":8}},{"start":{"line":277,"column":8},"end":{"line":277,"column":8}}]},"25":{"line":290,"type":"if","locations":[{"start":{"line":290,"column":8},"end":{"line":290,"column":8}},{"start":{"line":290,"column":8},"end":{"line":290,"column":8}}]},"26":{"line":294,"type":"if","locations":[{"start":{"line":294,"column":8},"end":{"line":294,"column":8}},{"start":{"line":294,"column":8},"end":{"line":294,"column":8}}]},"27":{"line":309,"type":"if","locations":[{"start":{"line":309,"column":8},"end":{"line":309,"column":8}},{"start":{"line":309,"column":8},"end":{"line":309,"column":8}}]},"28":{"line":312,"type":"if","locations":[{"start":{"line":312,"column":8},"end":{"line":312,"column":8}},{"start":{"line":312,"column":8},"end":{"line":312,"column":8}}]}}},
"contracts\\core\\BasePositionManager.sol":{"l":{"85":0,"86":0,"96":0,"97":0,"98":0,"99":0,"100":0,"102":0,"106":0,"110":0,"111":0,"115":0,"116":0,"120":0,"121":0,"125":0,"126":0,"130":0,"131":0,"139":0,"140":0,"141":0,"142":0,"145":0,"149":0,"150":0,"152":0,"153":0,"155":0,"159":0,"163":0,"167":0,"168":0,"171":0,"172":0,"173":0,"174":0,"177":0,"178":0,"179":0,"185":0,"187":0,"199":0,"203":0,"205":0,"206":0,"207":0,"209":0,"212":0,"215":0,"217":0,"218":0,"219":0,"221":0,"226":0,"230":0,"231":0,"233":0,"237":0,"238":0,"239":0,"243":0,"244":0,"249":0,"250":0,"252":0,"254":0,"257":0,"258":0,"269":0,"280":0,"281":0,"282":0,"283":0,"284":0,"285":0,"288":0,"292":0,"293":0,"296":0,"297":0,"299":0,"301":0,"311":0,"312":0,"314":0,"315":0,"317":0,"319":0},"path":"C:\\Users\\two\\Desktop\\work work\\zkEraFi\\contracts\\core\\BasePositionManager.sol","s":{"1":0,"2":0,"3":0,"4":0,"5":0,"6":0,"7":0,"8":0,"9":0,"10":0,"11":0,"12":0,"13":0,"14":0,"15":0,"16":0,"17":0,"18":0,"19":0,"20":0,"21":0,"22":0,"23":0,"24":0,"25":0,"26":0,"27":0,"28":0,"29":0,"30":0,"31":0,"32":0,"33":0,"34":0,"35":0,"36":0,"37":0,"38":0,"39":0,"40":0,"41":0,"42":0,"43":0,"44":0,"45":0,"46":0,"47":0,"48":0,"49":0,"50":0,"51":0,"52":0,"53":0,"54":0,"55":0,"56":0,"57":0,"58":0,"59":0,"60":0,"61":0,"62":0,"63":0,"64":0,"65":0,"66":0,"67":0,"68":0,"69":0,"70":0,"71":0,"72":0,"73":0,"74":0,"75":0,"76":0,"77":0,"78":0},"b":{"1":[0,0],"2":[0,0],"3":[0,0],"4":[0,0],"5":[0,0],"6":[0,0],"7":[0,0],"8":[0,0],"9":[0,0],"10":[0,0],"11":[0,0],"12":[0,0],"13":[0,0],"14":[0,0],"15":[0,0],"16":[0,0],"17":[0,0],"18":[0,0],"19":[0,0],"20":[0,0],"21":[0,0],"22":[0,0],"23":[0,0],"24":[0,0],"25":[0,0],"26":[0,0],"27":[0,0],"28":[0,0],"29":[0,0]},"f":{"1":0,"2":0,"3":0,"4":0,"5":0,"6":0,"7":0,"8":0,"9":0,"10":0,"11":0,"12":0,"13":0,"14":0,"15":0,"16":0,"17":0,"18":0,"19":0,"20":0,"21":0},"fnMap":{"1":{"name":"onlyAdmin","line":84,"loc":{"start":{"line":84,"column":4},"end":{"line":87,"column":4}}},"2":{"name":"constructor","line":89,"loc":{"start":{"line":89,"column":4},"end":{"line":103,"column":4}}},"3":{"name":"setAdmin","line":109,"loc":{"start":{"line":109,"column":4},"end":{"line":112,"column":4}}},"4":{"name":"setEthTransferGasLimit","line":114,"loc":{"start":{"line":114,"column":4},"end":{"line":117,"column":4}}},"5":{"name":"setDepositFee","line":119,"loc":{"start":{"line":119,"column":4},"end":{"line":122,"column":4}}},"6":{"name":"setIncreasePositionBufferBps","line":124,"loc":{"start":{"line":124,"column":4},"end":{"line":127,"column":4}}},"7":{"name":"setReferralStorage","line":129,"loc":{"start":{"line":129,"column":4},"end":{"line":132,"column":4}}},"8":{"name":"setMaxGlobalSizes","line":138,"loc":{"start":{"line":134,"column":4},"end":{"line":146,"column":4}}},"9":{"name":"withdrawFees","line":148,"loc":{"start":{"line":148,"column":4},"end":{"line":156,"column":4}}},"10":{"name":"approve","line":158,"loc":{"start":{"line":158,"column":4},"end":{"line":160,"column":4}}},"11":{"name":"sendValue","line":162,"loc":{"start":{"line":162,"column":4},"end":{"line":164,"column":4}}},"12":{"name":"_validateMaxGlobalSize","line":166,"loc":{"start":{"line":166,"column":4},"end":{"line":182,"column":4}}},"13":{"name":"_increasePosition","line":184,"loc":{"start":{"line":184,"column":4},"end":{"line":200,"column":4}}},"14":{"name":"_decreasePosition","line":202,"loc":{"start":{"line":202,"column":4},"end":{"line":227,"column":4}}},"15":{"name":"_swap","line":229,"loc":{"start":{"line":229,"column":4},"end":{"line":234,"column":4}}},"16":{"name":"_vaultSwap","line":236,"loc":{"start":{"line":236,"column":4},"end":{"line":240,"column":4}}},"17":{"name":"_transferInETH","line":242,"loc":{"start":{"line":242,"column":4},"end":{"line":246,"column":4}}},"18":{"name":"_transferOutETHWithGasLimitFallbackToWeth","line":248,"loc":{"start":{"line":248,"column":4},"end":{"line":259,"column":4}}},"19":{"name":"_collectFees","line":261,"loc":{"start":{"line":261,"column":4},"end":{"line":289,"column":4}}},"20":{"name":"_emitIncreasePositionReferral","line":291,"loc":{"start":{"line":291,"column":4},"end":{"line":308,"column":4}}},"21":{"name":"_emitDecreasePositionReferral","line":310,"loc":{"start":{"line":310,"column":4},"end":{"line":326,"column":4}}}},"statementMap":{"1":{"start":{"line":85,"column":8},"end":{"line":85,"column":48}},"2":{"start":{"line":111,"column":8},"end":{"line":111,"column":29}},"3":{"start":{"line":116,"column":8},"end":{"line":116,"column":57}},"4":{"start":{"line":121,"column":8},"end":{"line":121,"column":39}},"5":{"start":{"line":126,"column":8},"end":{"line":126,"column":69}},"6":{"start":{"line":131,"column":8},"end":{"line":131,"column":49}},"7":{"start":{"line":139,"column":8},"end":{"line":139,"column":4346}},"8":{"start":{"line":140,"column":12},"end":{"line":140,"column":38}},"9":{"start":{"line":145,"column":8},"end":{"line":145,"column":64}},"10":{"start":{"line":149,"column":8},"end":{"line":149,"column":44}},"11":{"start":{"line":150,"column":8},"end":{"line":150,"column":35}},"12":{"start":{"line":150,"column":27},"end":{"line":150,"column":33}},"13":{"start":{"line":153,"column":8},"end":{"line":153,"column":53}},"14":{"start":{"line":155,"column":8},"end":{"line":155,"column":52}},"15":{"start":{"line":159,"column":8},"end":{"line":159,"column":48}},"16":{"start":{"line":163,"column":8},"end":{"line":163,"column":35}},"17":{"start":{"line":167,"column":8},"end":{"line":167,"column":5369}},"18":{"start":{"line":168,"column":12},"end":{"line":168,"column":18}},"19":{"start":{"line":171,"column":8},"end":{"line":171,"column":5435}},"20":{"start":{"line":172,"column":12},"end":{"line":172,"column":71}},"21":{"start":{"line":173,"column":12},"end":{"line":173,"column":5541}},"22":{"start":{"line":174,"column":16},"end":{"line":174,"column":43}},"23":{"start":{"line":177,"column":12},"end":{"line":177,"column":73}},"24":{"start":{"line":178,"column":12},"end":{"line":178,"column":5819}},"25":{"start":{"line":179,"column":16},"end":{"line":179,"column":44}},"26":{"start":{"line":185,"column":8},"end":{"line":185,"column":63}},"27":{"start":{"line":187,"column":8},"end":{"line":187,"column":6248}},"28":{"start":{"line":199,"column":8},"end":{"line":199,"column":58}},"29":{"start":{"line":203,"column":8},"end":{"line":203,"column":30}},"30":{"start":{"line":205,"column":8},"end":{"line":205,"column":119}},"31":{"start":{"line":206,"column":8},"end":{"line":206,"column":6968}},"32":{"start":{"line":207,"column":12},"end":{"line":207,"column":60}},"33":{"start":{"line":209,"column":12},"end":{"line":209,"column":60}},"34":{"start":{"line":212,"column":8},"end":{"line":212,"column":47}},"35":{"start":{"line":215,"column":8},"end":{"line":215,"column":138}},"36":{"start":{"line":217,"column":8},"end":{"line":217,"column":49}},"37":{"start":{"line":218,"column":8},"end":{"line":218,"column":157}},"38":{"start":{"line":219,"column":8},"end":{"line":219,"column":50}},"39":{"start":{"line":221,"column":8},"end":{"line":221,"column":7690}},"40":{"start":{"line":226,"column":8},"end":{"line":226,"column":24}},"41":{"start":{"line":230,"column":8},"end":{"line":230,"column":7936}},"42":{"start":{"line":231,"column":12},"end":{"line":231,"column":69}},"43":{"start":{"line":233,"column":8},"end":{"line":233,"column":37}},"44":{"start":{"line":237,"column":8},"end":{"line":237,"column":78}},"45":{"start":{"line":238,"column":8},"end":{"line":238,"column":62}},"46":{"start":{"line":239,"column":8},"end":{"line":239,"column":24}},"47":{"start":{"line":243,"column":8},"end":{"line":243,"column":8455}},"48":{"start":{"line":244,"column":12},"end":{"line":244,"co
[...]
"contracts\\zke\\ZKE.sol":{"l":{"13":0},"path":"C:\\Users\\two\\Desktop\\work work\\zkEraFi\\contracts\\zke\\ZKE.sol","s":{"1":0},"b":{},"f":{"1":381,"2":0},"fnMap":{"1":{"name":"constructor","line":9,"loc":{"start":{"line":9,"column":4},"end":{"line":10,"column":4}}},"2":{"name":"id","line":12,"loc":{"start":{"line":12,"column":4},"end":{"line":14,"column":4}}}},"statementMap":{"1":{"start":{"line":13,"column":8},"end":{"line":13,"column":20}}},"branchMap":{}},
"contracts\\zke\\ZkeIou.sol":{"l":{"23":0,"24":0,"25":0,"26":0,"30":0,"31":0,"32":0,"36":0,"41":0,"46":0,"51":0,"56":0,"60":0,"62":0,"63":0,"64":0},"path":"C:\\Users\\two\\Desktop\\work work\\zkEraFi\\contracts\\zke\\ZkeIou.sol","s":{"1":0,"2":0,"3":0,"4":0,"5":0,"6":0,"7":0,"8":0,"9":0,"10":0},"b":{"1":[0,0],"2":[0,0]},"f":{"1":0,"2":0,"3":0,"4":0,"5":0,"6":0,"7":0,"8":0},"fnMap":{"1":{"name":"constructor","line":22,"loc":{"start":{"line":22,"column":4},"end":{"line":27,"column":4}}},"2":{"name":"mint","line":29,"loc":{"start":{"line":29,"column":4},"end":{"line":33,"column":4}}},"3":{"name":"balanceOf","line":35,"loc":{"start":{"line":35,"column":4},"end":{"line":37,"column":4}}},"4":{"name":"transfer","line":40,"loc":{"start":{"line":40,"column":4},"end":{"line":42,"column":4}}},"5":{"name":"allowance","line":45,"loc":{"start":{"line":45,"column":4},"end":{"line":47,"column":4}}},"6":{"name":"approve","line":50,"loc":{"start":{"line":50,"column":4},"end":{"line":52,"column":4}}},"7":{"name":"transferFrom","line":55,"loc":{"start":{"line":55,"column":4},"end":{"line":57,"column":4}}},"8":{"name":"_mint","line":59,"loc":{"start":{"line":59,"column":4},"end":{"line":65,"column":4}}}},"statementMap":{"1":{"start":{"line":30,"column":8},"end":{"line":30,"column":57}},"2":{"start":{"line":31,"column":8},"end":{"line":31,"column":29}},"3":{"start":{"line":32,"column":8},"end":{"line":32,"column":19}},"4":{"start":{"line":36,"column":8},"end":{"line":36,"column":33}},"5":{"start":{"line":41,"column":8},"end":{"line":41,"column":42}},"6":{"start":{"line":46,"column":8},"end":{"line":46,"column":16}},"7":{"start":{"line":51,"column":8},"end":{"line":51,"column":42}},"8":{"start":{"line":56,"column":8},"end":{"line":56,"column":42}},"9":{"start":{"line":60,"column":8},"end":{"line":60,"column":73}},"10":{"start":{"line":64,"column":8},"end":{"line":64,"column":50}}},"branchMap":{"1":{"line":30,"type":"if","locations":[{"start":{"line":30,"column":8},"end":{"line":30,"column":8}},{"start":{"line":30,"column":8},"end":{"line":30,"column":8}}]},"2":{"line":60,"type":"if","locations":[{"start":{"line":60,"column":8},"end":{"line":60,"column":8}},{"start":{"line":60,"column":8},"end":{"line":60,"column":8}}]}}},
"contracts\\zke\\ZkeMigrator.sol":{"l":{"54":0,"55":0,"59":0,"60":0,"64":0,"65":0,"80":0,"81":0,"82":0,"83":0,"84":0,"85":0,"87":0,"89":0,"90":0,"92":0,"93":0,"94":0,"95":0,"98":0,"99":0,"100":0,"101":0,"102":0,"103":0,"106":0,"107":0,"108":0,"109":0,"110":0,"115":0,"119":0,"123":0,"130":0,"131":0,"132":0,"134":0,"135":0,"136":0,"139":0,"140":0,"141":0,"143":0,"144":0,"146":0,"148":0,"149":0,"150":0,"151":0,"152":0,"154":0,"155":0,"158":0,"159":0,"163":0,"164":0,"165":0,"166":0,"167":0,"171":0,"172":0,"173":0,"174":0,"175":0,"179":0,"180":0,"181":0,"183":0,"184":0,"188":0,"190":0,"191":0,"192":0,"195":0,"199":0,"200":0,"201":0,"205":0,"206":0,"207":0,"211":0,"212":0,"216":0,"220":0,"221":0,"222":0,"223":0,"224":0,"228":0,"229":0,"231":0,"235":0,"236":0,"237":0},"path":"C:\\Users\\two\\Desktop\\work work\\zkEraFi\\contracts\\zke\\ZkeMigrator.sol","s":{"1":0,"2":0,"3":0,"4":0,"5":0,"6":0,"7":0,"8":0,"9":0,"10":0,"11":0,"12":0,"13":0,"14":0,"15":0,"16":0,"17":0,"18":0,"19":0,"20":0,"21":0,"22":0,"23":0,"24":0,"25":0,"26":0,"27":0,"28":0,"29":0,"30":0,"31":0,"32":0,"33":0,"34":0,"35":0,"36":0,"37":0,"38":0,"39":0,"40":0,"41":0,"42":0,"43":0,"44":0,"45":0,"46":0,"47":0,"48":0,"49":0,"50":0,"51":0,"52":0,"53":0,"54":0,"55":0,"56":0,"57":0,"58":0,"59":0,"60":0,"61":0,"62":0,"63":0,"64":0,"65":0,"66":0,"67":0},"b":{"1":[0,0],"2":[0,0],"3":[0,0],"4":[0,0],"5":[0,0],"6":[0,0],"7":[0,0],"8":[0,0],"9":[0,0],"10":[0,0],"11":[0,0],"12":[0,0],"13":[0,0],"14":[0,0],"15":[0,0],"16":[0,0],"17":[0,0],"18":[0,0],"19":[0,0],"20":[0,0],"21":[0,0],"22":[0,0],"23":[0,0],"24":[0,0],"25":[0,0],"26":[0,0],"27":[0,0],"28":[0,0],"29":[0,0],"30":[0,0],"31":[0,0],"32":[0,0],"33":[0,0],"34":[0,0],"35":[0,0],"36":[0,0],"37":[0,0]},"f":{"1":0,"2":0,"3":0,"4":0,"5":0,"6":0,"7":0,"8":0,"9":0,"10":0,"11":0,"12":0,"13":0,"14":0,"15":0,"16":0,"17":0,"18":0},"fnMap":{"1":{"name":"constructor","line":53,"loc":{"start":{"line":53,"column":4},"end":{"line":56,"column":4}}},"2":{"name":"onlyAdmin","line":58,"loc":{"start":{"line":58,"column":4},"end":{"line":61,"column":4}}},"3":{"name":"onlySigner","line":63,"loc":{"start":{"line":63,"column":4},"end":{"line":66,"column":4}}},"4":{"name":"initialize","line":79,"loc":{"start":{"line":68,"column":4},"end":{"line":112,"column":4}}},"5":{"name":"endMigration","line":114,"loc":{"start":{"line":114,"column":4},"end":{"line":116,"column":4}}},"6":{"name":"setHasMaxMigrationLimit","line":118,"loc":{"start":{"line":118,"column":4},"end":{"line":120,"column":4}}},"7":{"name":"setMaxMigrationAmount","line":122,"loc":{"start":{"line":122,"column":4},"end":{"line":124,"column":4}}},"8":{"name":"migrate","line":129,"loc":{"start":{"line":126,"column":4},"end":{"line":160,"column":4}}},"9":{"name":"signalApprove","line":162,"loc":{"start":{"line":162,"column":4},"end":{"line":168,"column":4}}},"10":{"name":"signApprove","line":170,"loc":{"start":{"line":170,"column":4},"end":{"line":176,"column":4}}},"11":{"name":"approve","line":178,"loc":{"start":{"line":178,"column":4},"end":{"line":185,"column":4}}},"12":{"name":"getTokenAmounts","line":187,"loc":{"start":{"line":187,"column":4},"end":{"line":196,"column":4}}},"13":{"name":"getTokenPrice","line":198,"loc":{"start":{"line":198,"column":4},"end":{"line":202,"column":4}}},"14":{"name":"getIouToken","line":204,"loc":{"start":{"line":204,"column":4},"end":{"line":208,"column":4}}},"15":{"name":"_setPendingAction","line":210,"loc":{"start":{"line":210,"column":4},"end":{"line":213,"column":4}}},"16":{"name":"_validateAction","line":215,"loc":{"start":{"line":215,"column":4},"end":{"line":217,"column":4}}},"17":{"name":"_validateAuthorization","line":219,"loc":{"start":{"line":219,"column":4},"end":{"line":232,"column":4}}},"18":{"name":"_clearAction","line":234,"loc":{"start":{"line":234,"column":4},"end":{"line":238,"column":4}}}},"statementMap":{"1":{"start":{"line":59,"column":8},"end":{"line":59,"column":61}},"2":{"start":{"line":64,"column":8},"end":{"line":64,"column":62}},"3":{"start":{"line":80,"column":8},"end":{"line":80,"column":66}},"4":{"start":{"line":81,"column":8},"end":{"line":81,"column":104}},"5":{"start":{"line":82,"column":8},"end":{"line":82,"column":98}},"6":{"start":{"line":83,"column":8},"end":{"line":83,"column":94}},"7":{"start":{"line":84,"column":8},"end":{"line":84,"column":95}},"8":{"start":{"line":85,"column":8},"end":{"line":85,"column":95}},"9":{"start":{"line":93,"column":8},"end":{"line":93,"column":3281}},"10":{"start":{"line":94,"column":12},"end":{"line":94,"column":40}},"11":{"start":{"line":98,"column":8},"end":{"line":98,"column":3432}},"12":{"start":{"line":99,"column":12},"end":{"line":99,"column":49}},"13":{"start":{"line":106,"column":8},"end":{"line":106,"column":3735}},"14":{"start":{"line":107,"column":12},"end":{"line":107,"column":40}},"15":{"start":{"line":130,"column":8},"end":{"line":130,"column":79}},"16":{"start":{"line":131,"column":8},"end":{"line":131,"column":79}},"17":{"start":{"line":132,"column":8},"end":{"line":132,"column":68}},"18":{"start":{"line":134,"column":8},"end":{"line":134,"column":4773}},"19":{"start":{"line":136,"column":12},"end":{"line":136,"column":142}},"20":{"start":{"line":139,"column":8},"end":{"line":139,"column":50}},"21":{"start":{"line":140,"column":8},"end":{"line":140,"column":71}},"22":{"start":{"line":141,"column":8},"end":{"line":141,"column":65}},"23":{"start":{"line":144,"column":8},"end":{"line":144,"column":86}},"24":{"start":{"line":146,"column":8},"end":{"line":146,"column":75}},"25":{"start":{"line":148,"column":8},"end":{"line":148,"column":5518}},"26":{"start":{"line":149,"column":12},"end":{"line":149,"column":46}},"27":{"start":{"line":150,"column":12},"end":{"line":150,"column":46}},"28":{"start":{"line":151,"column":12},"end":{"line":151,"column":71}},"29":{"start":{"line":152,"column":12},"end":{"line":152,"column":71}},"30":{"start":{"line":154,"column":12},"end":{"line":154,"column":58}},"31":{"start":{"line":155,"column":12},"end":{"line":155,"column":116}},"32":{"start":{"line":158,"column":8},"end":{"line":158,"column":46}},"33":{"start":{"line":159,"column":8},"end":{"line":159,"column":53}},"34":{"start":{"line":164,"column":8},"end":{"line":164,"column":36}},"35":{"start":{"line":165,"column":8},"end":{"line":165,"column":97}},"36":{"start":{"line":166,"column":8},"end":{"line":166,"column":39}},"37":{"start":{"line":167,"column":8},"end":{"line":167,"column":68}},"38":{"start":{"line":171,"column":8},"end":{"line":171,"column":98}},"39":{"start":{"line":172,"column":8},"end":{"line":172,"column":30}},"40":{"start":{"line":173,"column":8},"end":{"line":173,"column":81}},"41":{"start":{"line":175,"column":8},"end":{"line":175,"column":39}},"42":{"start":{"line":179,"column":8},"end":{"line":179,"column":98}},"43":{"start":{"line":180,"column":8},"end":{"line":180,"column":30}},"44":{"start":{"line":181,"column":8},"end":{"line":181,"column":37}},"45":{"start":{"line":183,"column":8},"end":{"line":183,"column":48}},"46":{"start":{"line":184,"column":8},"end":{"line":184,"column":35}},"47":{"start":{"line":188,"column":8},"end":{"line":188,"column":64}},"48":{"start":{"line":190,"column":8},"end":{"line":190,"column":7528}},"49":{"start":{"line":191,"column":12},"end":{"line":191,"column":38}},"50":{"start":{"line":195,"column":8},"end":{"line":195,"column":22}},"51":{"start":{"line":199,"column":8},"end":{"line":199,"column":38}},"52":{"start":{"line":200,"column":8},"end":{"line":200,"column":62}},"53":{"start":{"line":201,"column":8},"end":{"line":201,"column":20}},"54":{"start":{"line":205,"column":8},"end":{"line":205,"column":44}},"55":{"start":{"line":206,"column":8},"end":{"line":206,"column":72}},"56":{"start":{"line":207,"column":8},"end":{"line":207,"column":23}},"57":{"start":{"line":212,"column":8},"end":{"line":212,"column":49}},"58":{"start":{"line":216,"column":8},"end":{"line":216,"column":76}},"59":{"start":{"line":220,"column":8},"end":{"line":220,"column":25}},"60":{"start":{"line":221,"column":8},"end":{"line":221,"column":8591}},"61":{"start":{"line":222,"column":12},"end":{"line":222,"column":39}},"62":{"start":{"line":223,"column":12},"end":{"line":223,"column":8697}},"63":{"start":{"line":228,"column":8},"end":{"line":228,"column":8794}},"64":{"start":{"line":229,"column":12},"end":{"line":229,"column":55}},"65":{"start":{"line":231,"column":8},"end":{"line":231,"column":85}},"66":{"start":{"line":235,"column":8},"end":{"line":235,"column":71}},"67":{"start":{"line":237,"column":8},"end":{"line":237,"column":41}}},"branchMap":{"1":{"line":59,"type":"if","locations":[{"start":{"line":59,"column":8},"end":{"line":59,"column":8}},{"start":{"line":59,"column":8},"end":{"line":59,"column":8}}]},"2":{"line":64,"type":"if","locations":[{"start":{"line":64,"column":8},"end":{"line":64,"column":8}},{"start":{"line":64,"column":8},"end":{"line":64,"column":8}}]},"3":{"line":79,"type":"if","locations":[{"start":{"line":79,"column":13},"end":{"line":79,"column":13}},{"start":{"line":79,"column":13},"end":{"line":79,"column":13}}]},"4":{"line":80,"type":"if","locations":[{"start":{"line":80,"column":8},"end":{"line":80,"column":8}},{"start":{"line":80,"column":8},"end":{"line":80,"column":8}}]},"5":{"line":81,"type":"if","locations":[{"start":{"line":81,"column":8},"end":{"line":81,"column":8}},{"start":{"line":81,"column":8},"end":{"line":81,"column":8}}]},"6":{"line":82,"type":"if","locations":[{"start":{"line":82,"column":8},"end":{"line":82,"column":8}},{"start":{"line":82,"column":8},"end":{"line":82,"column":8}}]},"7":{"line":83,"type":"if","locations":[{"start":{"line":83,"column":8},"end":{"line":83,"column":8}},{"start":{"line":83,"column":8},"end":{"line":83,"column":8}}]},"8":{"line":84,"type":"if","locations":[{"start":{"line":84,"column":8},"end":{"line":84,"column":8}},{"start":{"line":84,"column":8},"end":{"line":84,"column":8}}]},"9":{"line":85,"type":"if","locations":[{"start":{"line":85,"column":8},"end":{"line":85,"column":8}},{"start":{"line":85,"column":8},"end":{"line":85,"column":8}}]},"10":{"line":114,"type":"if","locations":[{"start":{"line":114,"column":35},"end":{"line":114,"column":35}},{"start":{"line":114,"column":35},"end":{"line":114,"column":35}}]},"11":{"line":118,"type":"if","locations":[{"start":{"line":118,"column":72},"end":{"line":118,"column":72}},{"start":{"line":118,"column":72},"end":{"line":118,"column":72}}]},"12":{"line":122,"type":"if","locations":[{"start":{"line":122,"column":105},"end":{"line":122,"column":105}},{"start":{"line":122,"column":105},"end":{"line":122,"column":105}}]},"13":{"line":129,"type":"if","locations":[{"start":{"line":129,"column":13},"end":{"line":129,"column":13}},{"start":{"line":129,"column":13},"end":{"line":129,"column":13}}]},"14":{"line":130,"type":"if","locations":[{"start":{"line":130,"column":8},"end":{"line":130,"column":8}},{"start":{"line":130,"column":8},"end":{"line":130,"column":8}}]},"15":{"line":131,"type":"if","locations":[{"start":{"line":131,"column":8},"end":{"line":131,"column":8}},{"start":{"line":131,"column":8},"end":{"line":131,"column":8}}]},"16":{"line":132,"type":"if","locations":[{"start":{"line":132,"column":8},"end":{"line":132,"column":8}},{"start":{"line":132,"column":8},"end":{"line":132,"column":8}}]},"17":{"line":134,"type":"if","locations":[{"start":{"line":134,"column":8},"end":{"line":134,"column":8}},{"start":{"line":134,"column":8},"end":{"line":134,"column":8}}]},"18":{"line":136,"type":"if","locations":[{"start":{"line":136,"column":12},"end":{"line":136,"column":12}},{"start":{"line":136,"column":12},"end":{"line":136,"column":12}}]},"19":{"line":141,"type":"if","locations":[{"start":{"line":141,"column":8},"end":{"line":141,"column":8}},{"start":{"line":141,"column":8},"end":{"line":141,"column":8}}]},"20":{"line":144,"type":"if","locations":[{"start":{"line":144,"column":8},"end":{"line":144,"column":8}},{"start":{"line":144,"column":8},"end":{"line":144,"column":8}}]},"21":{"line":148,"type":"if","locations":[{"start":{"line":148,"column":8},"end":{"line":148,"column":8}},{"start":{"line":148,"column":8},"end":{"line":148,"column":8}}]},"22":{"line":151,"type":"if","locations":[{"start":{"line":151,"column":12},"end":{"line":151,"column":12}},{"start":{"line":151,"column":12},"end":{"line":151,"column":12}}]},"23":{"line":152,"type":"if","locations":[{"start":{"line":152,"column":12},"end":{"line":152,"column":12}},{"start":{"line":152,"column":12},"end":{"line":152,"column":12}}]},"24":{"line":162,"type":"if","locations":[{"start":{"line":162,"column":87},"end":{"line":162,"column":87}},{"start":{"line":162,"column":87},"end":{"line":162,"column":87}}]},"25":{"line":162,"type":"if","locations":[{"start":{"line":162,"column":100},"end":{"line":162,"column":100}},{"start":{"line":162,"column":100},"end":{"line":162,"column":100}}]},"26":{"line":170,"type":"if","locations":[{"start":{"line":170,"column":101},"end":{"line":170,"column":101}},{"start":{"line":170,"column":101},"end":{"line":170,"column":101}}]},"27":{"line":170,"type":"if","locations":[{"start":{"line":170,"column":114},"end":{"line":170,"column":114}},{"start":{"line":170,"column":114},"end":{"line":170,"column":114}}]},"28":{"line":173,"type":"if","locations":[{"start":{"line":173,"column":8},"end":{"line":173,"column":8}},{"start":{"line":173,"column":8},"end":{"line":173,"column":8}}]},"29":{"line":178,"type":"if","locations":[{"start":{"line":178,"column":97},"end":{"line":178,"column":97}},{"start":{"line":178,"column":97},"end":{"line":178,"column":97}}]},"30":{"line":178,"type":"if","locations":[{"start":{"line":178,"column":110},"end":{"line":178,"column":110}},{"start":{"line":178,"column":110},"end":{"line":178,"column":110}}]},"31":{"line":200,"type":"if","locations":[{"start":{"line":200,"column":8},"end":{"line":200,"column":8}},{"start":{"line":200,"column":8},"end":{"line":200,"column":8}}]},"32":{"line":206,"type":"if","locations":[{"start":{"line":206,"column":8},"end":{"line":206,"column":8}},{"start":{"line":206,"column":8},"end":{"line":206,"column":8}}]},"33":{"line":216,"type":"if","locations":[{"start":{"line":216,"column":8},"end":{"line":216,"column":8}},{"start":{"line":216,"column":8},"end":{"line":216,"column":8}}]},"34":{"line":223,"type":"if","locations":[{"start":{"line":223,"column":12},"end":{"line":223,"column":12}},{"start":{"line":223,"column":12},"end":{"line":223,"column":12}}]},"35":{"line":228,"type":"if","locations":[{"start":{"line":228,"column":8},"end":{"line":228,"column":8}},{"start":{"line":228,"column":8},"end":{"line":228,"column":8}}]},"36":{"line":231,"type":"if","locations":[{"start":{"line":231,"column":8},"end":{"line":231,"column":8}},{"start":{"line":231,"column":8},"end":{"line":231,"column":8}}]},"37":{"line":235,"type":"if","locations":[{"start":{"line":235,"column":8},"end":{"line":235,"column":8}},{"start":{"line":235,"column":8},"end":{"line":235,"column":8}}]}}},
"contracts\\zke\\ZLP.sol":{"l":{"12":0},"path":"C:\\Users\\two\\Desktop\\work work\\zkEraFi\\contracts\\zke\\ZLP.sol","s":{"1":0},"b":{},"f":{"1":444,"2":0},"fnMap":{"1":{"name":"constructor","line":8,"loc":{"start":{"line":8,"column":4},"end":{"line":9,"column":4}}},"2":{"name":"id","line":11,"loc":{"start":{"line":11,"column":4},"end":{"line":13,"column":4}}}},"statementMap":{"1":{"start":{"line":12,"column":8},"end":{"line":12,"column":20}}},"branchMap":{}}}
