TN:
SF:C:\Users\two\Desktop\work work\zkEraFi\contracts\access\Governable_0_8_18.sol
FN:8,constructor
FN:12,onlyGov
FN:17,setGov
FNF:3
FNH:3
FNDA:3480,constructor
FNDA:84,onlyGov
FNDA:4,setGov
DA:9,3705
DA:13,84
DA:14,79
DA:18,4
LF:4
LH:4
BRDA:13,1,0,79
BRDA:13,1,1,5
BRDA:17,2,0,4
BRDA:17,2,1,0
BRF:4
BRH:3
end_of_record
TN:
SF:C:\Users\two\Desktop\work work\zkEraFi\contracts\access\Governable.sol
FN:8,constructor
FN:12,onlyGov
FN:17,setGov
FNF:3
FNH:3
FNDA:3870,constructor
FNDA:1143,onlyGov
FNDA:102,setGov
DA:9,3870
DA:13,1143
DA:14,1114
DA:18,102
LF:4
LH:4
BRDA:13,1,0,1114
BRDA:13,1,1,29
BRDA:17,2,0,102
BRDA:17,2,1,2
BRF:4
BRH:4
end_of_record
TN:
SF:C:\Users\two\Desktop\work work\zkEraFi\contracts\access\interfaces\IAdmin.sol
FNF:0
FNH:0
LF:0
LH:0
BRF:0
BRH:0
end_of_record
TN:
SF:C:\Users\two\Desktop\work work\zkEraFi\contracts\access\interfaces\IZkeMultisig.sol
FNF:0
FNH:0
LF:0
LH:0
BRF:0
BRH:0
end_of_record
TN:
SF:C:\Users\two\Desktop\work work\zkEraFi\contracts\access\TokenManager.sol
FN:36,constructor
FN:41,onlyAdmin
FN:46,onlySigner
FN:51,initialize
FN:62,signersLength
FN:66,signalApprove
FN:74,signApprove
FN:82,approve
FN:91,signalApproveNFT
FN:99,signApproveNFT
FN:107,approveNFT
FN:116,signalApproveNFTs
FN:124,signApproveNFTs
FN:132,approveNFTs
FN:143,receiveNFTs
FN:149,signalSetAdmin
FN:158,signSetAdmin
FN:166,setAdmin
FN:175,signalSetGov
FN:184,signSetGov
FN:192,setGov
FN:201,_setPendingAction
FN:206,_validateAction
FN:210,_validateAuthorization
FN:225,_clearAction
FNF:25
FNH:25
FNDA:54,constructor
FNDA:72,onlyAdmin
FNDA:55,onlySigner
FNDA:19,initialize
FNDA:1,signersLength
FNDA:3,signalApprove
FNDA:6,signApprove
FNDA:7,approve
FNDA:3,signalApproveNFT
FNDA:6,signApproveNFT
FNDA:7,approveNFT
FNDA:4,signalApproveNFTs
FNDA:8,signApproveNFTs
FNDA:8,approveNFTs
FNDA:2,receiveNFTs
FNDA:3,signalSetAdmin
FNDA:5,signSetAdmin
FNDA:6,setAdmin
FNDA:3,signalSetGov
FNDA:6,signSetGov
FNDA:8,setGov
FNDA:16,_setPendingAction
FNDA:67,_validateAction
FNDA:15,_validateAuthorization
FNDA:6,_clearAction
DA:37,54
DA:38,54
DA:42,72
DA:43,64
DA:47,55
DA:48,40
DA:52,19
DA:53,18
DA:55,18
DA:56,18
DA:57,54
DA:58,54
DA:63,1
DA:67,3
DA:68,3
DA:69,3
DA:70,3
DA:71,3
DA:75,6
DA:76,6
DA:77,5
DA:78,4
DA:79,4
DA:83,7
DA:84,7
DA:85,3
DA:87,1
DA:88,1
DA:92,3
DA:93,3
DA:94,3
DA:95,3
DA:96,3
DA:100,6
DA:101,6
DA:102,5
DA:103,4
DA:104,4
DA:108,7
DA:109,7
DA:110,3
DA:112,1
DA:113,1
DA:117,4
DA:118,4
DA:119,4
DA:120,4
DA:121,4
DA:125,8
DA:126,8
DA:127,7
DA:128,6
DA:129,6
DA:133,8
DA:134,8
DA:135,4
DA:137,2
DA:138,4
DA:140,2
DA:144,2
DA:145,3
DA:150,3
DA:151,3
DA:152,3
DA:153,3
DA:154,3
DA:155,3
DA:159,5
DA:160,5
DA:161,4
DA:162,2
DA:163,2
DA:167,6
DA:168,6
DA:169,2
DA:171,1
DA:172,1
DA:176,3
DA:177,3
DA:178,3
DA:179,3
DA:180,3
DA:181,3
DA:185,6
DA:186,6
DA:187,5
DA:188,4
DA:189,4
DA:193,8
DA:194,8
DA:195,3
DA:197,1
DA:198,1
DA:202,16
DA:203,16
DA:207,67
DA:211,15
DA:212,15
DA:213,45
DA:214,45
DA:215,17
DA:219,15
DA:220,4
DA:222,11
DA:226,6
DA:227,6
DA:228,6
LF:107
LH:107
BRDA:42,1,0,64
BRDA:42,1,1,8
BRDA:47,2,0,40
BRDA:47,2,1,15
BRDA:51,3,0,19
BRDA:51,3,1,0
BRDA:52,4,0,18
BRDA:52,4,1,1
BRDA:66,5,0,4
BRDA:66,5,1,0
BRDA:66,6,0,3
BRDA:66,6,1,1
BRDA:74,7,0,8
BRDA:74,7,1,0
BRDA:74,8,0,6
BRDA:74,8,1,2
BRDA:77,9,0,4
BRDA:77,9,1,1
BRDA:82,10,0,8
BRDA:82,10,1,0
BRDA:82,11,0,7
BRDA:82,11,1,1
BRDA:91,12,0,4
BRDA:91,12,1,0
BRDA:91,13,0,3
BRDA:91,13,1,1
BRDA:99,14,0,8
BRDA:99,14,1,0
BRDA:99,15,0,6
BRDA:99,15,1,2
BRDA:102,16,0,4
BRDA:102,16,1,1
BRDA:107,17,0,8
BRDA:107,17,1,0
BRDA:107,18,0,7
BRDA:107,18,1,1
BRDA:116,19,0,5
BRDA:116,19,1,0
BRDA:116,20,0,4
BRDA:116,20,1,1
BRDA:124,21,0,10
BRDA:124,21,1,0
BRDA:124,22,0,8
BRDA:124,22,1,2
BRDA:127,23,0,6
BRDA:127,23,1,1
BRDA:132,24,0,9
BRDA:132,24,1,0
BRDA:132,25,0,8
BRDA:132,25,1,1
BRDA:143,26,0,2
BRDA:143,26,1,0
BRDA:143,27,0,2
BRDA:143,27,1,0
BRDA:149,28,0,5
BRDA:149,28,1,0
BRDA:149,29,0,3
BRDA:149,29,1,2
BRDA:158,30,0,8
BRDA:158,30,1,0
BRDA:158,31,0,5
BRDA:158,31,1,3
BRDA:161,32,0,2
BRDA:161,32,1,2
BRDA:166,33,0,8
BRDA:166,33,1,0
BRDA:166,34,0,6
BRDA:166,34,1,2
BRDA:175,35,0,4
BRDA:175,35,1,0
BRDA:175,36,0,3
BRDA:175,36,1,1
BRDA:184,37,0,8
BRDA:184,37,1,0
BRDA:184,38,0,6
BRDA:184,38,1,2
BRDA:187,39,0,4
BRDA:187,39,1,1
BRDA:192,40,0,9
BRDA:192,40,1,0
BRDA:192,41,0,8
BRDA:192,41,1,1
BRDA:207,42,0,41
BRDA:207,42,1,26
BRDA:214,43,0,17
BRDA:214,43,1,28
BRDA:219,44,0,4
BRDA:219,44,1,11
BRDA:222,45,0,6
BRDA:222,45,1,5
BRDA:226,46,0,6
BRDA:226,46,1,0
BRF:92
BRH:73
end_of_record
TN:
SF:C:\Users\two\Desktop\work work\zkEraFi\contracts\access\ZkeMultisig.sol
FN:92,constructor
FN:106,onlySigner
FN:111,signersLength
FN:115,signalApprove
FN:123,signApprove
FN:131,approve
FN:140,signalApproveNFTs
FN:148,signApproveNFTs
FN:156,approveNFTs
FN:167,signalApproveAllNFT
FN:175,signApproveAllNFT
FN:183,approveAllNFT
FN:193,receiveNFTs
FN:199,signalTransferNFTs
FN:208,signTransferNFTs
FN:216,transferNFTs
FN:227,signalTransfer
FN:235,signTransfer
FN:243,transfer
FN:252,signalTransferFrom
FN:260,signTransferFrom
FN:268,transferFrom
FN:277,signalTransferETH
FN:285,signTransferETH
FN:293,transferETH
FN:303,signalTransaction
FN:311,signTransaction
FN:319,executeTransaction
FN:331,signalSetMinAuthorizations
FN:345,signSetMinAuthorizations
FN:361,setMinAuthorizations
FN:375,signalSetSigner
FN:390,signSetSigner
FN:407,setSigner
FN:425,_setPendingAction
FN:430,_validateAction
FN:434,_validateAuthorization
FN:452,_clearAction
FN:458,deleteSigner
FN:469,getIndex
FNF:40
FNH:39
FNDA:93,constructor
FNDA:209,onlySigner
FNDA:8,signersLength
FNDA:3,signalApprove
FNDA:6,signApprove
FNDA:7,approve
FNDA:3,signalApproveNFTs
FNDA:6,signApproveNFTs
FNDA:7,approveNFTs
FNDA:4,signalApproveAllNFT
FNDA:8,signApproveAllNFT
FNDA:8,approveAllNFT
FNDA:2,receiveNFTs
FNDA:4,signalTransferNFTs
FNDA:6,signTransferNFTs
FNDA:7,transferNFTs
FNDA:3,signalTransfer
FNDA:6,signTransfer
FNDA:7,transfer
FNDA:3,signalTransferFrom
FNDA:6,signTransferFrom
FNDA:8,transferFrom
FNDA:3,signalTransferETH
FNDA:6,signTransferETH
FNDA:7,transferETH
FNDA:2,signalTransaction
FNDA:4,signTransaction
FNDA:0,executeTransaction
FNDA:6,signalSetMinAuthorizations
FNDA:9,signSetMinAuthorizations
FNDA:8,setMinAuthorizations
FNDA:6,signalSetSigner
FNDA:8,signSetSigner
FNDA:7,setSigner
FNDA:32,_setPendingAction
FNDA:131,_validateAction
FNDA:32,_validateAuthorization
FNDA:12,_clearAction
FNDA:1,deleteSigner
FNDA:1,getIndex
DA:96,93
DA:97,93
DA:98,93
DA:99,372
DA:100,372
DA:107,209
DA:108,170
DA:112,8
DA:116,3
DA:117,3
DA:118,3
DA:119,3
DA:120,3
DA:124,6
DA:125,6
DA:126,5
DA:127,4
DA:128,4
DA:132,7
DA:133,7
DA:134,3
DA:136,1
DA:137,1
DA:141,3
DA:142,3
DA:143,3
DA:144,3
DA:145,3
DA:149,6
DA:150,6
DA:151,5
DA:152,4
DA:153,4
DA:157,7
DA:158,7
DA:159,3
DA:161,1
DA:162,2
DA:164,1
DA:168,4
DA:169,4
DA:170,4
DA:171,4
DA:172,4
DA:176,8
DA:177,8
DA:178,7
DA:179,6
DA:180,6
DA:184,8
DA:185,8
DA:186,4
DA:188,2
DA:190,2
DA:194,2
DA:195,3
DA:200,4
DA:201,3
DA:202,3
DA:203,3
DA:204,3
DA:205,3
DA:209,6
DA:210,6
DA:211,5
DA:212,4
DA:213,4
DA:217,7
DA:218,7
DA:219,3
DA:221,1
DA:222,2
DA:224,1
DA:228,3
DA:229,3
DA:230,3
DA:231,3
DA:232,3
DA:236,6
DA:237,6
DA:238,5
DA:239,4
DA:240,4
DA:244,7
DA:245,7
DA:246,3
DA:248,1
DA:249,1
DA:253,3
DA:254,3
DA:255,3
DA:256,3
DA:257,3
DA:261,6
DA:262,6
DA:263,5
DA:264,4
DA:265,4
DA:269,8
DA:270,8
DA:271,4
DA:273,2
DA:274,1
DA:278,3
DA:279,3
DA:280,3
DA:281,3
DA:282,3
DA:286,6
DA:287,6
DA:288,5
DA:289,4
DA:290,4
DA:294,7
DA:295,7
DA:296,3
DA:298,1
DA:299,1
DA:300,1
DA:304,2
DA:305,2
DA:306,2
DA:307,2
DA:308,2
DA:312,4
DA:313,4
DA:314,3
DA:315,2
DA:316,2
DA:320,0
DA:321,0
DA:322,0
DA:324,0
DA:325,0
DA:326,0
DA:332,6
DA:333,4
DA:334,4
DA:335,4
DA:338,4
DA:339,4
DA:346,9
DA:349,9
DA:350,8
DA:354,7
DA:355,7
DA:362,8
DA:365,8
DA:366,5
DA:368,2
DA:369,2
DA:376,6
DA:377,4
DA:378,4
DA:379,4
DA:382,4
DA:383,4
DA:391,8
DA:394,8
DA:395,7
DA:399,6
DA:400,6
DA:408,7
DA:411,7
DA:412,4
DA:414,2
DA:415,1
DA:416,1
DA:419,1
DA:420,1
DA:422,2
DA:426,32
DA:427,32
DA:431,131
DA:435,32
DA:436,32
DA:437,129
DA:438,129
DA:439,38
DA:443,32
DA:444,9
DA:446,23
DA:453,12
DA:454,12
DA:455,12
DA:459,1
DA:460,1
DA:461,1
DA:462,0
DA:464,1
DA:465,1
DA:470,1
DA:471,1
DA:472,2
DA:473,1
DA:476,0
LF:196
LH:188
BRDA:107,1,0,170
BRDA:107,1,1,39
BRDA:115,2,0,4
BRDA:115,2,1,0
BRDA:115,3,0,3
BRDA:115,3,1,1
BRDA:123,4,0,8
BRDA:123,4,1,0
BRDA:123,5,0,6
BRDA:123,5,1,2
BRDA:126,6,0,4
BRDA:126,6,1,1
BRDA:131,7,0,8
BRDA:131,7,1,0
BRDA:131,8,0,7
BRDA:131,8,1,1
BRDA:140,9,0,4
BRDA:140,9,1,0
BRDA:140,10,0,3
BRDA:140,10,1,1
BRDA:148,11,0,8
BRDA:148,11,1,0
BRDA:148,12,0,6
BRDA:148,12,1,2
BRDA:151,13,0,4
BRDA:151,13,1,1
BRDA:156,14,0,8
BRDA:156,14,1,0
BRDA:156,15,0,7
BRDA:156,15,1,1
BRDA:167,16,0,5
BRDA:167,16,1,0
BRDA:167,17,0,4
BRDA:167,17,1,1
BRDA:175,18,0,10
BRDA:175,18,1,0
BRDA:175,19,0,8
BRDA:175,19,1,2
BRDA:178,20,0,6
BRDA:178,20,1,1
BRDA:183,21,0,9
BRDA:183,21,1,0
BRDA:183,22,0,8
BRDA:183,22,1,1
BRDA:193,23,0,2
BRDA:193,23,1,0
BRDA:193,24,0,2
BRDA:193,24,1,0
BRDA:199,25,0,5
BRDA:199,25,1,0
BRDA:199,26,0,4
BRDA:199,26,1,1
BRDA:200,27,0,3
BRDA:200,27,1,1
BRDA:208,28,0,8
BRDA:208,28,1,0
BRDA:208,29,0,6
BRDA:208,29,1,2
BRDA:211,30,0,4
BRDA:211,30,1,1
BRDA:216,31,0,8
BRDA:216,31,1,0
BRDA:216,32,0,7
BRDA:216,32,1,1
BRDA:227,33,0,4
BRDA:227,33,1,0
BRDA:227,34,0,3
BRDA:227,34,1,1
BRDA:235,35,0,8
BRDA:235,35,1,0
BRDA:235,36,0,6
BRDA:235,36,1,2
BRDA:238,37,0,4
BRDA:238,37,1,1
BRDA:243,38,0,8
BRDA:243,38,1,0
BRDA:243,39,0,7
BRDA:243,39,1,1
BRDA:252,40,0,4
BRDA:252,40,1,0
BRDA:252,41,0,3
BRDA:252,41,1,1
BRDA:260,42,0,8
BRDA:260,42,1,0
BRDA:260,43,0,6
BRDA:260,43,1,2
BRDA:263,44,0,4
BRDA:263,44,1,1
BRDA:268,45,0,9
BRDA:268,45,1,0
BRDA:268,46,0,8
BRDA:268,46,1,1
BRDA:277,47,0,4
BRDA:277,47,1,0
BRDA:277,48,0,3
BRDA:277,48,1,1
BRDA:285,49,0,8
BRDA:285,49,1,0
BRDA:285,50,0,6
BRDA:285,50,1,2
BRDA:288,51,0,4
BRDA:288,51,1,1
BRDA:293,52,0,8
BRDA:293,52,1,0
BRDA:293,53,0,7
BRDA:293,53,1,1
BRDA:299,54,0,1
BRDA:299,54,1,0
BRDA:303,55,0,3
BRDA:303,55,1,0
BRDA:303,56,0,2
BRDA:303,56,1,1
BRDA:311,57,0,6
BRDA:311,57,1,0
BRDA:311,58,0,4
BRDA:311,58,1,2
BRDA:314,59,0,2
BRDA:314,59,1,1
BRDA:319,60,0,0
BRDA:319,60,1,0
BRDA:319,61,0,0
BRDA:319,61,1,0
BRDA:325,62,0,0
BRDA:325,62,1,0
BRDA:331,63,0,7
BRDA:331,63,1,0
BRDA:331,64,0,6
BRDA:331,64,1,1
BRDA:332,65,0,4
BRDA:332,65,1,2
BRDA:345,66,0,11
BRDA:345,66,1,0
BRDA:345,67,0,9
BRDA:345,67,1,2
BRDA:350,68,0,7
BRDA:350,68,1,1
BRDA:361,69,0,9
BRDA:361,69,1,0
BRDA:361,70,0,8
BRDA:361,70,1,1
BRDA:375,71,0,7
BRDA:375,71,1,0
BRDA:375,72,0,6
BRDA:375,72,1,1
BRDA:376,73,0,4
BRDA:376,73,1,2
BRDA:390,74,0,10
BRDA:390,74,1,0
BRDA:390,75,0,8
BRDA:390,75,1,2
BRDA:395,76,0,6
BRDA:395,76,1,1
BRDA:407,77,0,8
BRDA:407,77,1,0
BRDA:407,78,0,7
BRDA:407,78,1,1
BRDA:414,79,0,1
BRDA:414,79,1,1
BRDA:431,80,0,87
BRDA:431,80,1,44
BRDA:438,81,0,38
BRDA:438,81,1,91
BRDA:443,82,0,9
BRDA:443,82,1,23
BRDA:446,83,0,13
BRDA:446,83,1,10
BRDA:453,84,0,12
BRDA:453,84,1,0
BRDA:461,85,0,0
BRDA:461,85,1,1
BRDA:472,86,0,1
BRDA:472,86,1,1
BRF:172
BRH:132
end_of_record
TN:
SF:C:\Users\two\Desktop\work work\zkEraFi\contracts\amm\interfaces\IPancakeFactory.sol
FNF:0
FNH:0
LF:0
LH:0
BRF:0
BRH:0
end_of_record
TN:
SF:C:\Users\two\Desktop\work work\zkEraFi\contracts\amm\interfaces\IPancakePair.sol
FNF:0
FNH:0
LF:0
LH:0
BRF:0
BRH:0
end_of_record
TN:
SF:C:\Users\two\Desktop\work work\zkEraFi\contracts\core\BasePositionManager_0_8_18.sol
FN:81,onlyAdmin
FN:86,constructor
FN:106,setAdmin
FN:111,setEthTransferGasLimit
FN:116,setDepositFee
FN:121,setIncreasePositionBufferBps
FN:126,setReferralStorage
FN:135,setMaxGlobalSizes
FN:145,withdrawFees
FN:155,approve
FN:159,sendValue
FN:163,_validateMaxGlobalSize
FN:181,_increasePosition
FN:199,_decreasePosition
FN:226,_swap
FN:233,_vaultSwap
FN:239,_transferInETH
FN:245,_transferOutETHWithGasLimitFallbackToWeth
FN:258,_collectFees
FN:288,_emitIncreasePositionReferral
FN:307,_emitDecreasePositionReferral
FNF:21
FNH:20
FNDA:186,onlyAdmin
FNDA:225,constructor
FNDA:20,setAdmin
FNDA:0,setEthTransferGasLimit
FNDA:1,setDepositFee
FNDA:1,setIncreasePositionBufferBps
FNDA:43,setReferralStorage
FNDA:5,setMaxGlobalSizes
FNDA:6,withdrawFees
FNDA:2,approve
FNDA:1,sendValue
FNDA:117,_validateMaxGlobalSize
FNDA:107,_increasePosition
FNDA:48,_decreasePosition
FNDA:63,_swap
FNDA:63,_vaultSwap
FNDA:89,_transferInETH
FNDA:60,_transferOutETHWithGasLimitFallbackToWeth
FNDA:107,_collectFees
FNDA:99,_emitIncreasePositionReferral
FNDA:46,_emitDecreasePositionReferral
DA:82,186
DA:83,168
DA:93,225
DA:94,0
DA:95,0
DA:96,0
DA:97,225
DA:99,0
DA:107,20
DA:108,20
DA:112,0
DA:113,0
DA:117,1
DA:118,1
DA:122,1
DA:123,1
DA:127,43
DA:128,43
DA:136,5
DA:137,11
DA:138,11
DA:139,11
DA:142,5
DA:146,6
DA:147,6
DA:149,3
DA:150,3
DA:152,3
DA:156,2
DA:160,1
DA:164,117
DA:165,14
DA:168,103
DA:169,46
DA:170,46
DA:171,1
DA:174,57
DA:175,57
DA:176,1
DA:182,107
DA:184,105
DA:196,91
DA:200,48
DA:202,48
DA:203,48
DA:204,21
DA:206,27
DA:209,46
DA:212,46
DA:214,46
DA:215,46
DA:216,44
DA:218,44
DA:223,44
DA:227,63
DA:228,63
DA:230,0
DA:234,63
DA:235,60
DA:236,54
DA:240,89
DA:241,89
DA:246,60
DA:247,60
DA:249,60
DA:251,60
DA:254,0
DA:255,0
DA:266,107
DA:277,107
DA:278,10
DA:279,10
DA:280,10
DA:281,10
DA:282,10
DA:285,97
DA:289,99
DA:290,99
DA:293,33
DA:294,33
DA:296,30
DA:298,30
DA:308,46
DA:309,46
DA:311,16
DA:312,16
DA:314,14
DA:316,14
LF:88
LH:79
BRDA:82,1,0,168
BRDA:82,1,1,18
BRDA:106,2,0,20
BRDA:106,2,1,1
BRDA:111,3,0,0
BRDA:111,3,1,0
BRDA:116,4,0,1
BRDA:116,4,1,2
BRDA:121,5,0,1
BRDA:121,5,1,1
BRDA:126,6,0,43
BRDA:126,6,1,1
BRDA:135,7,0,5
BRDA:135,7,1,1
BRDA:145,8,0,6
BRDA:145,8,1,1
BRDA:147,9,0,3
BRDA:147,9,1,3
BRDA:155,10,0,2
BRDA:155,10,1,2
BRDA:159,11,0,1
BRDA:159,11,1,1
BRDA:164,12,0,14
BRDA:164,12,1,103
BRDA:168,13,0,46
BRDA:168,13,1,57
BRDA:170,14,0,1
BRDA:170,14,1,45
BRDA:175,15,0,1
BRDA:175,15,1,56
BRDA:202,16,0,21
BRDA:202,16,1,27
BRDA:203,17,0,21
BRDA:203,17,1,27
BRDA:204,18,0,20
BRDA:204,18,1,1
BRDA:206,19,0,26
BRDA:206,19,1,1
BRDA:227,20,0,63
BRDA:227,20,1,0
BRDA:235,21,0,54
BRDA:235,21,1,6
BRDA:240,22,0,89
BRDA:240,22,1,0
BRDA:251,23,0,60
BRDA:251,23,1,0
BRDA:277,24,0,10
BRDA:277,24,1,97
BRDA:290,25,0,66
BRDA:290,25,1,33
BRDA:294,26,0,3
BRDA:294,26,1,30
BRDA:309,27,0,30
BRDA:309,27,1,16
BRDA:312,28,0,2
BRDA:312,28,1,14
BRF:56
BRH:51
end_of_record
TN:
SF:C:\Users\two\Desktop\work work\zkEraFi\contracts\core\BasePositionManager.sol
FN:84,onlyAdmin
FN:89,constructor
FN:109,setAdmin
FN:114,setEthTransferGasLimit
FN:119,setDepositFee
FN:124,setIncreasePositionBufferBps
FN:129,setReferralStorage
FN:138,setMaxGlobalSizes
FN:148,withdrawFees
FN:158,approve
FN:162,sendValue
FN:166,_validateMaxGlobalSize
FN:184,_increasePosition
FN:202,_decreasePosition
FN:229,_swap
FN:236,_vaultSwap
FN:242,_transferInETH
FN:248,_transferOutETHWithGasLimitFallbackToWeth
FN:261,_collectFees
FN:291,_emitIncreasePositionReferral
FN:310,_emitDecreasePositionReferral
FNF:21
FNH:0
FNDA:0,onlyAdmin
FNDA:0,constructor
FNDA:0,setAdmin
FNDA:0,setEthTransferGasLimit
FNDA:0,setDepositFee
FNDA:0,setIncreasePositionBufferBps
FNDA:0,setReferralStorage
FNDA:0,setMaxGlobalSizes
FNDA:0,withdrawFees
FNDA:0,approve
FNDA:0,sendValue
FNDA:0,_validateMaxGlobalSize
FNDA:0,_increasePosition
FNDA:0,_decreasePosition
FNDA:0,_swap
FNDA:0,_vaultSwap
FNDA:0,_transferInETH
FNDA:0,_transferOutETHWithGasLimitFallbackToWeth
FNDA:0,_collectFees
FNDA:0,_emitIncreasePositionReferral
FNDA:0,_emitDecreasePositionReferral
DA:85,0
DA:86,0
DA:96,0
DA:97,0
DA:98,0
DA:99,0
DA:100,0
DA:102,0
DA:106,0
DA:110,0
DA:111,0
DA:115,0
DA:116,0
DA:120,0
DA:121,0
DA:125,0
DA:126,0
DA:130,0
DA:131,0
DA:139,0
DA:140,0
DA:141,0
DA:142,0
DA:145,0
DA:149,0
DA:150,0
DA:152,0
DA:153,0
DA:155,0
DA:159,0
DA:163,0
DA:167,0
DA:168,0
DA:171,0
DA:172,0
DA:173,0
DA:174,0
DA:177,0
DA:178,0
DA:179,0
DA:185,0
DA:187,0
DA:199,0
DA:203,0
DA:205,0
DA:206,0
DA:207,0
DA:209,0
DA:212,0
DA:215,0
DA:217,0
DA:218,0
DA:219,0
DA:221,0
DA:226,0
DA:230,0
DA:231,0
DA:233,0
DA:237,0
DA:238,0
DA:239,0
DA:243,0
DA:244,0
DA:249,0
DA:250,0
DA:252,0
DA:254,0
DA:257,0
DA:258,0
DA:269,0
DA:280,0
DA:281,0
DA:282,0
DA:283,0
DA:284,0
DA:285,0
DA:288,0
DA:292,0
DA:293,0
DA:296,0
DA:297,0
DA:299,0
DA:301,0
DA:311,0
DA:312,0
DA:314,0
DA:315,0
DA:317,0
DA:319,0
LF:89
LH:0
BRDA:85,1,0,0
BRDA:85,1,1,0
BRDA:106,2,0,0
BRDA:106,2,1,0
BRDA:109,3,0,0
BRDA:109,3,1,0
BRDA:114,4,0,0
BRDA:114,4,1,0
BRDA:119,5,0,0
BRDA:119,5,1,0
BRDA:124,6,0,0
BRDA:124,6,1,0
BRDA:129,7,0,0
BRDA:129,7,1,0
BRDA:138,8,0,0
BRDA:138,8,1,0
BRDA:148,9,0,0
BRDA:148,9,1,0
BRDA:150,10,0,0
BRDA:150,10,1,0
BRDA:158,11,0,0
BRDA:158,11,1,0
BRDA:162,12,0,0
BRDA:162,12,1,0
BRDA:167,13,0,0
BRDA:167,13,1,0
BRDA:171,14,0,0
BRDA:171,14,1,0
BRDA:173,15,0,0
BRDA:173,15,1,0
BRDA:178,16,0,0
BRDA:178,16,1,0
BRDA:205,17,0,0
BRDA:205,17,1,0
BRDA:206,18,0,0
BRDA:206,18,1,0
BRDA:207,19,0,0
BRDA:207,19,1,0
BRDA:209,20,0,0
BRDA:209,20,1,0
BRDA:230,21,0,0
BRDA:230,21,1,0
BRDA:238,22,0,0
BRDA:238,22,1,0
BRDA:243,23,0,0
BRDA:243,23,1,0
BRDA:254,24,0,0
BRDA:254,24,1,0
BRDA:280,25,0,0
BRDA:280,25,1,0
BRDA:293,26,0,0
BRDA:293,26,1,0
BRDA:297,27,0,0
BRDA:297,27,1,0
BRDA:312,28,0,0
BRDA:312,28,1,0
BRDA:315,29,0,0
BRDA:315,29,1,0
BRF:58
BRH:0
end_of_record
TN:
SF:C:\Users\two\Desktop\work work\zkEraFi\contracts\core\interfaces\IBasePositionManager_0_8_18.sol
FNF:0
FNH:0
LF:0
LH:0
BRF:0
BRH:0
end_of_record
TN:
SF:C:\Users\two\Desktop\work work\zkEraFi\contracts\core\interfaces\IBasePositionManager.sol
FNF:0
FNH:0
LF:0
LH:0
BRF:0
BRH:0
end_of_record
TN:
SF:C:\Users\two\Desktop\work work\zkEraFi\contracts\core\interfaces\IOrderBook_0_8_18.sol
FNF:0
FNH:0
LF:0
LH:0
BRF:0
BRH:0
end_of_record
TN:
SF:C:\Users\two\Desktop\work work\zkEraFi\contracts\core\interfaces\IOrderBook.sol
FNF:0
FNH:0
LF:0
LH:0
BRF:0
BRH:0
end_of_record
TN:
SF:C:\Users\two\Desktop\work work\zkEraFi\contracts\core\interfaces\IPositionRouter_0_8_18.sol
FNF:0
FNH:0
LF:0
LH:0
BRF:0
BRH:0
end_of_record
TN:
SF:C:\Users\two\Desktop\work work\zkEraFi\contracts\core\interfaces\IPositionRouter.sol
FNF:0
FNH:0
LF:0
LH:0
BRF:0
BRH:0
end_of_record
TN:
SF:C:\Users\two\Desktop\work work\zkEraFi\contracts\core\interfaces\IPositionRouterCallbackReceiver_0_8_18.sol
FNF:0
FNH:0
LF:0
LH:0
BRF:0
BRH:0
end_of_record
TN:
SF:C:\Users\two\Desktop\work work\zkEraFi\contracts\core\interfaces\IPositionRouterCallbackReceiver.sol
FNF:0
FNH:0
LF:0
LH:0
BRF:0
BRH:0
end_of_record
TN:
SF:C:\Users\two\Desktop\work work\zkEraFi\contracts\core\interfaces\IRouter_0_8_18.sol
FNF:0
FNH:0
LF:0
LH:0
BRF:0
BRH:0
end_of_record
TN:
SF:C:\Users\two\Desktop\work work\zkEraFi\contracts\core\interfaces\IRouter.sol
FNF:0
FNH:0
LF:0
LH:0
BRF:0
BRH:0
end_of_record
TN:
SF:C:\Users\two\Desktop\work work\zkEraFi\contracts\core\interfaces\IShortsTracker_0_8_18.sol
FNF:0
FNH:0
LF:0
LH:0
BRF:0
BRH:0
end_of_record
TN:
SF:C:\Users\two\Desktop\work work\zkEraFi\contracts\core\interfaces\IShortsTracker.sol
FNF:0
FNH:0
LF:0
LH:0
BRF:0
BRH:0
end_of_record
TN:
SF:C:\Users\two\Desktop\work work\zkEraFi\contracts\core\interfaces\IVault_0_8_18.sol
FNF:0
FNH:0
LF:0
LH:0
BRF:0
BRH:0
end_of_record
TN:
SF:C:\Users\two\Desktop\work work\zkEraFi\contracts\core\interfaces\IVault.sol
FNF:0
FNH:0
LF:0
LH:0
BRF:0
BRH:0
end_of_record
TN:
SF:C:\Users\two\Desktop\work work\zkEraFi\contracts\core\interfaces\IVaultPriceFeed.sol
FNF:0
FNH:0
LF:0
LH:0
BRF:0
BRH:0
end_of_record
TN:
SF:C:\Users\two\Desktop\work work\zkEraFi\contracts\core\interfaces\IVaultUtils_0_8_18.sol
FNF:0
FNH:0
LF:0
LH:0
BRF:0
BRH:0
end_of_record
TN:
SF:C:\Users\two\Desktop\work work\zkEraFi\contracts\core\interfaces\IVaultUtils.sol
FNF:0
FNH:0
LF:0
LH:0
BRF:0
BRH:0
end_of_record
TN:
SF:C:\Users\two\Desktop\work work\zkEraFi\contracts\core\interfaces\IZlpManager_0_8_18.sol
FNF:0
FNH:0
LF:0
LH:0
BRF:0
BRH:0
end_of_record
TN:
SF:C:\Users\two\Desktop\work work\zkEraFi\contracts\core\interfaces\IZlpManager.sol
FNF:0
FNH:0
LF:0
LH:0
BRF:0
BRH:0
end_of_record
TN:
SF:C:\Users\two\Desktop\work work\zkEraFi\contracts\core\OrderBookV2.sol
FN:231,onlyGov
FN:236,onlyHandler
FN:241,constructor
FN:253,initialize
FN:279,setPyth
FN:283,setHandler
FN:287,setMinExecutionFee
FN:295,setMinPurchaseTokenAmountUsd
FN:301,setGov
FN:307,getSwapOrder
FN:349,createSwapOrder
FN:373,createSwapOrderByAccount
FN:387,_createSwapOrder
FN:424,cancelMultiple
FN:445,cancelMultipleByAccount
FN:457,cancelSwapOrder
FN:464,cancelSwapOrderByAccount
FN:468,getUsdgMinPrice
FN:485,validateSwapOrderPriceWithTriggerAboveThreshold
FN:531,updateSwapOrder
FN:547,updateSwapOrderByAccount
FN:561,executeSwapOrder
FN:570,executeSwapOrder
FN:575,_proceedCreateSwapOrder
FN:634,_proceedCancelSwapOrder
FN:666,_proceedUpdateSwapOrder
FN:693,_proceedCreateIncreaseOrder
FN:768,_proceedCancelIncreaseOrder
FN:805,_proceedCreateDecreaseOrder
FN:835,_proceedCancelDecreaseOrder
FN:859,_executeSwapOrder
FN:908,validatePositionOrderPrice
FN:927,getDecreaseOrder
FN:958,getIncreaseOrder
FN:1004,createIncreaseOrder
FN:1036,createIncreaseOrderByAccount
FN:1054,_createIncreaseOrder
FN:1102,updateIncreaseOrder
FN:1118,updateIncreaseOrderByAccount
FN:1128,_proceedUpdateIncreaseOrder
FN:1154,_proceedUpdateDecreaseOrder
FN:1183,cancelIncreaseOrder
FN:1190,cancelIncreaseOrderByAccount
FN:1199,executeIncreaseOrder
FN:1208,executeIncreaseOrder
FN:1212,_executeIncreaseOrder
FN:1281,createDecreaseOrder
FN:1303,createDecreaseOrderByAccount
FN:1316,_createDecreaseOrder
FN:1361,executeDecreaseOrder
FN:1370,executeDecreaseOrder
FN:1374,_executeDecreaseOrder
FN:1432,cancelDecreaseOrder
FN:1439,cancelDecreaseOrderByAccount
FN:1449,updateDecreaseOrder
FN:1467,updateDecreaseOrderByAccount
FN:1478,_transferInETH
FN:1484,_transferOutETH
FN:1492,_swap
FN:1509,_vaultSwap
FN:1536,_updatePrice
FNF:61
FNH:48
FNDA:184,onlyGov
FNDA:38,onlyHandler
FNDA:267,constructor
FNDA:90,initialize
FNDA:0,setPyth
FNDA:86,setHandler
FNDA:1,setMinExecutionFee
FNDA:1,setMinPurchaseTokenAmountUsd
FNDA:2,setGov
FNDA:2,getSwapOrder
FNDA:34,createSwapOrder
FNDA:0,createSwapOrderByAccount
FNDA:24,_createSwapOrder
FNDA:3,cancelMultiple
FNDA:0,cancelMultipleByAccount
FNDA:5,cancelSwapOrder
FNDA:0,cancelSwapOrderByAccount
FNDA:9,getUsdgMinPrice
FNDA:19,validateSwapOrderPriceWithTriggerAboveThreshold
FNDA:4,updateSwapOrder
FNDA:0,updateSwapOrderByAccount
FNDA:1,executeSwapOrder
FNDA:30,executeSwapOrder
FNDA:34,_proceedCreateSwapOrder
FNDA:5,_proceedCancelSwapOrder
FNDA:4,_proceedUpdateSwapOrder
FNDA:0,_proceedCreateIncreaseOrder
FNDA:5,_proceedCancelIncreaseOrder
FNDA:21,_proceedCreateDecreaseOrder
FNDA:0,_proceedCancelDecreaseOrder
FNDA:31,_executeSwapOrder
FNDA:36,validatePositionOrderPrice
FNDA:4,getDecreaseOrder
FNDA:20,getIncreaseOrder
FNDA:42,createIncreaseOrder
FNDA:0,createIncreaseOrderByAccount
FNDA:33,_createIncreaseOrder
FNDA:2,updateIncreaseOrder
FNDA:0,updateIncreaseOrderByAccount
FNDA:2,_proceedUpdateIncreaseOrder
FNDA:2,_proceedUpdateDecreaseOrder
FNDA:5,cancelIncreaseOrder
FNDA:0,cancelIncreaseOrderByAccount
FNDA:16,executeIncreaseOrder
FNDA:8,executeIncreaseOrder
FNDA:24,_executeIncreaseOrder
FNDA:21,createDecreaseOrder
FNDA:0,createDecreaseOrderByAccount
FNDA:20,_createDecreaseOrder
FNDA:12,executeDecreaseOrder
FNDA:2,executeDecreaseOrder
FNDA:14,_executeDecreaseOrder
FNDA:3,cancelDecreaseOrder
FNDA:0,cancelDecreaseOrderByAccount
FNDA:2,updateDecreaseOrder
FNDA:0,updateDecreaseOrderByAccount
FNDA:93,_transferInETH
FNDA:47,_transferOutETH
FNDA:29,_swap
FNDA:33,_vaultSwap
FNDA:100,_updatePrice
DA:232,184
DA:233,180
DA:237,38
DA:238,38
DA:242,267
DA:254,90
DA:255,89
DA:257,89
DA:258,89
DA:259,89
DA:260,89
DA:261,89
DA:262,89
DA:263,89
DA:265,89
DA:276,47
DA:280,0
DA:284,86
DA:288,1
DA:290,1
DA:296,1
DA:298,1
DA:302,2
DA:304,2
DA:326,2
DA:327,2
DA:350,34
DA:374,0
DA:397,24
DA:398,24
DA:408,24
DA:409,24
DA:411,24
DA:429,3
DA:430,2
DA:432,2
DA:433,1
DA:435,2
DA:436,1
DA:446,0
DA:447,0
DA:449,0
DA:450,0
DA:452,0
DA:453,0
DA:458,5
DA:465,0
DA:472,9
DA:476,9
DA:478,9
DA:481,9
DA:489,19
DA:497,19
DA:498,19
DA:499,19
DA:500,19
DA:507,19
DA:509,9
DA:511,10
DA:514,19
DA:515,3
DA:517,16
DA:520,19
DA:522,19
DA:523,19
DA:532,4
DA:548,0
DA:562,1
DA:571,30
DA:572,30
DA:586,34
DA:590,32
DA:594,31
DA:595,31
DA:601,30
DA:603,30
DA:604,8
DA:605,7
DA:610,22
DA:614,19
DA:622,24
DA:638,5
DA:639,0
DA:641,4
DA:643,4
DA:644,1
DA:649,3
DA:650,3
DA:653,4
DA:673,4
DA:674,4
DA:676,2
DA:677,2
DA:678,2
DA:680,2
DA:708,0
DA:710,0
DA:712,0
DA:716,0
DA:717,5
DA:718,4
DA:723,36
DA:727,33
DA:735,36
DA:736,36
DA:737,36
DA:738,8
DA:739,7
DA:740,7
DA:742,28
DA:745,34
DA:746,34
DA:748,34
DA:754,33
DA:772,5
DA:773,5
DA:775,3
DA:777,3
DA:778,1
DA:783,2
DA:787,2
DA:790,3
DA:815,21
DA:817,21
DA:822,20
DA:839,3
DA:840,0
DA:842,2
DA:843,2
DA:845,2
DA:864,31
DA:865,31
DA:867,24
DA:870,19
DA:879,17
DA:881,17
DA:883,17
DA:884,17
DA:885,2
DA:886,1
DA:888,15
DA:892,11
DA:894,11
DA:915,36
DA:918,36
DA:921,36
DA:922,36
DA:924,28
DA:945,4
DA:946,4
DA:977,20
DA:978,20
DA:1005,42
DA:1037,0
DA:1066,33
DA:1067,33
DA:1079,33
DA:1080,33
DA:1082,33
DA:1103,2
DA:1119,0
DA:1135,2
DA:1136,2
DA:1138,1
DA:1139,1
DA:1140,1
DA:1142,1
DA:1162,2
DA:1163,2
DA:1165,1
DA:1166,1
DA:1167,1
DA:1168,1
DA:1170,1
DA:1184,5
DA:1191,0
DA:1200,16
DA:1201,16
DA:1209,8
DA:1217,24
DA:1218,24
DA:1222,23
DA:1230,19
DA:1232,19
DA:1237,19
DA:1238,5
DA:1239,5
DA:1240,5
DA:1242,5
DA:1243,5
DA:1246,19
DA:1255,19
DA:1257,19
DA:1282,21
DA:1304,0
DA:1327,20
DA:1328,20
DA:1339,20
DA:1340,20
DA:1342,20
DA:1362,12
DA:1363,12
DA:1371,2
DA:1379,14
DA:1380,14
DA:1384,13
DA:1392,9
DA:1394,9
DA:1405,5
DA:1406,2
DA:1408,3
DA:1415,5
DA:1417,5
DA:1433,3
DA:1440,0
DA:1450,2
DA:1468,0
DA:1479,93
DA:1480,93
DA:1488,47
DA:1489,47
DA:1497,29
DA:1498,23
DA:1500,6
DA:1501,5
DA:1502,5
DA:1503,5
DA:1506,1
DA:1515,33
DA:1517,33
DA:1519,2
DA:1522,6
DA:1525,25
DA:1532,33
DA:1533,27
DA:1539,100
DA:1540,100
DA:1541,100
DA:1542,100
LF:239
LH:217
BRDA:232,1,0,180
BRDA:232,1,1,4
BRDA:237,2,0,38
BRDA:237,2,1,0
BRDA:253,3,0,90
BRDA:253,3,1,1
BRDA:254,4,0,89
BRDA:254,4,1,1
BRDA:276,5,0,47
BRDA:276,5,1,0
BRDA:279,6,0,0
BRDA:279,6,1,0
BRDA:283,7,0,86
BRDA:283,7,1,0
BRDA:287,8,0,1
BRDA:287,8,1,1
BRDA:295,9,0,1
BRDA:295,9,1,1
BRDA:301,10,0,2
BRDA:301,10,1,1
BRDA:328,11,0,2
BRDA:328,11,1,0
BRDA:329,12,0,2
BRDA:329,12,1,0
BRDA:330,13,0,0
BRDA:330,13,1,2
BRDA:349,14,0,34
BRDA:349,14,1,0
BRDA:373,15,0,0
BRDA:373,15,1,0
BRDA:373,16,0,0
BRDA:373,16,1,0
BRDA:445,17,0,0
BRDA:445,17,1,0
BRDA:457,18,0,5
BRDA:457,18,1,0
BRDA:464,19,0,0
BRDA:464,19,1,0
BRDA:464,20,0,0
BRDA:464,20,1,0
BRDA:489,21,0,19
BRDA:489,21,1,0
BRDA:490,22,0,11
BRDA:490,22,1,8
BRDA:507,23,0,9
BRDA:507,23,1,10
BRDA:514,24,0,3
BRDA:514,24,1,16
BRDA:531,25,0,4
BRDA:531,25,1,0
BRDA:547,26,0,0
BRDA:547,26,1,0
BRDA:547,27,0,0
BRDA:547,27,1,0
BRDA:561,28,0,1
BRDA:561,28,1,0
BRDA:570,29,0,30
BRDA:570,29,1,0
BRDA:586,30,0,32
BRDA:586,30,1,2
BRDA:587,31,0,29
BRDA:587,31,1,3
BRDA:590,32,0,31
BRDA:590,32,1,1
BRDA:594,33,0,31
BRDA:594,33,1,0
BRDA:595,34,0,30
BRDA:595,34,1,1
BRDA:603,35,0,8
BRDA:603,35,1,22
BRDA:604,36,0,7
BRDA:604,36,1,1
BRDA:605,37,0,5
BRDA:605,37,1,2
BRDA:610,38,0,19
BRDA:610,38,1,3
BRDA:639,39,0,4
BRDA:639,39,1,1
BRDA:643,40,0,1
BRDA:643,40,1,3
BRDA:674,41,0,2
BRDA:674,41,1,2
BRDA:712,42,0,0
BRDA:712,42,1,0
BRDA:716,43,0,5
BRDA:716,43,1,36
BRDA:717,44,0,4
BRDA:717,44,1,1
BRDA:718,45,0,3
BRDA:718,45,1,1
BRDA:723,46,0,33
BRDA:723,46,1,3
BRDA:737,47,0,8
BRDA:737,47,1,28
BRDA:738,48,0,7
BRDA:738,48,1,1
BRDA:748,49,0,33
BRDA:748,49,1,1
BRDA:773,50,0,3
BRDA:773,50,1,2
BRDA:777,51,0,1
BRDA:777,51,1,2
BRDA:817,52,0,20
BRDA:817,52,1,1
BRDA:840,53,0,2
BRDA:840,53,1,1
BRDA:865,54,0,24
BRDA:865,54,1,7
BRDA:867,55,0,19
BRDA:867,55,1,5
BRDA:870,56,0,12
BRDA:870,56,1,7
BRDA:884,57,0,2
BRDA:884,57,1,15
BRDA:916,58,0,18
BRDA:916,58,1,18
BRDA:919,59,0,26
BRDA:919,59,1,10
BRDA:921,60,0,36
BRDA:921,60,1,0
BRDA:922,61,0,28
BRDA:922,61,1,8
BRDA:1004,62,0,42
BRDA:1004,62,1,0
BRDA:1036,63,0,0
BRDA:1036,63,1,0
BRDA:1036,64,0,0
BRDA:1036,64,1,0
BRDA:1102,65,0,2
BRDA:1102,65,1,0
BRDA:1118,66,0,0
BRDA:1118,66,1,0
BRDA:1118,67,0,0
BRDA:1118,67,1,0
BRDA:1136,68,0,1
BRDA:1136,68,1,1
BRDA:1163,69,0,1
BRDA:1163,69,1,1
BRDA:1183,70,0,5
BRDA:1183,70,1,0
BRDA:1190,71,0,0
BRDA:1190,71,1,0
BRDA:1190,72,0,0
BRDA:1190,72,1,0
BRDA:1199,73,0,16
BRDA:1199,73,1,0
BRDA:1199,74,0,16
BRDA:1199,74,1,0
BRDA:1208,75,0,8
BRDA:1208,75,1,0
BRDA:1208,76,0,8
BRDA:1208,76,1,0
BRDA:1218,77,0,23
BRDA:1218,77,1,1
BRDA:1237,78,0,5
BRDA:1237,78,1,14
BRDA:1281,79,0,21
BRDA:1281,79,1,0
BRDA:1303,80,0,0
BRDA:1303,80,1,0
BRDA:1303,81,0,0
BRDA:1303,81,1,0
BRDA:1361,82,0,12
BRDA:1361,82,1,0
BRDA:1361,83,0,12
BRDA:1361,83,1,0
BRDA:1370,84,0,2
BRDA:1370,84,1,0
BRDA:1370,85,0,2
BRDA:1370,85,1,0
BRDA:1380,86,0,13
BRDA:1380,86,1,1
BRDA:1405,87,0,2
BRDA:1405,87,1,3
BRDA:1432,88,0,3
BRDA:1432,88,1,0
BRDA:1439,89,0,0
BRDA:1439,89,1,0
BRDA:1439,90,0,0
BRDA:1439,90,1,0
BRDA:1449,91,0,2
BRDA:1449,91,1,0
BRDA:1467,92,0,0
BRDA:1467,92,1,0
BRDA:1467,93,0,0
BRDA:1467,93,1,0
BRDA:1479,94,0,93
BRDA:1479,94,1,0
BRDA:1497,95,0,23
BRDA:1497,95,1,6
BRDA:1500,96,0,5
BRDA:1500,96,1,1
BRDA:1517,97,0,2
BRDA:1517,97,1,31
BRDA:1520,98,0,6
BRDA:1520,98,1,25
BRDA:1532,99,0,27
BRDA:1532,99,1,6
BRDA:1540,100,0,100
BRDA:1540,100,1,0
BRF:200
BRH:128
end_of_record
TN:
SF:C:\Users\two\Desktop\work work\zkEraFi\contracts\core\PositionManagerV2.sol
FN:33,onlyOrderKeeper
FN:38,onlyLiquidator
FN:43,onlyPartnersOrLegacyMode
FN:56,constructor
FN:61,setPyth
FN:65,setOrderKeeper
FN:70,setLiquidator
FN:75,setPartner
FN:80,setInLegacyMode
FN:85,setShouldValidateIncreaseOrder
FN:99,increasePosition
FN:126,increasePositionETH
FN:156,decreasePosition
FN:170,decreasePositionETH
FN:188,decreasePositionAndSwap
FN:207,decreasePositionAndSwapETH
FN:225,liquidatePosition
FN:240,executeSwapOrder
FN:245,executeIncreaseOrder
FN:275,executeDecreaseOrder
FN:301,_validateIncreaseOrder
FN:341,_updatePrice
FNF:22
FNH:20
FNDA:16,onlyOrderKeeper
FNDA:9,onlyLiquidator
FNDA:105,onlyPartnersOrLegacyMode
FNDA:0,constructor
FNDA:0,setPyth
FNDA:6,setOrderKeeper
FNDA:7,setLiquidator
FNDA:3,setPartner
FNDA:35,setInLegacyMode
FNDA:3,setShouldValidateIncreaseOrder
FNDA:51,increasePosition
FNDA:15,increasePositionETH
FNDA:22,decreasePosition
FNDA:1,decreasePositionETH
FNDA:4,decreasePositionAndSwap
FNDA:4,decreasePositionAndSwapETH
FNDA:7,liquidatePosition
FNDA:1,executeSwapOrder
FNDA:10,executeIncreaseOrder
FNDA:2,executeDecreaseOrder
FNDA:10,_validateIncreaseOrder
FNDA:114,_updatePrice
DA:34,16
DA:35,13
DA:39,9
DA:40,7
DA:44,105
DA:45,97
DA:57,99
DA:58,99
DA:62,0
DA:66,6
DA:67,6
DA:71,7
DA:72,7
DA:76,3
DA:77,3
DA:81,35
DA:82,35
DA:86,3
DA:87,3
DA:100,51
DA:101,51
DA:103,50
DA:104,50
DA:105,44
DA:107,6
DA:108,6
DA:111,49
DA:112,49
DA:115,49
DA:127,15
DA:128,15
DA:129,14
DA:131,13
DA:132,13
DA:133,13
DA:135,13
DA:136,4
DA:137,4
DA:140,13
DA:141,13
DA:144,13
DA:157,22
DA:158,22
DA:171,1
DA:172,1
DA:174,1
DA:175,1
DA:189,4
DA:190,3
DA:192,3
DA:193,3
DA:194,3
DA:208,4
DA:209,3
DA:210,2
DA:212,2
DA:213,2
DA:214,2
DA:215,1
DA:226,7
DA:227,7
DA:228,7
DA:229,7
DA:231,7
DA:233,7
DA:235,7
DA:236,7
DA:237,7
DA:241,1
DA:242,1
DA:246,10
DA:247,10
DA:249,8
DA:250,8
DA:252,8
DA:264,8
DA:266,8
DA:268,8
DA:269,8
DA:270,8
DA:272,8
DA:276,2
DA:277,2
DA:278,2
DA:279,2
DA:290,2
DA:292,2
DA:294,2
DA:295,2
DA:296,2
DA:298,2
DA:302,10
DA:314,10
DA:316,10
DA:319,8
DA:322,4
DA:324,3
DA:325,3
DA:328,3
DA:330,2
DA:331,2
DA:332,2
DA:334,2
DA:336,2
DA:338,2
DA:342,114
DA:343,114
DA:344,114
DA:345,114
LF:109
LH:108
BRDA:34,1,0,13
BRDA:34,1,1,3
BRDA:39,2,0,7
BRDA:39,2,1,2
BRDA:44,3,0,97
BRDA:44,3,1,8
BRDA:44,4,0,2
BRDA:44,4,1,95
BRDA:61,5,0,0
BRDA:61,5,1,0
BRDA:65,6,0,6
BRDA:65,6,1,1
BRDA:70,7,0,7
BRDA:70,7,1,1
BRDA:75,8,0,3
BRDA:75,8,1,1
BRDA:80,9,0,35
BRDA:80,9,1,1
BRDA:85,10,0,3
BRDA:85,10,1,1
BRDA:99,11,0,53
BRDA:99,11,1,0
BRDA:99,12,0,51
BRDA:99,12,1,2
BRDA:101,13,0,50
BRDA:101,13,1,1
BRDA:101,14,0,44
BRDA:101,14,1,6
BRDA:103,15,0,50
BRDA:103,15,1,0
BRDA:104,16,0,44
BRDA:104,16,1,6
BRDA:126,17,0,17
BRDA:126,17,1,0
BRDA:126,18,0,15
BRDA:126,18,1,2
BRDA:128,19,0,14
BRDA:128,19,1,1
BRDA:128,20,0,10
BRDA:128,20,1,4
BRDA:129,21,0,13
BRDA:129,21,1,1
BRDA:131,22,0,13
BRDA:131,22,1,0
BRDA:135,23,0,4
BRDA:135,23,1,9
BRDA:156,24,0,23
BRDA:156,24,1,0
BRDA:156,25,0,22
BRDA:156,25,1,1
BRDA:170,26,0,2
BRDA:170,26,1,0
BRDA:170,27,0,1
BRDA:170,27,1,1
BRDA:172,28,0,1
BRDA:172,28,1,0
BRDA:188,29,0,5
BRDA:188,29,1,0
BRDA:188,30,0,4
BRDA:188,30,1,1
BRDA:189,31,0,3
BRDA:189,31,1,1
BRDA:207,32,0,5
BRDA:207,32,1,0
BRDA:207,33,0,4
BRDA:207,33,1,1
BRDA:208,34,0,3
BRDA:208,34,1,1
BRDA:209,35,0,2
BRDA:209,35,1,1
BRDA:225,36,0,9
BRDA:225,36,1,0
BRDA:225,37,0,7
BRDA:225,37,1,2
BRDA:231,38,0,1
BRDA:231,38,1,6
BRDA:240,39,0,1
BRDA:240,39,1,1
BRDA:245,40,0,10
BRDA:245,40,1,1
BRDA:264,41,0,4
BRDA:264,41,1,4
BRDA:275,42,0,2
BRDA:275,42,1,1
BRDA:290,43,0,1
BRDA:290,43,1,1
BRDA:316,44,0,2
BRDA:316,44,1,8
BRDA:319,45,0,4
BRDA:319,45,1,4
BRDA:322,46,0,3
BRDA:322,46,1,1
BRDA:328,47,0,1
BRDA:328,47,1,2
BRDA:338,48,0,1
BRDA:338,48,1,1
BRDA:343,49,0,114
BRDA:343,49,1,0
BRF:98
BRH:85
end_of_record
TN:
SF:C:\Users\two\Desktop\work work\zkEraFi\contracts\core\PositionRouterV2.sol
FN:198,onlyPositionKeeper
FN:203,onlyHandler
FN:224,constructor
FN:231,setPyth
FN:238,setPositionKeeper
FN:243,setHandler
FN:247,setCallbackGasLimit
FN:255,setCustomCallbackGasLimit
FN:260,setMinExecutionFee
FN:265,setIsLeverageEnabled
FN:274,setDelayValues
FN:288,setRequestKeysStartValues
FN:302,executeIncreasePositions
FN:353,executeDecreasePositions
FN:410,createIncreasePosition
FN:439,createIncreasePositionByAccount
FN:466,createIncreasePositionETH
FN:493,createIncreasePositionETHByAccount
FN:521,createDecreasePosition
FN:552,createDecreasePositionByAccount
FN:570,getRequestQueueLengths
FN:587,executeIncreasePosition
FN:595,executeIncreasePosition
FN:600,_executeIncreasePosition
FN:681,cancelIncreasePosition
FN:740,executeDecreasePosition
FN:748,executeDecreasePosition
FN:753,_executeDecreasePosition
FN:785,_processRequest
FN:821,_emitEventAndCallback
FN:846,cancelDecreasePosition
FN:874,_emitEventAndCallbackForCancel
FN:896,getRequestKey
FN:903,getIncreasePositionRequestPath
FN:910,getDecreasePositionRequestPath
FN:917,_setTraderReferralCode
FN:929,_validateExecution
FN:948,_validateCancellation
FN:961,_validateExecutionOrCancellation
FN:990,_proceedIncreasePosition
FN:1036,_proceedCreateIncreasePositionETH
FN:1073,_proceedCreateDecreasePosition
FN:1114,_createIncreasePosition
FN:1149,_createRequest
FN:1181,_emitCreateIncreasePositionEvent
FN:1204,_storeIncreasePositionRequest
FN:1218,_storeDecreasePositionRequest
FN:1232,_createDecreasePosition
FN:1269,_createDecreaseRequest
FN:1301,_emitCreateDecreasePositionEvent
FN:1323,_callRequestCallback
FN:1366,_updatePrice
FNF:52
FNH:44
FNDA:19,onlyPositionKeeper
FNDA:0,onlyHandler
FNDA:0,constructor
FNDA:0,setPyth
FNDA:27,setPositionKeeper
FNDA:0,setHandler
FNDA:2,setCallbackGasLimit
FNDA:1,setCustomCallbackGasLimit
FNDA:1,setMinExecutionFee
FNDA:1,setIsLeverageEnabled
FNDA:25,setDelayValues
FNDA:1,setRequestKeysStartValues
FNDA:9,executeIncreasePositions
FNDA:8,executeDecreasePositions
FNDA:53,createIncreasePosition
FNDA:0,createIncreasePositionByAccount
FNDA:8,createIncreasePositionETH
FNDA:0,createIncreasePositionETHByAccount
FNDA:32,createDecreasePosition
FNDA:0,createDecreasePositionByAccount
FNDA:37,getRequestQueueLengths
FNDA:8,executeIncreasePosition
FNDA:54,executeIncreasePosition
FNDA:62,_executeIncreasePosition
FNDA:11,cancelIncreasePosition
FNDA:8,executeDecreasePosition
FNDA:16,executeDecreasePosition
FNDA:24,_executeDecreasePosition
FNDA:20,_processRequest
FNDA:14,_emitEventAndCallback
FNDA:4,cancelDecreasePosition
FNDA:2,_emitEventAndCallbackForCancel
FNDA:132,getRequestKey
FNDA:0,getIncreasePositionRequestPath
FNDA:1,getDecreasePositionRequestPath
FNDA:51,_setTraderReferralCode
FNDA:82,_validateExecution
FNDA:14,_validateCancellation
FNDA:95,_validateExecutionOrCancellation
FNDA:53,_proceedIncreasePosition
FNDA:8,_proceedCreateIncreasePositionETH
FNDA:32,_proceedCreateDecreasePosition
FNDA:47,_createIncreasePosition
FNDA:47,_createRequest
FNDA:47,_emitCreateIncreasePositionEvent
FNDA:47,_storeIncreasePositionRequest
FNDA:25,_storeDecreasePositionRequest
FNDA:25,_createDecreasePosition
FNDA:25,_createDecreaseRequest
FNDA:25,_emitCreateDecreasePositionEvent
FNDA:54,_callRequestCallback
FNDA:87,_updatePrice
DA:199,19
DA:200,17
DA:204,0
DA:205,0
DA:226,126
DA:227,126
DA:228,0
DA:232,0
DA:239,27
DA:240,27
DA:244,0
DA:248,2
DA:249,2
DA:256,1
DA:257,1
DA:261,1
DA:262,1
DA:266,1
DA:267,1
DA:275,25
DA:276,25
DA:277,25
DA:278,25
DA:289,1
DA:290,1
DA:292,1
DA:303,9
DA:305,9
DA:306,9
DA:308,9
DA:309,1
DA:312,8
DA:313,3
DA:316,8
DA:317,8
DA:325,8
DA:328,7
DA:329,1
DA:333,1
DA:336,1
DA:337,0
DA:342,7
DA:343,7
DA:346,8
DA:354,8
DA:356,8
DA:357,8
DA:359,8
DA:360,1
DA:363,7
DA:364,3
DA:367,7
DA:368,8
DA:375,8
DA:378,7
DA:379,1
DA:383,1
DA:386,1
DA:387,0
DA:392,7
DA:393,7
DA:396,7
DA:411,53
DA:440,0
DA:467,8
DA:494,0
DA:522,32
DA:553,0
DA:576,37
DA:588,8
DA:596,54
DA:597,54
DA:604,62
DA:606,62
DA:607,3
DA:610,59
DA:615,53
DA:616,5
DA:619,48
DA:621,48
DA:622,48
DA:624,48
DA:625,43
DA:626,43
DA:629,45
DA:637,45
DA:643,45
DA:652,33
DA:657,33
DA:659,33
DA:673,33
DA:675,33
DA:682,11
DA:684,11
DA:685,0
DA:688,11
DA:693,8
DA:694,3
DA:697,5
DA:699,5
DA:700,1
DA:705,4
DA:711,5
DA:716,5
DA:718,5
DA:732,5
DA:734,5
DA:741,8
DA:749,16
DA:750,16
DA:757,24
DA:759,24
DA:760,1
DA:763,23
DA:768,22
DA:769,2
DA:772,20
DA:774,20
DA:775,14
DA:777,14
DA:782,14
DA:788,20
DA:799,16
DA:800,14
DA:801,5
DA:802,5
DA:805,12
DA:806,3
DA:811,9
DA:818,14
DA:825,14
DA:840,14
DA:847,4
DA:849,4
DA:850,1
DA:853,3
DA:858,3
DA:859,1
DA:862,2
DA:864,2
DA:869,2
DA:871,2
DA:878,2
DA:893,2
DA:900,132
DA:906,0
DA:907,0
DA:913,1
DA:914,1
DA:921,51
DA:922,48
DA:934,82
DA:937,1
DA:940,81
DA:953,14
DA:966,95
DA:969,95
DA:970,0
DA:973,95
DA:974,83
DA:979,12
DA:981,7
DA:987,3
DA:1003,53
DA:1004,52
DA:1005,50
DA:1007,48
DA:1009,48
DA:1011,48
DA:1012,48
DA:1020,44
DA:1048,8
DA:1049,7
DA:1050,6
DA:1051,4
DA:1052,3
DA:1053,3
DA:1055,3
DA:1057,3
DA:1087,32
DA:1088,31
DA:1089,28
DA:1091,26
DA:1092,5
DA:1095,25
DA:1097,25
DA:1127,47
DA:1141,47
DA:1144,47
DA:1146,47
DA:1162,47
DA:1164,47
DA:1186,47
DA:1207,47
DA:1208,47
DA:1209,47
DA:1210,47
DA:1212,47
DA:1213,47
DA:1215,47
DA:1221,25
DA:1222,25
DA:1223,25
DA:1224,25
DA:1226,25
DA:1227,25
DA:1229,25
DA:1246,25
DA:1261,25
DA:1264,25
DA:1266,0
DA:1283,25
DA:1305,25
DA:1329,54
DA:1330,52
DA:1333,2
DA:1334,1
DA:1337,1
DA:1339,1
DA:1343,1
DA:1344,0
DA:1347,1
DA:1348,0
DA:1351,1
DA:1352,1
DA:1360,0
DA:1363,1
DA:1369,87
DA:1370,87
DA:1374,87
DA:1375,87
LF:231
LH:213
BRDA:199,1,0,17
BRDA:199,1,1,2
BRDA:204,2,0,0
BRDA:204,2,1,0
BRDA:231,3,0,0
BRDA:231,3,1,0
BRDA:238,4,0,27
BRDA:238,4,1,1
BRDA:243,5,0,0
BRDA:243,5,1,0
BRDA:247,6,0,2
BRDA:247,6,1,1
BRDA:255,7,0,1
BRDA:255,7,1,1
BRDA:260,8,0,1
BRDA:260,8,1,1
BRDA:265,9,0,1
BRDA:265,9,1,1
BRDA:274,10,0,25
BRDA:274,10,1,1
BRDA:288,11,0,1
BRDA:288,11,1,1
BRDA:302,12,0,9
BRDA:302,12,1,1
BRDA:308,13,0,1
BRDA:308,13,1,8
BRDA:312,14,0,3
BRDA:312,14,1,5
BRDA:328,15,0,1
BRDA:328,15,1,6
BRDA:336,16,0,0
BRDA:336,16,1,1
BRDA:353,17,0,8
BRDA:353,17,1,1
BRDA:359,18,0,1
BRDA:359,18,1,7
BRDA:363,19,0,3
BRDA:363,19,1,4
BRDA:378,20,0,1
BRDA:378,20,1,6
BRDA:386,21,0,0
BRDA:386,21,1,1
BRDA:410,22,0,53
BRDA:410,22,1,0
BRDA:439,23,0,0
BRDA:439,23,1,0
BRDA:439,24,0,0
BRDA:439,24,1,0
BRDA:466,25,0,8
BRDA:466,25,1,0
BRDA:493,26,0,0
BRDA:493,26,1,0
BRDA:493,27,0,0
BRDA:493,27,1,0
BRDA:521,28,0,32
BRDA:521,28,1,0
BRDA:552,29,0,0
BRDA:552,29,1,0
BRDA:552,30,0,0
BRDA:552,30,1,0
BRDA:587,31,0,8
BRDA:587,31,1,0
BRDA:595,32,0,54
BRDA:595,32,1,0
BRDA:606,33,0,3
BRDA:606,33,1,59
BRDA:615,34,0,5
BRDA:615,34,1,48
BRDA:621,35,0,48
BRDA:621,35,1,0
BRDA:624,36,0,43
BRDA:624,36,1,5
BRDA:681,37,0,11
BRDA:681,37,1,0
BRDA:684,38,0,0
BRDA:684,38,1,11
BRDA:693,39,0,3
BRDA:693,39,1,5
BRDA:699,40,0,1
BRDA:699,40,1,4
BRDA:740,41,0,8
BRDA:740,41,1,0
BRDA:748,42,0,16
BRDA:748,42,1,0
BRDA:759,43,0,1
BRDA:759,43,1,23
BRDA:768,44,0,2
BRDA:768,44,1,20
BRDA:799,45,0,14
BRDA:799,45,1,2
BRDA:800,46,0,5
BRDA:800,46,1,9
BRDA:805,47,0,3
BRDA:805,47,1,9
BRDA:846,48,0,4
BRDA:846,48,1,0
BRDA:849,49,0,1
BRDA:849,49,1,3
BRDA:858,50,0,1
BRDA:858,50,1,2
BRDA:921,51,0,48
BRDA:921,51,1,3
BRDA:934,52,0,1
BRDA:934,52,1,81
BRDA:969,53,0,0
BRDA:969,53,1,95
BRDA:973,54,0,83
BRDA:973,54,1,12
BRDA:979,55,0,7
BRDA:979,55,1,5
BRDA:981,56,0,3
BRDA:981,56,1,4
BRDA:1003,57,0,52
BRDA:1003,57,1,1
BRDA:1004,58,0,50
BRDA:1004,58,1,2
BRDA:1004,59,0,4
BRDA:1004,59,1,46
BRDA:1005,60,0,48
BRDA:1005,60,1,2
BRDA:1011,61,0,48
BRDA:1011,61,1,0
BRDA:1048,62,0,7
BRDA:1048,62,1,1
BRDA:1049,63,0,6
BRDA:1049,63,1,1
BRDA:1050,64,0,4
BRDA:1050,64,1,2
BRDA:1050,65,0,1
BRDA:1050,65,1,3
BRDA:1051,66,0,3
BRDA:1051,66,1,1
BRDA:1087,67,0,31
BRDA:1087,67,1,1
BRDA:1088,68,0,28
BRDA:1088,68,1,3
BRDA:1089,69,0,26
BRDA:1089,69,1,2
BRDA:1089,70,0,18
BRDA:1089,70,1,8
BRDA:1091,71,0,5
BRDA:1091,71,1,21
BRDA:1092,72,0,4
BRDA:1092,72,1,1
BRDA:1329,73,0,52
BRDA:1329,73,1,2
BRDA:1333,74,0,1
BRDA:1333,74,1,1
BRDA:1343,75,0,0
BRDA:1343,75,1,1
BRDA:1347,76,0,0
BRDA:1347,76,1,1
BRDA:1370,77,0,87
BRDA:1370,77,1,0
BRF:154
BRH:118
end_of_record
TN:
SF:C:\Users\two\Desktop\work work\zkEraFi\contracts\core\PositionUtils_0_8_18.sol
FN:16,shouldDeductFee
FN:54,increasePosition
FNF:2
FNH:1
FNDA:107,shouldDeductFee
FNDA:0,increasePosition
DA:27,107
DA:30,50
DA:32,42
DA:34,42
DA:35,42
DA:38,42
DA:40,7
DA:41,7
DA:42,7
DA:44,7
DA:46,7
DA:48,7
DA:51,7
DA:65,0
DA:66,105
DA:67,49
DA:69,56
DA:72,101
DA:75,101
DA:77,101
DA:78,97
DA:79,91
LF:22
LH:21
BRDA:27,1,0,57
BRDA:27,1,1,50
BRDA:30,2,0,8
BRDA:30,2,1,42
BRDA:38,3,0,35
BRDA:38,3,1,7
BRDA:65,4,0,49
BRDA:65,4,1,56
BRDA:66,5,0,49
BRDA:66,5,1,56
BRDA:67,6,0,46
BRDA:67,6,1,3
BRDA:69,7,0,55
BRDA:69,7,1,1
BRF:14
BRH:14
end_of_record
TN:
SF:C:\Users\two\Desktop\work work\zkEraFi\contracts\core\PositionUtils.sol
FN:19,shouldDeductFee
FN:57,increasePosition
FNF:2
FNH:0
FNDA:0,shouldDeductFee
FNDA:0,increasePosition
DA:30,0
DA:33,0
DA:35,0
DA:37,0
DA:38,0
DA:41,0
DA:43,0
DA:44,0
DA:45,0
DA:47,0
DA:49,0
DA:51,0
DA:54,0
DA:68,0
DA:69,0
DA:70,0
DA:72,0
DA:75,0
DA:78,0
DA:80,0
DA:81,0
DA:82,0
LF:22
LH:0
BRDA:30,1,0,0
BRDA:30,1,1,0
BRDA:33,2,0,0
BRDA:33,2,1,0
BRDA:41,3,0,0
BRDA:41,3,1,0
BRDA:68,4,0,0
BRDA:68,4,1,0
BRDA:69,5,0,0
BRDA:69,5,1,0
BRDA:70,6,0,0
BRDA:70,6,1,0
BRDA:72,7,0,0
BRDA:72,7,1,0
BRF:14
BRH:0
end_of_record
TN:
SF:C:\Users\two\Desktop\work work\zkEraFi\contracts\core\Router.sol
FN:34,onlyGov
FN:39,constructor
FN:52,setGov
FN:56,setPyth
FN:60,addPlugin
FN:64,removePlugin
FN:68,approvePlugin
FN:72,denyPlugin
FN:76,pluginTransfer
FN:81,pluginIncreasePosition
FN:86,pluginDecreasePosition
FN:91,directPoolDeposit
FN:96,swap
FN:104,swapETHToTokens
FN:112,swapTokensToETH
FN:122,increasePosition
FN:134,increasePositionETH
FN:147,decreasePosition
FN:152,decreasePositionETH
FN:158,decreasePositionAndSwap
FN:165,decreasePositionAndSwapETH
FN:174,_increasePosition
FN:184,_decreasePosition
FN:194,_transferETHToVault
FN:199,_transferOutETH
FN:204,_swap
FN:217,_vaultSwap
FN:232,_sender
FN:236,_validatePlugin
FN:241,_updatePrice
FNF:30
FNH:24
FNDA:219,onlyGov
FNDA:939,constructor
FNDA:70,setGov
FNDA:0,setPyth
FNDA:145,addPlugin
FNDA:1,removePlugin
FNDA:185,approvePlugin
FNDA:1,denyPlugin
FNDA:153,pluginTransfer
FNDA:119,pluginIncreasePosition
FNDA:58,pluginDecreasePosition
FNDA:0,directPoolDeposit
FNDA:111,swap
FNDA:0,swapETHToTokens
FNDA:0,swapTokensToETH
FNDA:5,increasePosition
FNDA:1,increasePositionETH
FNDA:0,decreasePosition
FNDA:0,decreasePositionETH
FNDA:2,decreasePositionAndSwap
FNDA:1,decreasePositionAndSwapETH
FNDA:6,_increasePosition
FNDA:3,_decreasePosition
FNDA:1,_transferETHToVault
FNDA:1,_transferOutETH
FNDA:116,_swap
FNDA:120,_vaultSwap
FNDA:125,_sender
FNDA:330,_validatePlugin
FNDA:120,_updatePrice
DA:35,219
DA:36,216
DA:40,939
DA:41,939
DA:42,939
DA:43,939
DA:45,939
DA:49,1
DA:53,70
DA:57,0
DA:61,145
DA:65,1
DA:69,185
DA:73,1
DA:77,153
DA:78,149
DA:82,119
DA:83,115
DA:87,58
DA:88,56
DA:92,0
DA:93,0
DA:97,111
DA:99,111
DA:100,111
DA:101,102
DA:105,0
DA:106,0
DA:107,0
DA:108,0
DA:109,0
DA:113,0
DA:114,0
DA:116,0
DA:117,0
DA:118,0
DA:119,0
DA:123,5
DA:124,5
DA:125,5
DA:127,5
DA:128,2
DA:129,2
DA:131,5
DA:135,1
DA:136,1
DA:137,1
DA:138,1
DA:140,1
DA:141,0
DA:142,0
DA:144,1
DA:148,0
DA:149,0
DA:153,0
DA:154,0
DA:155,0
DA:159,2
DA:160,2
DA:161,2
DA:162,2
DA:166,1
DA:167,1
DA:168,1
DA:169,1
DA:170,1
DA:171,1
DA:175,6
DA:176,3
DA:178,3
DA:181,6
DA:185,3
DA:186,3
DA:188,0
DA:191,3
DA:195,1
DA:196,1
DA:200,1
DA:201,1
DA:205,116
DA:206,111
DA:208,5
DA:209,5
DA:210,4
DA:211,4
DA:214,0
DA:218,120
DA:220,120
DA:221,102
DA:223,9
DA:225,9
DA:228,118
DA:229,110
DA:233,125
DA:237,330
DA:238,325
DA:242,120
DA:243,120
DA:244,120
DA:245,120
LF:100
LH:77
BRDA:35,1,0,216
BRDA:35,1,1,3
BRDA:49,2,0,1
BRDA:49,2,1,0
BRDA:52,3,0,70
BRDA:52,3,1,1
BRDA:56,4,0,0
BRDA:56,4,1,0
BRDA:60,5,0,145
BRDA:60,5,1,1
BRDA:64,6,0,1
BRDA:64,6,1,1
BRDA:105,7,0,0
BRDA:105,7,1,0
BRDA:113,8,0,0
BRDA:113,8,1,0
BRDA:124,9,0,5
BRDA:124,9,1,0
BRDA:127,10,0,2
BRDA:127,10,1,3
BRDA:135,11,0,1
BRDA:135,11,1,0
BRDA:137,12,0,1
BRDA:137,12,1,0
BRDA:140,13,0,0
BRDA:140,13,1,1
BRDA:166,14,0,1
BRDA:166,14,1,0
BRDA:175,15,0,3
BRDA:175,15,1,3
BRDA:176,16,0,3
BRDA:176,16,1,0
BRDA:178,17,0,3
BRDA:178,17,1,0
BRDA:185,18,0,3
BRDA:185,18,1,0
BRDA:186,19,0,3
BRDA:186,19,1,0
BRDA:188,20,0,0
BRDA:188,20,1,0
BRDA:205,21,0,111
BRDA:205,21,1,5
BRDA:208,22,0,5
BRDA:208,22,1,0
BRDA:220,23,0,102
BRDA:220,23,1,18
BRDA:222,24,0,9
BRDA:222,24,1,9
BRDA:228,25,0,110
BRDA:228,25,1,8
BRDA:237,26,0,325
BRDA:237,26,1,5
BRDA:238,27,0,320
BRDA:238,27,1,5
BRDA:243,28,0,120
BRDA:243,28,1,0
BRF:56
BRH:36
end_of_record
TN:
SF:C:\Users\two\Desktop\work work\zkEraFi\contracts\core\ShortsTracker.sol
FN:26,onlyHandler
FN:31,constructor
FN:35,setHandler
FN:40,_setGlobalShortAveragePrice
FN:44,setIsGlobalShortDataReady
FN:56,updateGlobalShortData
FN:78,getGlobalShortDelta
FN:92,setInitData
FN:101,getNextGlobalShortData
FN:142,getRealisedPnl
FN:163,_getNextGlobalAveragePrice
FN:179,_getNextDelta
FNF:12
FNH:12
FNDA:164,onlyHandler
FNDA:270,constructor
FNDA:78,setHandler
FNDA:80,_setGlobalShortAveragePrice
FNDA:97,setIsGlobalShortDataReady
FNDA:164,updateGlobalShortData
FNDA:18,getGlobalShortDelta
FNDA:4,setInitData
FNDA:80,getNextGlobalShortData
FNDA:80,getRealisedPnl
FNDA:48,_getNextGlobalAveragePrice
FNDA:48,_getNextDelta
DA:27,164
DA:28,164
DA:32,270
DA:36,78
DA:37,78
DA:41,80
DA:45,97
DA:57,164
DA:58,78
DA:61,86
DA:62,6
DA:65,80
DA:73,80
DA:75,80
DA:79,18
DA:80,18
DA:81,18
DA:83,18
DA:84,18
DA:85,18
DA:86,18
DA:88,18
DA:93,4
DA:95,4
DA:96,4
DA:98,4
DA:109,80
DA:110,80
DA:111,80
DA:113,80
DA:114,80
DA:116,80
DA:117,80
DA:118,80
DA:120,80
DA:121,3
DA:124,77
DA:125,29
DA:128,48
DA:131,48
DA:139,48
DA:149,80
DA:150,52
DA:153,28
DA:154,28
DA:156,28
DA:158,28
DA:159,28
DA:160,28
DA:170,48
DA:172,48
DA:176,48
DA:192,48
DA:193,48
DA:195,24
DA:196,4
DA:197,0
DA:198,0
DA:200,4
DA:203,20
DA:206,24
DA:209,24
DA:210,0
DA:212,24
DA:213,1
DA:214,1
DA:216,23
DA:219,24
LF:68
LH:65
BRDA:27,1,0,164
BRDA:27,1,1,0
BRDA:35,2,0,78
BRDA:35,2,1,0
BRDA:36,3,0,78
BRDA:36,3,1,0
BRDA:44,4,0,97
BRDA:44,4,1,1
BRDA:56,5,0,164
BRDA:56,5,1,0
BRDA:57,6,0,78
BRDA:57,6,1,86
BRDA:57,7,0,72
BRDA:57,7,1,6
BRDA:61,8,0,6
BRDA:61,8,1,80
BRDA:81,9,0,0
BRDA:81,9,1,18
BRDA:84,10,0,4
BRDA:84,10,1,14
BRDA:92,11,0,4
BRDA:92,11,1,1
BRDA:93,12,0,4
BRDA:93,12,1,0
BRDA:111,13,0,24
BRDA:111,13,1,56
BRDA:118,14,0,52
BRDA:118,14,1,28
BRDA:120,15,0,3
BRDA:120,15,1,77
BRDA:124,16,0,29
BRDA:124,16,1,48
BRDA:149,17,0,52
BRDA:149,17,1,28
BRDA:159,18,0,28
BRDA:159,18,1,0
BRDA:160,19,0,4
BRDA:160,19,1,24
BRDA:193,20,0,24
BRDA:193,20,1,24
BRDA:195,21,0,4
BRDA:195,21,1,20
BRDA:196,22,0,0
BRDA:196,22,1,4
BRDA:209,23,0,0
BRDA:209,23,1,24
BRDA:212,24,0,1
BRDA:212,24,1,23
BRF:48
BRH:39
end_of_record
TN:
SF:C:\Users\two\Desktop\work work\zkEraFi\contracts\core\Vault.sol
FN:224,constructor
FN:232,initialize
FN:252,setRouter
FN:257,setVaultUtils
FN:262,setErrorController
FN:267,setError
FN:272,allWhitelistedTokensLength
FN:276,setInManagerMode
FN:281,setManager
FN:286,setInPrivateLiquidationMode
FN:291,setLiquidator
FN:296,setIsSwapEnabled
FN:301,setIsLeverageEnabled
FN:306,setMaxGasPrice
FN:311,setGov
FN:316,setPriceFeed
FN:321,setMaxLeverage
FN:327,setBufferAmount
FN:332,setMaxGlobalShortSize
FN:337,setFees
FN:366,setFundingRate
FN:376,setTokenConfig
FN:401,clearTokenConfig
FN:415,withdrawFees
FN:424,addRouter
FN:428,removeRouter
FN:432,setUsdgAmount
FN:445,upgradeVault
FN:452,directPoolDeposit
FN:468,buyUSDG
FN:481,sellUSDG
FN:494,swap
FN:508,increasePosition
FN:523,decreasePosition
FN:541,_decreasePosition
FN:604,liquidatePosition
FN:620,validateLiquidation
FN:624,getMaxPrice
FN:628,getMinPrice
FN:632,getRedemptionAmount
FN:638,getRedemptionCollateral
FN:646,getRedemptionCollateralUsd
FN:650,adjustForDecimals
FN:656,tokenToUsdMin
FN:663,usdToTokenMax
FN:668,usdToTokenMin
FN:673,usdToToken
FN:679,getPosition
FN:695,getPositionKey
FN:704,updateCumulativeFundingRate
FN:715,getNextFundingRate
FN:727,getUtilisation
FN:734,getPositionLeverage
FN:743,getNextAveragePrice
FN:757,getNextGlobalShortAveragePrice
FN:770,getGlobalShortDelta
FN:783,getPositionDelta
FN:789,getDelta
FN:813,getEntryFundingRate
FN:817,getFundingFee
FN:821,getPositionFee
FN:834,getFeeBasisPoints
FN:838,getTargetUsdgAmount
FN:845,_reduceCollateral
FN:919,_validatePosition
FN:927,_validateRouter
FN:933,_validateTokens
FN:947,_collectSwapFees
FN:955,_collectMarginFees
FN:968,_transferIn
FN:976,_transferOut
FN:981,_updateTokenBalance
FN:986,_increasePoolAmount
FN:993,_decreasePoolAmount
FN:999,_validateBufferAmount
FN:1005,_increaseUsdgAmount
FN:1014,_decreaseUsdgAmount
FN:1028,_increaseReservedAmount
FN:1034,_decreaseReservedAmount
FN:1039,_increaseGuaranteedUsd
FN:1044,_decreaseGuaranteedUsd
FN:1049,_increaseGlobalShortSize
FN:1058,_decreaseGlobalShortSize
FN:1069,_onlyGov
FN:1074,_validateManager
FN:1081,_validateGasPrice
FN:1086,_validate
FNF:87
FNH:59
FNDA:948,constructor
FNDA:313,initialize
FNDA:0,setRouter
FNDA:315,setVaultUtils
FNDA:315,setErrorController
FNDA:17531,setError
FNDA:282,allWhitelistedTokensLength
FNDA:16,setInManagerMode
FNDA:7,setManager
FNDA:3,setInPrivateLiquidationMode
FNDA:1,setLiquidator
FNDA:4,setIsSwapEnabled
FNDA:388,setIsLeverageEnabled
FNDA:3,setMaxGasPrice
FNDA:153,setGov
FNDA:68,setPriceFeed
FNDA:3,setMaxLeverage
FNDA:3,setBufferAmount
FNDA:4,setMaxGlobalShortSize
FNDA:348,setFees
FNDA:6,setFundingRate
FNDA:618,setTokenConfig
FNDA:3,clearTokenConfig
FNDA:17,withdrawFees
FNDA:2,addRouter
FNDA:1,removeRouter
FNDA:3,setUsdgAmount
FNDA:2,upgradeVault
FNDA:165,directPoolDeposit
FNDA:235,buyUSDG
FNDA:31,sellUSDG
FNDA:109,swap
FNDA:224,increasePosition
FNDA:101,decreasePosition
FNDA:0,_decreasePosition
FNDA:23,liquidatePosition
FNDA:25,validateLiquidation
FNDA:796,getMaxPrice
FNDA:598,getMinPrice
FNDA:11,getRedemptionAmount
FNDA:15,getRedemptionCollateral
FNDA:15,getRedemptionCollateralUsd
FNDA:11,adjustForDecimals
FNDA:58,tokenToUsdMin
FNDA:0,usdToTokenMax
FNDA:12,usdToTokenMin
FNDA:3,usdToToken
FNDA:511,getPosition
FNDA:603,getPositionKey
FNDA:3,updateCumulativeFundingRate
FNDA:0,getNextFundingRate
FNDA:1,getUtilisation
FNDA:19,getPositionLeverage
FNDA:0,getNextAveragePrice
FNDA:0,getNextGlobalShortAveragePrice
FNDA:9,getGlobalShortDelta
FNDA:73,getPositionDelta
FNDA:396,getDelta
FNDA:0,getEntryFundingRate
FNDA:0,getFundingFee
FNDA:0,getPositionFee
FNDA:39,getFeeBasisPoints
FNDA:52,getTargetUsdgAmount
FNDA:0,_reduceCollateral
FNDA:0,_validatePosition
FNDA:0,_validateRouter
FNDA:0,_validateTokens
FNDA:0,_collectSwapFees
FNDA:0,_collectMarginFees
FNDA:164,_transferIn
FNDA:14,_transferOut
FNDA:0,_updateTokenBalance
FNDA:163,_increasePoolAmount
FNDA:0,_decreasePoolAmount
FNDA:0,_validateBufferAmount
FNDA:0,_increaseUsdgAmount
FNDA:0,_decreaseUsdgAmount
FNDA:0,_increaseReservedAmount
FNDA:0,_decreaseReservedAmount
FNDA:0,_increaseGuaranteedUsd
FNDA:0,_decreaseGuaranteedUsd
FNDA:0,_increaseGlobalShortSize
FNDA:0,_decreaseGlobalShortSize
FNDA:1624,_onlyGov
FNDA:0,_validateManager
FNDA:0,_validateGasPrice
FNDA:2860,_validate
DA:225,948
DA:226,948
DA:227,948
DA:228,948
DA:229,948
DA:240,313
DA:241,313
DA:242,313
DA:244,313
DA:245,313
DA:246,313
DA:247,313
DA:248,313
DA:249,313
DA:253,0
DA:254,0
DA:258,315
DA:259,314
DA:263,315
DA:264,314
DA:268,17531
DA:269,17530
DA:273,282
DA:277,16
DA:278,15
DA:282,7
DA:283,6
DA:287,3
DA:288,2
DA:292,1
DA:293,1
DA:297,4
DA:298,3
DA:302,388
DA:303,387
DA:307,3
DA:308,2
DA:312,153
DA:313,152
DA:317,68
DA:318,67
DA:322,3
DA:323,2
DA:324,1
DA:328,3
DA:329,2
DA:333,4
DA:334,3
DA:348,348
DA:362,348
DA:363,348
DA:367,6
DA:368,5
DA:369,4
DA:370,3
DA:371,2
DA:372,2
DA:373,2
DA:385,618
DA:397,618
DA:398,618
DA:402,3
DA:403,2
DA:404,1
DA:405,1
DA:406,1
DA:407,1
DA:408,1
DA:409,1
DA:410,1
DA:411,1
DA:412,1
DA:416,17
DA:417,14
DA:418,14
DA:419,14
DA:420,14
DA:421,12
DA:425,2
DA:429,1
DA:433,3
DA:440,3
DA:441,3
DA:446,2
DA:447,1
DA:461,165
DA:462,164
DA:463,164
DA:464,163
DA:465,163
DA:469,235
DA:476,235
DA:477,235
DA:478,225
DA:482,31
DA:489,31
DA:490,31
DA:491,25
DA:495,109
DA:503,109
DA:504,109
DA:505,100
DA:509,224
DA:519,224
DA:520,224
DA:524,101
DA:536,101
DA:537,101
DA:538,78
DA:542,0
DA:543,0
DA:545,0
DA:546,0
DA:547,0
DA:548,0
DA:549,0
DA:551,0
DA:553,0
DA:554,0
DA:555,0
DA:556,0
DA:559,0
DA:561,0
DA:562,0
DA:563,0
DA:565,0
DA:566,0
DA:568,0
DA:569,0
DA:570,0
DA:573,0
DA:574,0
DA:575,0
DA:577,0
DA:578,0
DA:579,0
DA:582,0
DA:583,0
DA:584,0
DA:586,0
DA:589,0
DA:590,0
DA:593,0
DA:594,0
DA:595,0
DA:597,0
DA:598,0
DA:599,0
DA:602,0
DA:605,23
DA:616,23
DA:621,25
DA:625,796
DA:629,598
DA:633,11
DA:634,11
DA:635,11
DA:639,15
DA:640,3
DA:642,12
DA:643,12
DA:647,15
DA:651,11
DA:652,11
DA:653,11
DA:657,58
DA:658,54
DA:659,54
DA:660,54
DA:664,0
DA:665,0
DA:669,12
DA:670,3
DA:674,3
DA:675,3
DA:676,3
DA:680,511
DA:681,511
DA:682,511
DA:683,511
DA:696,603
DA:705,3
DA:712,3
DA:716,0
DA:717,0
DA:719,0
DA:720,0
DA:721,0
DA:723,0
DA:724,0
DA:728,1
DA:729,1
DA:731,1
DA:735,19
DA:736,19
DA:737,19
DA:738,19
DA:744,0
DA:745,0
DA:746,0
DA:747,0
DA:748,0
DA:750,0
DA:752,0
DA:758,0
DA:759,0
DA:760,0
DA:761,0
DA:762,0
DA:764,0
DA:765,0
DA:767,0
DA:771,9
DA:772,9
DA:774,7
DA:775,7
DA:776,7
DA:777,7
DA:778,7
DA:780,7
DA:784,73
DA:785,73
DA:786,73
DA:790,396
DA:791,396
DA:792,396
DA:793,396
DA:795,396
DA:797,396
DA:798,192
DA:800,204
DA:805,396
DA:806,396
DA:807,4
DA:810,396
DA:814,0
DA:818,0
DA:822,0
DA:835,39
DA:839,52
DA:840,52
DA:841,50
DA:842,50
DA:846,0
DA:847,0
DA:849,0
DA:850,0
DA:851,0
DA:854,0
DA:855,0
DA:856,0
DA:858,0
DA:861,0
DA:863,0
DA:864,0
DA:865,0
DA:868,0
DA:869,0
DA:870,0
DA:874,0
DA:875,0
DA:880,0
DA:881,0
DA:882,0
DA:885,0
DA:890,0
DA:891,0
DA:892,0
DA:896,0
DA:897,0
DA:898,0
DA:903,0
DA:904,0
DA:905,0
DA:907,0
DA:908,0
DA:909,0
DA:910,0
DA:914,0
DA:916,0
DA:920,0
DA:921,0
DA:922,0
DA:924,0
DA:928,0
DA:929,0
DA:930,0
DA:934,0
DA:935,0
DA:936,0
DA:937,0
DA:938,0
DA:941,0
DA:942,0
DA:943,0
DA:944,0
DA:948,0
DA:949,0
DA:950,0
DA:951,0
DA:952,0
DA:956,0
DA:958,0
DA:959,0
DA:961,0
DA:962,0
DA:964,0
DA:965,0
DA:969,164
DA:970,164
DA:971,164
DA:973,164
DA:977,14
DA:978,12
DA:982,0
DA:983,0
DA:987,163
DA:988,163
DA:989,163
DA:990,163
DA:994,0
DA:995,0
DA:996,0
DA:1000,0
DA:1001,0
DA:1006,0
DA:1007,0
DA:1008,0
DA:1009,0
DA:1011,0
DA:1015,0
DA:1019,0
DA:1020,0
DA:1021,0
DA:1022,0
DA:1024,0
DA:1025,0
DA:1029,0
DA:1030,0
DA:1031,0
DA:1035,0
DA:1036,0
DA:1040,0
DA:1041,0
DA:1045,0
DA:1046,0
DA:1050,0
DA:1052,0
DA:1053,0
DA:1054,0
DA:1059,0
DA:1060,0
DA:1061,0
DA:1062,0
DA:1065,0
DA:1070,1624
DA:1075,0
DA:1076,0
DA:1082,0
DA:1083,0
DA:1087,2860
LF:361
LH:186
BRDA:268,1,0,17530
BRDA:268,1,1,1
BRDA:363,2,0,347
BRDA:363,2,1,1
BRDA:398,3,0,617
BRDA:398,3,1,1
BRDA:418,4,0,0
BRDA:418,4,1,14
BRDA:441,5,0,2
BRDA:441,5,1,1
BRDA:452,6,0,165
BRDA:452,6,1,0
BRDA:468,7,0,235
BRDA:468,7,1,0
BRDA:477,8,0,225
BRDA:477,8,1,10
BRDA:481,9,0,31
BRDA:481,9,1,0
BRDA:490,10,0,25
BRDA:490,10,1,6
BRDA:494,11,0,109
BRDA:494,11,1,0
BRDA:504,12,0,100
BRDA:504,12,1,9
BRDA:508,13,0,224
BRDA:508,13,1,0
BRDA:520,14,0,179
BRDA:520,14,1,45
BRDA:523,15,0,101
BRDA:523,15,1,0
BRDA:537,16,0,78
BRDA:537,16,1,23
BRDA:561,17,0,0
BRDA:561,17,1,0
BRDA:568,18,0,0
BRDA:568,18,1,0
BRDA:573,19,0,0
BRDA:573,19,1,0
BRDA:577,20,0,0
BRDA:577,20,1,0
BRDA:582,21,0,0
BRDA:582,21,1,0
BRDA:589,22,0,0
BRDA:589,22,1,0
BRDA:593,23,0,0
BRDA:593,23,1,0
BRDA:594,24,0,0
BRDA:594,24,1,0
BRDA:604,25,0,23
BRDA:604,25,1,0
BRDA:616,26,0,12
BRDA:616,26,1,11
BRDA:639,27,0,3
BRDA:639,27,1,12
BRDA:651,28,0,11
BRDA:651,28,1,0
BRDA:652,29,0,0
BRDA:652,29,1,11
BRDA:657,30,0,4
BRDA:657,30,1,54
BRDA:664,31,0,0
BRDA:664,31,1,0
BRDA:669,32,0,9
BRDA:669,32,1,3
BRDA:674,33,0,0
BRDA:674,33,1,3
BRDA:682,34,0,29
BRDA:682,34,1,482
BRDA:712,35,0,3
BRDA:712,35,1,0
BRDA:717,36,0,0
BRDA:717,36,1,0
BRDA:721,37,0,0
BRDA:721,37,1,0
BRDA:723,38,0,0
BRDA:723,38,1,0
BRDA:729,39,0,0
BRDA:729,39,1,1
BRDA:747,40,0,0
BRDA:747,40,1,0
BRDA:748,41,0,0
BRDA:748,41,1,0
BRDA:750,42,0,0
BRDA:750,42,1,0
BRDA:760,43,0,0
BRDA:760,43,1,0
BRDA:765,44,0,0
BRDA:765,44,1,0
BRDA:772,45,0,2
BRDA:772,45,1,7
BRDA:776,46,0,3
BRDA:776,46,1,4
BRDA:791,47,0,192
BRDA:791,47,1,204
BRDA:792,48,0,55
BRDA:792,48,1,341
BRDA:797,49,0,192
BRDA:797,49,1,204
BRDA:805,50,0,138
BRDA:805,50,1,258
BRDA:806,51,0,4
BRDA:806,51,1,392
BRDA:840,52,0,2
BRDA:840,52,1,50
BRDA:863,53,0,0
BRDA:863,53,1,0
BRDA:868,54,0,0
BRDA:868,54,1,0
BRDA:874,55,0,0
BRDA:874,55,1,0
BRDA:880,56,0,0
BRDA:880,56,1,0
BRDA:890,57,0,0
BRDA:890,57,1,0
BRDA:896,58,0,0
BRDA:896,58,1,0
BRDA:904,59,0,0
BRDA:904,59,1,0
BRDA:908,60,0,0
BRDA:908,60,1,0
BRDA:920,61,0,0
BRDA:920,61,1,0
BRDA:928,62,0,0
BRDA:928,62,1,0
BRDA:929,63,0,0
BRDA:929,63,1,0
BRDA:934,64,0,0
BRDA:934,64,1,0
BRDA:1000,65,0,0
BRDA:1000,65,1,0
BRDA:1008,66,0,0
BRDA:1008,66,1,0
BRDA:1019,67,0,0
BRDA:1019,67,1,0
BRDA:1053,68,0,0
BRDA:1053,68,1,0
BRDA:1054,69,0,0
BRDA:1054,69,1,0
BRDA:1060,70,0,0
BRDA:1060,70,1,0
BRDA:1075,71,0,0
BRDA:1075,71,1,0
BRDA:1082,72,0,0
BRDA:1082,72,1,0
BRDA:1087,73,0,2834
BRDA:1087,73,1,26
BRF:146
BRH:59
end_of_record
TN:
SF:C:\Users\two\Desktop\work work\zkEraFi\contracts\core\VaultDelegatePartOne.sol
FN:238,constructor
FN:240,setFees
FN:274,setFundingRate
FN:288,setTokenConfig
FN:320,setUsdgAmount
FN:335,directPoolDeposit
FN:343,getMaxPrice
FN:347,_transferIn
FN:355,_increasePoolAmount
FN:361,_increaseUsdgAmount
FN:370,_decreaseUsdgAmount
FN:385,_onlyGov
FN:389,_validate
FNF:13
FNH:6
FNDA:948,constructor
FNDA:348,setFees
FNDA:0,setFundingRate
FNDA:618,setTokenConfig
FNDA:3,setUsdgAmount
FNDA:0,directPoolDeposit
FNDA:0,getMaxPrice
FNDA:0,_transferIn
FNDA:0,_increasePoolAmount
FNDA:1,_increaseUsdgAmount
FNDA:1,_decreaseUsdgAmount
FNDA:0,_onlyGov
FNDA:0,_validate
DA:252,348
DA:253,347
DA:254,347
DA:255,347
DA:256,347
DA:257,347
DA:258,347
DA:259,347
DA:261,347
DA:262,347
DA:263,347
DA:264,347
DA:265,347
DA:266,347
DA:267,347
DA:268,347
DA:269,347
DA:271,347
DA:279,0
DA:280,0
DA:281,0
DA:282,0
DA:283,0
DA:284,0
DA:285,0
DA:297,618
DA:299,617
DA:300,611
DA:301,611
DA:304,617
DA:305,617
DA:307,617
DA:308,617
DA:309,617
DA:310,617
DA:311,617
DA:312,617
DA:313,617
DA:315,617
DA:317,617
DA:321,3
DA:323,2
DA:324,2
DA:325,1
DA:326,1
DA:329,1
DA:330,1
DA:336,0
DA:337,0
DA:338,0
DA:339,0
DA:340,0
DA:344,0
DA:348,0
DA:349,0
DA:350,0
DA:352,0
DA:356,0
DA:357,0
DA:358,0
DA:359,0
DA:362,1
DA:363,1
DA:364,1
DA:365,0
DA:367,1
DA:371,1
DA:375,1
DA:376,0
DA:377,0
DA:378,0
DA:380,1
DA:381,1
DA:386,0
DA:390,0
LF:75
LH:48
BRDA:252,1,0,1
BRDA:252,1,1,347
BRDA:253,2,0,0
BRDA:253,2,1,347
BRDA:254,3,0,0
BRDA:254,3,1,347
BRDA:255,4,0,0
BRDA:255,4,1,347
BRDA:256,5,0,0
BRDA:256,5,1,347
BRDA:257,6,0,0
BRDA:257,6,1,347
BRDA:258,7,0,0
BRDA:258,7,1,347
BRDA:259,8,0,0
BRDA:259,8,1,347
BRDA:297,9,0,1
BRDA:297,9,1,617
BRDA:299,10,0,611
BRDA:299,10,1,6
BRDA:321,11,0,1
BRDA:321,11,1,2
BRDA:324,12,0,1
BRDA:324,12,1,1
BRDA:364,13,0,0
BRDA:364,13,1,1
BRDA:375,14,0,0
BRDA:375,14,1,1
BRDA:390,15,0,0
BRDA:390,15,1,0
BRF:30
BRH:19
end_of_record
TN:
SF:C:\Users\two\Desktop\work work\zkEraFi\contracts\core\VaultDelegatePartThree.sol
FN:241,constructor
FN:243,getPositionKey
FN:251,getNextFundingRate
FN:263,getMinPrice
FN:267,usdToToken
FN:273,usdToTokenMax
FN:278,usdToTokenMin
FN:283,updateCumulativeFundingRate
FN:308,validateLiquidation
FN:312,getEntryFundingRate
FN:316,getMaxPrice
FN:320,tokenToUsdMin
FN:330,getNextAveragePrice
FN:344,getNextGlobalShortAveragePrice
FN:357,getPositionFee
FN:361,getDelta
FN:386,getFundingFee
FN:390,_increasePosition
FN:399,increasePosition
FN:478,decreasePosition
FN:488,liquidatePosition
FN:543,_decreasePosition
FN:609,_onlyGov
FN:613,_transferOut
FN:618,_decreaseGlobalShortSize
FN:628,_reduceCollateral
FN:702,_decreaseReservedAmount
FN:707,_increasePoolAmount
FN:715,_decreasePoolAmount
FN:723,_increaseGuaranteedUsd
FN:728,_decreaseGuaranteedUsd
FN:733,_increaseGlobalShortSize
FN:742,_increaseReservedAmount
FN:749,_transferIn
FN:757,_validatePosition
FN:766,_collectMarginFees
FN:779,_validateRouter
FN:786,_validateTokens
FN:802,_validateGasPrice
FN:806,_validate
FNF:40
FNH:37
FNDA:948,constructor
FNDA:424,getPositionKey
FNDA:4,getNextFundingRate
FNDA:602,getMinPrice
FNDA:716,usdToToken
FNDA:201,usdToTokenMax
FNDA:563,usdToTokenMin
FNDA:337,updateCumulativeFundingRate
FNDA:270,validateLiquidation
FNDA:256,getEntryFundingRate
FNDA:740,getMaxPrice
FNDA:215,tokenToUsdMin
FNDA:33,getNextAveragePrice
FNDA:38,getNextGlobalShortAveragePrice
FNDA:302,getPositionFee
FNDA:120,getDelta
FNDA:302,getFundingFee
FNDA:201,_increasePosition
FNDA:224,increasePosition
FNDA:101,decreasePosition
FNDA:23,liquidatePosition
FNDA:100,_decreasePosition
FNDA:0,_onlyGov
FNDA:83,_transferOut
FNDA:45,_decreaseGlobalShortSize
FNDA:87,_reduceCollateral
FNDA:96,_decreaseReservedAmount
FNDA:106,_increasePoolAmount
FNDA:153,_decreasePoolAmount
FNDA:133,_increaseGuaranteedUsd
FNDA:135,_decreaseGuaranteedUsd
FNDA:90,_increaseGlobalShortSize
FNDA:201,_increaseReservedAmount
FNDA:215,_transferIn
FNDA:255,_validatePosition
FNDA:302,_collectMarginFees
FNDA:0,_validateRouter
FNDA:220,_validateTokens
FNDA:0,_validateGasPrice
FNDA:437,_validate
DA:244,424
DA:252,4
DA:253,4
DA:255,4
DA:256,4
DA:257,4
DA:259,4
DA:260,4
DA:264,602
DA:268,716
DA:269,716
DA:270,716
DA:274,201
DA:275,186
DA:279,563
DA:280,530
DA:284,337
DA:285,337
DA:286,0
DA:289,337
DA:291,337
DA:292,37
DA:293,37
DA:296,300
DA:297,296
DA:300,4
DA:301,4
DA:302,4
DA:304,4
DA:309,270
DA:313,256
DA:317,740
DA:321,215
DA:322,201
DA:323,201
DA:324,201
DA:331,33
DA:332,33
DA:333,33
DA:334,33
DA:335,22
DA:337,11
DA:339,33
DA:345,38
DA:346,38
DA:347,38
DA:348,38
DA:349,38
DA:351,38
DA:352,38
DA:354,38
DA:358,302
DA:362,120
DA:363,120
DA:364,120
DA:365,120
DA:367,120
DA:369,120
DA:370,69
DA:372,51
DA:377,120
DA:378,120
DA:379,120
DA:380,2
DA:383,120
DA:387,302
DA:392,201
DA:393,201
DA:394,201
DA:395,201
DA:396,201
DA:400,224
DA:401,222
DA:402,1
DA:405,222
DA:406,2
DA:409,220
DA:410,220
DA:411,220
DA:412,215
DA:414,215
DA:416,215
DA:417,215
DA:419,215
DA:421,215
DA:422,167
DA:425,215
DA:426,33
DA:429,215
DA:430,215
DA:431,215
DA:433,215
DA:435,215
DA:437,210
DA:438,210
DA:439,210
DA:440,210
DA:442,210
DA:443,209
DA:444,209
DA:445,207
DA:447,201
DA:448,201
DA:450,180
DA:454,90
DA:455,90
DA:457,90
DA:458,90
DA:461,90
DA:462,90
DA:464,90
DA:465,52
DA:467,38
DA:470,90
DA:473,179
DA:474,179
DA:475,179
DA:479,101
DA:480,0
DA:482,101
DA:483,4
DA:485,97
DA:489,23
DA:490,2
DA:494,22
DA:496,22
DA:498,22
DA:499,22
DA:500,22
DA:502,17
DA:503,17
DA:504,12
DA:506,3
DA:507,3
DA:508,3
DA:511,9
DA:512,9
DA:513,9
DA:515,9
DA:516,9
DA:517,2
DA:518,2
DA:521,9
DA:522,9
DA:524,9
DA:525,6
DA:526,6
DA:529,9
DA:530,7
DA:533,9
DA:537,9
DA:538,9
DA:540,9
DA:544,100
DA:545,100
DA:547,100
DA:548,100
DA:549,100
DA:550,89
DA:551,87
DA:553,87
DA:555,87
DA:556,87
DA:557,87
DA:558,87
DA:561,87
DA:563,86
DA:564,46
DA:565,46
DA:567,46
DA:568,46
DA:570,41
DA:571,25
DA:572,25
DA:575,41
DA:576,41
DA:577,41
DA:579,40
DA:580,18
DA:581,18
DA:584,40
DA:585,40
DA:586,40
DA:588,40
DA:591,81
DA:592,38
DA:595,81
DA:596,74
DA:597,42
DA:599,74
DA:600,74
DA:601,74
DA:604,7
DA:610,0
DA:614,83
DA:615,83
DA:619,45
DA:620,45
DA:621,0
DA:622,0
DA:625,45
DA:629,87
DA:630,87
DA:632,87
DA:633,87
DA:634,87
DA:637,87
DA:638,87
DA:639,87
DA:641,87
DA:644,87
DA:646,87
DA:647,23
DA:648,23
DA:651,23
DA:652,9
DA:653,9
DA:657,87
DA:658,14
DA:663,14
DA:664,10
DA:665,10
DA:668,14
DA:673,87
DA:674,50
DA:675,50
DA:679,87
DA:680,40
DA:681,40
DA:686,87
DA:687,87
DA:688,79
DA:690,8
DA:691,7
DA:692,1
DA:693,1
DA:697,86
DA:699,86
DA:703,96
DA:704,96
DA:708,106
DA:709,106
DA:710,106
DA:711,106
DA:712,106
DA:716,153
DA:717,153
DA:718,153
DA:719,153
DA:724,133
DA:725,133
DA:729,135
DA:730,135
DA:734,90
DA:736,90
DA:737,90
DA:738,4
DA:743,201
DA:744,201
DA:745,180
DA:746,180
DA:750,215
DA:751,215
DA:752,215
DA:754,215
DA:758,255
DA:759,0
DA:760,0
DA:762,255
DA:763,253
DA:767,302
DA:769,302
DA:770,302
DA:772,302
DA:773,302
DA:775,302
DA:776,302
DA:780,0
DA:781,0
DA:782,0
DA:787,220
DA:788,114
DA:789,114
DA:790,114
DA:791,114
DA:794,106
DA:795,105
DA:796,104
DA:797,103
DA:798,101
DA:803,0
DA:804,0
DA:807,437
LF:293
LH:281
BRDA:253,1,0,0
BRDA:253,1,1,4
BRDA:257,2,0,0
BRDA:257,2,1,4
BRDA:259,3,0,0
BRDA:259,3,1,4
BRDA:268,4,0,0
BRDA:268,4,1,716
BRDA:274,5,0,15
BRDA:274,5,1,186
BRDA:279,6,0,33
BRDA:279,6,1,530
BRDA:285,7,0,0
BRDA:285,7,1,337
BRDA:291,8,0,37
BRDA:291,8,1,300
BRDA:296,9,0,296
BRDA:296,9,1,4
BRDA:321,10,0,14
BRDA:321,10,1,201
BRDA:334,11,0,22
BRDA:334,11,1,11
BRDA:335,12,0,7
BRDA:335,12,1,15
BRDA:337,13,0,2
BRDA:337,13,1,9
BRDA:347,14,0,18
BRDA:347,14,1,20
BRDA:352,15,0,18
BRDA:352,15,1,20
BRDA:363,16,0,69
BRDA:363,16,1,51
BRDA:364,17,0,21
BRDA:364,17,1,99
BRDA:369,18,0,69
BRDA:369,18,1,51
BRDA:378,19,0,99
BRDA:378,19,1,21
BRDA:379,20,0,2
BRDA:379,20,1,118
BRDA:400,21,0,2
BRDA:400,21,1,222
BRDA:401,22,0,1
BRDA:401,22,1,221
BRDA:402,23,0,0
BRDA:402,23,1,1
BRDA:405,24,0,2
BRDA:405,24,1,220
BRDA:406,25,0,2
BRDA:406,25,1,0
BRDA:411,26,0,5
BRDA:411,26,1,215
BRDA:419,27,0,114
BRDA:419,27,1,101
BRDA:421,28,0,167
BRDA:421,28,1,48
BRDA:425,29,0,33
BRDA:425,29,1,182
BRDA:435,30,0,5
BRDA:435,30,1,210
BRDA:442,31,0,1
BRDA:442,31,1,209
BRDA:444,32,0,2
BRDA:444,32,1,207
BRDA:448,33,0,21
BRDA:448,33,1,180
BRDA:450,34,0,90
BRDA:450,34,1,90
BRDA:458,35,0,0
BRDA:458,35,1,90
BRDA:462,36,0,0
BRDA:462,36,1,90
BRDA:464,37,0,52
BRDA:464,37,1,38
BRDA:479,38,0,0
BRDA:479,38,1,101
BRDA:480,39,0,0
BRDA:480,39,1,0
BRDA:482,40,0,4
BRDA:482,40,1,97
BRDA:483,41,0,4
BRDA:483,41,1,0
BRDA:489,42,0,2
BRDA:489,42,1,21
BRDA:504,43,0,3
BRDA:504,43,1,9
BRDA:516,44,0,2
BRDA:516,44,1,7
BRDA:521,45,0,2
BRDA:521,45,1,7
BRDA:524,46,0,6
BRDA:524,46,1,3
BRDA:529,47,0,7
BRDA:529,47,1,2
BRDA:563,48,0,46
BRDA:563,48,1,40
BRDA:570,49,0,25
BRDA:570,49,1,16
BRDA:575,50,0,25
BRDA:575,50,1,16
BRDA:579,51,0,18
BRDA:579,51,1,22
BRDA:584,52,0,18
BRDA:584,52,1,22
BRDA:591,53,0,38
BRDA:591,53,1,43
BRDA:595,54,0,74
BRDA:595,54,1,7
BRDA:596,55,0,42
BRDA:596,55,1,32
BRDA:620,56,0,0
BRDA:620,56,1,45
BRDA:646,57,0,23
BRDA:646,57,1,64
BRDA:651,58,0,9
BRDA:651,58,1,14
BRDA:657,59,0,14
BRDA:657,59,1,73
BRDA:663,60,0,10
BRDA:663,60,1,4
BRDA:673,61,0,50
BRDA:673,61,1,37
BRDA:679,62,0,40
BRDA:679,62,1,47
BRDA:687,63,0,79
BRDA:687,63,1,8
BRDA:691,64,0,1
BRDA:691,64,1,6
BRDA:710,65,0,0
BRDA:710,65,1,106
BRDA:717,66,0,0
BRDA:717,66,1,153
BRDA:737,67,0,4
BRDA:737,67,1,86
BRDA:738,68,0,3
BRDA:738,68,1,1
BRDA:744,69,0,21
BRDA:744,69,1,180
BRDA:758,70,0,0
BRDA:758,70,1,255
BRDA:759,71,0,0
BRDA:759,71,1,0
BRDA:762,72,0,2
BRDA:762,72,1,253
BRDA:780,73,0,0
BRDA:780,73,1,0
BRDA:781,74,0,0
BRDA:781,74,1,0
BRDA:787,75,0,114
BRDA:787,75,1,106
BRDA:788,76,0,0
BRDA:788,76,1,114
BRDA:789,77,0,0
BRDA:789,77,1,114
BRDA:790,78,0,0
BRDA:790,78,1,114
BRDA:794,79,0,1
BRDA:794,79,1,105
BRDA:795,80,0,1
BRDA:795,80,1,104
BRDA:796,81,0,1
BRDA:796,81,1,103
BRDA:797,82,0,2
BRDA:797,82,1,101
BRDA:803,83,0,0
BRDA:803,83,1,0
BRDA:807,84,0,413
BRDA:807,84,1,24
BRF:168
BRH:140
end_of_record
TN:
SF:C:\Users\two\Desktop\work work\zkEraFi\contracts\core\VaultDelegatePartTwo.sol
FN:241,constructor
FN:244,getNextFundingRate
FN:255,getRedemptionAmount
FN:261,tokenToUsdMin
FN:267,updateCumulativeFundingRate
FN:290,buyUSDG
FN:329,sellUSDG
FN:369,swap
FN:416,adjustForDecimals
FN:422,getMaxPrice
FN:426,getMinPrice
FN:430,_updateTokenBalance
FN:434,_decreasePoolAmount
FN:442,_collectSwapFees
FN:450,_transferIn
FN:458,_transferOut
FN:463,_increasePoolAmount
FN:470,_increaseUsdgAmount
FN:480,_decreaseUsdgAmount
FN:495,_onlyGov
FN:499,_validateBufferAmount
FN:505,_validateManager
FN:511,_validate
FNF:23
FNH:21
FNDA:948,constructor
FNDA:11,getNextFundingRate
FNDA:28,getRedemptionAmount
FNDA:355,tokenToUsdMin
FNDA:465,updateCumulativeFundingRate
FNDA:235,buyUSDG
FNDA:31,sellUSDG
FNDA:109,swap
FNDA:688,adjustForDecimals
FNDA:132,getMaxPrice
FNDA:684,getMinPrice
FNDA:25,_updateTokenBalance
FNDA:130,_decreasePoolAmount
FNDA:355,_collectSwapFees
FNDA:361,_transferIn
FNDA:125,_transferOut
FNDA:328,_increasePoolAmount
FNDA:330,_increaseUsdgAmount
FNDA:130,_decreaseUsdgAmount
FNDA:0,_onlyGov
FNDA:101,_validateBufferAmount
FNDA:0,_validateManager
FNDA:25,_validate
DA:245,11
DA:246,11
DA:248,11
DA:249,11
DA:250,11
DA:252,11
DA:253,11
DA:256,28
DA:257,28
DA:258,28
DA:262,355
DA:263,354
DA:264,354
DA:265,354
DA:268,465
DA:269,465
DA:270,465
DA:271,0
DA:274,465
DA:275,273
DA:276,273
DA:279,192
DA:280,181
DA:283,11
DA:284,11
DA:285,11
DA:287,11
DA:291,235
DA:292,13
DA:294,232
DA:295,228
DA:297,228
DA:298,228
DA:300,226
DA:302,226
DA:304,226
DA:305,226
DA:306,226
DA:308,226
DA:309,226
DA:310,226
DA:311,226
DA:313,226
DA:314,226
DA:315,226
DA:317,225
DA:318,225
DA:320,225
DA:322,225
DA:324,225
DA:325,225
DA:330,31
DA:331,7
DA:333,30
DA:334,29
DA:336,29
DA:337,29
DA:339,28
DA:341,28
DA:342,28
DA:344,27
DA:345,27
DA:346,25
DA:348,25
DA:354,25
DA:356,25
DA:357,25
DA:358,25
DA:359,25
DA:361,25
DA:363,25
DA:365,25
DA:366,25
DA:370,109
DA:371,108
DA:372,107
DA:373,106
DA:375,104
DA:377,104
DA:378,104
DA:380,104
DA:381,104
DA:383,104
DA:384,104
DA:386,104
DA:387,104
DA:390,104
DA:391,104
DA:393,104
DA:394,104
DA:396,104
DA:397,104
DA:398,104
DA:399,103
DA:401,103
DA:402,103
DA:403,103
DA:404,101
DA:406,101
DA:408,100
DA:410,100
DA:412,100
DA:413,100
DA:417,688
DA:418,688
DA:419,688
DA:423,132
DA:427,684
DA:431,25
DA:432,25
DA:435,130
DA:436,126
DA:437,126
DA:439,126
DA:443,355
DA:444,355
DA:445,355
DA:446,355
DA:447,355
DA:451,361
DA:452,361
DA:453,361
DA:455,361
DA:459,125
DA:460,125
DA:464,328
DA:465,328
DA:466,328
DA:467,328
DA:468,328
DA:471,330
DA:472,330
DA:473,330
DA:474,6
DA:476,328
DA:477,328
DA:481,130
DA:485,130
DA:486,29
DA:487,29
DA:488,29
DA:490,101
DA:491,101
DA:496,0
DA:500,101
DA:501,1
DA:506,0
DA:507,0
DA:512,25
LF:149
LH:145
BRDA:246,1,0,0
BRDA:246,1,1,11
BRDA:250,2,0,0
BRDA:250,2,1,11
BRDA:252,3,0,5
BRDA:252,3,1,6
BRDA:262,4,0,1
BRDA:262,4,1,354
BRDA:270,5,0,0
BRDA:270,5,1,465
BRDA:274,6,0,273
BRDA:274,6,1,192
BRDA:279,7,0,181
BRDA:279,7,1,11
BRDA:291,8,0,13
BRDA:291,8,1,222
BRDA:292,9,0,3
BRDA:292,9,1,10
BRDA:294,10,0,4
BRDA:294,10,1,228
BRDA:298,11,0,2
BRDA:298,11,1,226
BRDA:306,12,0,0
BRDA:306,12,1,226
BRDA:315,13,0,1
BRDA:315,13,1,225
BRDA:318,14,0,0
BRDA:318,14,1,225
BRDA:330,15,0,7
BRDA:330,15,1,24
BRDA:331,16,0,1
BRDA:331,16,1,6
BRDA:333,17,0,1
BRDA:333,17,1,29
BRDA:337,18,0,1
BRDA:337,18,1,28
BRDA:342,19,0,1
BRDA:342,19,1,27
BRDA:346,20,0,0
BRDA:346,20,1,25
BRDA:358,21,0,0
BRDA:358,21,1,25
BRDA:370,22,0,1
BRDA:370,22,1,108
BRDA:371,23,0,1
BRDA:371,23,1,107
BRDA:372,24,0,1
BRDA:372,24,1,106
BRDA:373,25,0,2
BRDA:373,25,1,104
BRDA:381,26,0,0
BRDA:381,26,1,104
BRDA:398,27,0,1
BRDA:398,27,1,103
BRDA:402,28,0,0
BRDA:402,28,1,103
BRDA:404,29,0,0
BRDA:404,29,1,101
BRDA:417,30,0,28
BRDA:417,30,1,660
BRDA:418,31,0,556
BRDA:418,31,1,132
BRDA:436,32,0,0
BRDA:436,32,1,126
BRDA:466,33,0,0
BRDA:466,33,1,328
BRDA:473,34,0,6
BRDA:473,34,1,324
BRDA:474,35,0,2
BRDA:474,35,1,4
BRDA:485,36,0,29
BRDA:485,36,1,101
BRDA:500,37,0,1
BRDA:500,37,1,100
BRDA:506,38,0,0
BRDA:506,38,1,0
BRDA:512,39,0,25
BRDA:512,39,1,0
BRF:78
BRH:63
end_of_record
TN:
SF:C:\Users\two\Desktop\work work\zkEraFi\contracts\core\VaultErrorController.sol
FN:10,setErrors
FNF:1
FNH:1
FNDA:315,setErrors
DA:11,315
DA:12,17531
LF:2
LH:2
BRDA:10,1,0,315
BRDA:10,1,1,1
BRF:2
BRH:2
end_of_record
TN:
SF:C:\Users\two\Desktop\work work\zkEraFi\contracts\core\VaultPriceFeed.sol
FN:57,onlyGov
FN:62,constructor
FN:67,setGov
FN:71,setAdjustment
FN:83,setUseV2Pricing
FN:87,setIsAmmEnabled
FN:91,setIsSecondaryPriceEnabled
FN:95,setSecondaryPriceFeed
FN:99,setTokens
FN:105,setPairs
FN:111,setSpreadBasisPoints
FN:116,setSpreadThresholdBasisPoints
FN:120,setFavorPrimaryPrice
FN:125,setMaxStrictPriceDeviation
FN:134,setTokenConfig
FN:140,getPrice
FN:156,getPriceV1
FN:203,getPriceV2
FN:242,getAmmPriceV2
FN:267,getLatestPrimaryPrice
FN:279,getPrimaryPrice
FN:292,getSecondaryPrice
FN:297,getAmmPrice
FN:324,getPairPrice
FNF:24
FNH:10
FNDA:1084,onlyGov
FNDA:939,constructor
FNDA:66,setGov
FNDA:0,setAdjustment
FNDA:1,setUseV2Pricing
FNDA:0,setIsAmmEnabled
FNDA:0,setIsSecondaryPriceEnabled
FNDA:0,setSecondaryPriceFeed
FNDA:0,setTokens
FNDA:0,setPairs
FNDA:5,setSpreadBasisPoints
FNDA:0,setSpreadThresholdBasisPoints
FNDA:0,setFavorPrimaryPrice
FNDA:1,setMaxStrictPriceDeviation
FNDA:1011,setTokenConfig
FNDA:3569,getPrice
FNDA:0,getPriceV1
FNDA:3569,getPriceV2
FNDA:0,getAmmPriceV2
FNDA:0,getLatestPrimaryPrice
FNDA:3573,getPrimaryPrice
FNDA:0,getSecondaryPrice
FNDA:0,getAmmPrice
FNDA:0,getPairPrice
DA:58,1084
DA:59,1084
DA:63,939
DA:64,939
DA:68,66
DA:72,0
DA:73,0
DA:77,0
DA:78,0
DA:79,0
DA:80,0
DA:84,1
DA:88,0
DA:92,0
DA:96,0
DA:100,0
DA:101,0
DA:102,0
DA:106,0
DA:107,0
DA:108,0
DA:112,5
DA:113,5
DA:117,0
DA:121,0
DA:126,1
DA:135,1011
DA:136,1011
DA:137,1011
DA:141,3569
DA:143,3569
DA:144,3569
DA:145,0
DA:146,0
DA:147,0
DA:149,0
DA:153,3569
DA:157,0
DA:159,0
DA:160,0
DA:161,0
DA:162,0
DA:163,0
DA:165,0
DA:166,0
DA:171,0
DA:172,0
DA:175,0
DA:176,0
DA:177,0
DA:178,0
DA:182,0
DA:183,0
DA:187,0
DA:188,0
DA:191,0
DA:194,0
DA:196,0
DA:197,0
DA:200,0
DA:204,3569
DA:206,3569
DA:207,0
DA:210,3569
DA:211,0
DA:214,3569
DA:215,12
DA:216,12
DA:217,5
DA:221,7
DA:222,2
DA:226,5
DA:227,3
DA:230,2
DA:233,3557
DA:235,3557
DA:236,1672
DA:239,1885
DA:243,0
DA:244,0
DA:245,0
DA:248,0
DA:249,0
DA:250,0
DA:251,0
DA:253,0
DA:256,0
DA:257,0
DA:260,0
DA:261,0
DA:264,0
DA:268,0
DA:269,0
DA:271,0
DA:273,0
DA:274,0
DA:276,0
DA:280,3573
DA:281,3573
DA:283,3573
DA:285,3573
DA:286,3573
DA:288,3573
DA:289,3573
DA:293,0
DA:294,0
DA:298,0
DA:300,0
DA:303,0
DA:304,0
DA:306,0
DA:308,0
DA:311,0
DA:312,0
DA:314,0
DA:316,0
DA:319,0
DA:325,0
DA:326,0
DA:327,0
DA:328,0
DA:330,0
DA:331,0
LF:123
LH:39
BRDA:58,1,0,1084
BRDA:58,1,1,0
BRDA:67,2,0,66
BRDA:67,2,1,0
BRDA:71,3,0,0
BRDA:71,3,1,0
BRDA:73,4,0,0
BRDA:73,4,1,0
BRDA:77,5,0,0
BRDA:77,5,1,0
BRDA:83,6,0,1
BRDA:83,6,1,0
BRDA:87,7,0,0
BRDA:87,7,1,0
BRDA:91,8,0,0
BRDA:91,8,1,0
BRDA:95,9,0,0
BRDA:95,9,1,0
BRDA:99,10,0,0
BRDA:99,10,1,0
BRDA:105,11,0,0
BRDA:105,11,1,0
BRDA:111,12,0,5
BRDA:111,12,1,0
BRDA:112,13,0,5
BRDA:112,13,1,0
BRDA:116,14,0,0
BRDA:116,14,1,0
BRDA:120,15,0,0
BRDA:120,15,1,0
BRDA:125,16,0,1
BRDA:125,16,1,0
BRDA:134,17,0,1011
BRDA:134,17,1,0
BRDA:141,18,0,3569
BRDA:141,18,1,0
BRDA:144,19,0,0
BRDA:144,19,1,3569
BRDA:146,20,0,0
BRDA:146,20,1,0
BRDA:159,21,0,0
BRDA:159,21,1,0
BRDA:161,22,0,0
BRDA:161,22,1,0
BRDA:162,23,0,0
BRDA:162,23,1,0
BRDA:165,24,0,0
BRDA:165,24,1,0
BRDA:171,25,0,0
BRDA:171,25,1,0
BRDA:175,26,0,0
BRDA:175,26,1,0
BRDA:176,27,0,0
BRDA:176,27,1,0
BRDA:177,28,0,0
BRDA:177,28,1,0
BRDA:182,29,0,0
BRDA:182,29,1,0
BRDA:187,30,0,0
BRDA:187,30,1,0
BRDA:196,31,0,0
BRDA:196,31,1,0
BRDA:206,32,0,0
BRDA:206,32,1,3569
BRDA:210,33,0,0
BRDA:210,33,1,3569
BRDA:214,34,0,12
BRDA:214,34,1,3557
BRDA:215,35,0,4
BRDA:215,35,1,8
BRDA:216,36,0,5
BRDA:216,36,1,7
BRDA:221,37,0,2
BRDA:221,37,1,5
BRDA:226,38,0,3
BRDA:226,38,1,2
BRDA:235,39,0,1672
BRDA:235,39,1,1885
BRDA:244,40,0,0
BRDA:244,40,1,0
BRDA:248,41,0,0
BRDA:248,41,1,0
BRDA:249,42,0,0
BRDA:249,42,1,0
BRDA:250,43,0,0
BRDA:250,43,1,0
BRDA:256,44,0,0
BRDA:256,44,1,0
BRDA:260,45,0,0
BRDA:260,45,1,0
BRDA:269,46,0,0
BRDA:269,46,1,0
BRDA:274,47,0,0
BRDA:274,47,1,0
BRDA:281,48,0,3573
BRDA:281,48,1,0
BRDA:286,49,0,3573
BRDA:286,49,1,0
BRDA:293,50,0,0
BRDA:293,50,1,0
BRDA:298,51,0,0
BRDA:298,51,1,0
BRDA:303,52,0,0
BRDA:303,52,1,0
BRDA:311,53,0,0
BRDA:311,53,1,0
BRDA:326,54,0,0
BRDA:326,54,1,0
BRDA:327,55,0,0
BRDA:327,55,1,0
BRDA:330,56,0,0
BRDA:330,56,1,0
BRF:112
BRH:25
end_of_record
TN:
SF:C:\Users\two\Desktop\work work\zkEraFi\contracts\core\VaultUtils.sol
FN:30,constructor
FN:34,updateCumulativeFundingRate
FN:38,validateIncreasePosition
FN:42,validateDecreasePosition
FN:46,getPosition
FN:60,validateLiquidation
FN:97,getEntryFundingRate
FN:101,getPositionFee
FN:107,getFundingFee
FN:116,getBuyUsdgFeeBasisPoints
FN:120,getSellUsdgFeeBasisPoints
FN:124,getSwapFeeBasisPoints
FN:143,getFeeBasisPoints
FNF:13
FNH:13
FNDA:939,constructor
FNDA:802,updateCumulativeFundingRate
FNDA:215,validateIncreasePosition
FNDA:100,validateDecreasePosition
FNDA:295,getPosition
FNDA:295,validateLiquidation
FNDA:256,getEntryFundingRate
FNDA:597,getPositionFee
FNDA:597,getFundingFee
FNDA:226,getBuyUsdgFeeBasisPoints
FNDA:25,getSellUsdgFeeBasisPoints
FNDA:104,getSwapFeeBasisPoints
FNDA:498,getFeeBasisPoints
DA:31,939
DA:35,802
DA:47,295
DA:48,295
DA:49,295
DA:50,295
DA:51,295
DA:52,295
DA:53,295
DA:54,295
DA:55,295
DA:57,295
DA:61,295
DA:62,295
DA:64,295
DA:65,295
DA:66,295
DA:68,295
DA:69,14
DA:70,14
DA:73,281
DA:74,281
DA:75,246
DA:78,281
DA:79,2
DA:81,0
DA:84,279
DA:85,10
DA:86,2
DA:89,269
DA:90,7
DA:91,6
DA:94,262
DA:98,256
DA:102,597
DA:103,572
DA:104,572
DA:108,597
DA:110,430
DA:111,430
DA:113,10
DA:117,226
DA:121,25
DA:125,104
DA:126,104
DA:127,104
DA:128,104
DA:129,104
DA:131,104
DA:144,498
DA:146,42
DA:147,42
DA:148,42
DA:149,22
DA:152,42
DA:153,42
DA:155,41
DA:156,41
DA:159,41
DA:160,18
DA:161,18
DA:164,23
DA:165,23
DA:166,11
DA:168,23
DA:169,23
LF:66
LH:65
BRDA:68,1,0,14
BRDA:68,1,1,281
BRDA:69,2,0,0
BRDA:69,2,1,14
BRDA:74,3,0,246
BRDA:74,3,1,35
BRDA:78,4,0,2
BRDA:78,4,1,279
BRDA:79,5,0,2
BRDA:79,5,1,0
BRDA:84,6,0,10
BRDA:84,6,1,269
BRDA:85,7,0,8
BRDA:85,7,1,2
BRDA:89,8,0,7
BRDA:89,8,1,262
BRDA:90,9,0,1
BRDA:90,9,1,6
BRDA:102,10,0,25
BRDA:102,10,1,572
BRDA:108,11,0,167
BRDA:108,11,1,430
BRDA:111,12,0,420
BRDA:111,12,1,10
BRDA:126,13,0,0
BRDA:126,13,1,104
BRDA:127,14,0,0
BRDA:127,14,1,104
BRDA:131,15,0,0
BRDA:131,15,1,104
BRDA:144,16,0,456
BRDA:144,16,1,42
BRDA:148,17,0,22
BRDA:148,17,1,20
BRDA:149,18,0,1
BRDA:149,18,1,21
BRDA:153,19,0,1
BRDA:153,19,1,41
BRDA:155,20,0,26
BRDA:155,20,1,15
BRDA:156,21,0,28
BRDA:156,21,1,13
BRDA:159,22,0,18
BRDA:159,22,1,23
BRDA:161,23,0,5
BRDA:161,23,1,13
BRDA:165,24,0,11
BRDA:165,24,1,12
BRF:48
BRH:43
end_of_record
TN:
SF:C:\Users\two\Desktop\work work\zkEraFi\contracts\core\ZlpManager.sol
FN:64,constructor
FN:74,setInPrivateMode
FN:78,setShortsTracker
FN:82,setShortsTrackerAveragePriceWeight
FN:87,setHandler
FN:91,setCooldownDuration
FN:96,setAumAdjustment
FN:101,addLiquidity
FN:106,addLiquidityForAccount
FN:111,removeLiquidity
FN:116,removeLiquidityForAccount
FN:121,getPrice
FN:127,getAums
FN:134,getAumInUsdg
FN:139,getAum
FN:184,getGlobalShortDelta
FN:191,getGlobalShortAveragePrice
FN:212,_addLiquidity
FN:235,_removeLiquidity
FN:260,_validateHandler
FNF:20
FNH:17
FNDA:444,constructor
FNDA:15,setInPrivateMode
FNDA:0,setShortsTracker
FNDA:48,setShortsTrackerAveragePriceWeight
FNDA:19,setHandler
FNDA:2,setCooldownDuration
FNDA:1,setAumAdjustment
FNDA:7,addLiquidity
FNDA:13,addLiquidityForAccount
FNDA:6,removeLiquidity
FNDA:8,removeLiquidityForAccount
FNDA:0,getPrice
FNDA:0,getAums
FNDA:232,getAumInUsdg
FNDA:278,getAum
FNDA:103,getGlobalShortDelta
FNDA:103,getGlobalShortAveragePrice
FNDA:19,_addLiquidity
FNDA:13,_removeLiquidity
FNDA:21,_validateHandler
DA:65,444
DA:66,444
DA:67,444
DA:68,444
DA:69,444
DA:70,444
DA:71,444
DA:75,15
DA:79,0
DA:83,48
DA:84,48
DA:88,19
DA:92,2
DA:93,1
DA:97,1
DA:98,1
DA:102,7
DA:103,7
DA:107,13
DA:108,12
DA:112,6
DA:113,6
DA:117,8
DA:118,7
DA:122,0
DA:123,0
DA:124,0
DA:128,0
DA:129,0
DA:130,0
DA:131,0
DA:135,232
DA:136,232
DA:140,278
DA:141,278
DA:142,278
DA:143,278
DA:145,278
DA:146,651
DA:147,651
DA:149,651
DA:150,0
DA:153,651
DA:154,651
DA:155,651
[...]
FNDA:0,_setupDecimals
FNDA:2396,_beforeTokenTransfer
FNDA:1691,_msgSender
DA:55,3438
DA:56,3438
DA:57,3438
DA:61,943
DA:65,0
DA:69,267
DA:73,110
DA:74,110
DA:75,110
DA:76,110
DA:83,0
DA:91,0
DA:108,0
DA:115,3
DA:122,1910
DA:134,798
DA:135,795
DA:142,5
DA:153,337
DA:154,337
DA:171,281
DA:172,278
DA:173,274
DA:189,0
DA:190,0
DA:208,0
DA:209,0
DA:227,1079
DA:228,1079
DA:230,1076
DA:232,1076
DA:233,1073
DA:234,1073
DA:247,1210
DA:249,1210
DA:251,1210
DA:252,1210
DA:253,1210
DA:268,110
DA:270,110
DA:272,110
DA:273,110
DA:274,110
DA:291,611
DA:292,611
DA:294,611
DA:295,611
DA:306,0
DA:326,1691
LF:49
LH:40
BRDA:73,1,0,110
BRDA:73,1,1,0
BRDA:76,2,0,110
BRDA:76,2,1,0
BRDA:227,3,0,1079
BRDA:227,3,1,0
BRDA:228,4,0,1076
BRDA:228,4,1,3
BRDA:247,5,0,1210
BRDA:247,5,1,0
BRDA:268,6,0,110
BRDA:268,6,1,0
BRDA:291,7,0,611
BRDA:291,7,1,0
BRDA:292,8,0,611
BRDA:292,8,1,0
BRF:16
BRH:9
end_of_record
TN:
SF:C:\Users\two\Desktop\work work\zkEraFi\contracts\tokens\UsdcMock.sol
FN:54,constructor
FN:61,mint
FN:65,withdrawToken
FN:69,deposit
FN:73,withdraw
FN:83,name
FN:91,symbol
FN:108,decimals
FN:115,totalSupply
FN:122,balanceOf
FN:134,transfer
FN:142,allowance
FN:153,approve
FN:171,transferFrom
FN:189,increaseAllowance
FN:208,decreaseAllowance
FN:227,_transfer
FN:247,_mint
FN:268,_burn
FN:291,_approve
FN:306,_setupDecimals
FN:324,_beforeTokenTransfer
FN:326,_msgSender
FNF:23
FNH:10
FNDA:132,constructor
FNDA:0,mint
FNDA:0,withdrawToken
FNDA:0,deposit
FNDA:0,withdraw
FNDA:0,name
FNDA:0,symbol
FNDA:0,decimals
FNDA:0,totalSupply
FNDA:8,balanceOf
FNDA:92,transfer
FNDA:0,allowance
FNDA:26,approve
FNDA:26,transferFrom
FNDA:0,increaseAllowance
FNDA:0,decreaseAllowance
FNDA:118,_transfer
FNDA:132,_mint
FNDA:0,_burn
FNDA:52,_approve
FNDA:0,_setupDecimals
FNDA:250,_beforeTokenTransfer
FNDA:170,_msgSender
DA:55,132
DA:56,132
DA:57,132
DA:58,132
DA:62,0
DA:66,0
DA:70,0
DA:74,0
DA:75,0
DA:76,0
DA:77,0
DA:84,0
DA:92,0
DA:109,0
DA:116,0
DA:123,8
DA:135,92
DA:136,92
DA:143,0
DA:154,26
DA:155,26
DA:172,26
DA:173,26
DA:174,26
DA:190,0
DA:191,0
DA:209,0
DA:210,0
DA:228,118
DA:229,118
DA:231,118
DA:233,118
DA:234,118
DA:235,118
DA:248,132
DA:250,132
DA:252,132
DA:253,132
DA:254,132
DA:269,0
DA:271,0
DA:273,0
DA:274,0
DA:275,0
DA:292,52
DA:293,52
DA:295,52
DA:296,52
DA:307,0
DA:327,170
LF:50
LH:28
BRDA:74,1,0,0
BRDA:74,1,1,0
BRDA:77,2,0,0
BRDA:77,2,1,0
BRDA:228,3,0,118
BRDA:228,3,1,0
BRDA:229,4,0,118
BRDA:229,4,1,0
BRDA:248,5,0,132
BRDA:248,5,1,0
BRDA:269,6,0,0
BRDA:269,6,1,0
BRDA:292,7,0,52
BRDA:292,7,1,0
BRDA:293,8,0,52
BRDA:293,8,1,0
BRF:16
BRH:5
end_of_record
TN:
SF:C:\Users\two\Desktop\work work\zkEraFi\contracts\tokens\USDG.sol
FN:12,onlyVault
FN:17,constructor
FN:21,addVault
FN:25,removeVault
FN:29,mint
FN:33,burn
FNF:6
FNH:6
FNDA:260,onlyVault
FNDA:951,constructor
FNDA:9,addVault
FNDA:3,removeVault
FNDA:230,mint
FNDA:28,burn
DA:13,260
DA:14,258
DA:18,951
DA:22,9
DA:26,3
DA:30,230
DA:34,28
LF:7
LH:7
BRDA:13,1,0,258
BRDA:13,1,1,2
BRDA:21,2,0,9
BRDA:21,2,1,2
BRDA:25,3,0,3
BRDA:25,3,1,1
BRDA:29,4,0,230
BRDA:29,4,1,1
BRDA:33,5,0,28
BRDA:33,5,1,1
BRF:10
BRH:10
end_of_record
TN:
SF:C:\Users\two\Desktop\work work\zkEraFi\contracts\tokens\WETH.sol
FN:53,constructor
FN:63,deposit
FN:67,withdraw
FN:77,name
FN:85,symbol
FN:102,decimals
FN:109,totalSupply
FN:116,balanceOf
FN:128,transfer
FN:136,allowance
FN:147,approve
FN:165,transferFrom
FN:183,increaseAllowance
FN:202,decreaseAllowance
FN:221,_transfer
FN:241,_mint
FN:262,_burn
FN:285,_approve
FN:300,_setupDecimals
FN:318,_beforeTokenTransfer
FN:320,_msgSender
FNF:21
FNH:0
FNDA:0,constructor
FNDA:0,deposit
FNDA:0,withdraw
FNDA:0,name
FNDA:0,symbol
FNDA:0,decimals
FNDA:0,totalSupply
FNDA:0,balanceOf
FNDA:0,transfer
FNDA:0,allowance
FNDA:0,approve
FNDA:0,transferFrom
FNDA:0,increaseAllowance
FNDA:0,decreaseAllowance
FNDA:0,_transfer
FNDA:0,_mint
FNDA:0,_burn
FNDA:0,_approve
FNDA:0,_setupDecimals
FNDA:0,_beforeTokenTransfer
FNDA:0,_msgSender
DA:58,0
DA:59,0
DA:60,0
DA:64,0
DA:68,0
DA:69,0
DA:70,0
DA:71,0
DA:78,0
DA:86,0
DA:103,0
DA:110,0
DA:117,0
DA:129,0
DA:130,0
DA:137,0
DA:148,0
DA:149,0
DA:166,0
DA:167,0
DA:168,0
DA:184,0
DA:185,0
DA:203,0
DA:204,0
DA:222,0
DA:223,0
DA:225,0
DA:227,0
DA:228,0
DA:229,0
DA:242,0
DA:244,0
DA:246,0
DA:247,0
DA:248,0
DA:263,0
DA:265,0
DA:267,0
DA:268,0
DA:269,0
DA:286,0
DA:287,0
DA:289,0
DA:290,0
DA:301,0
DA:321,0
LF:47
LH:0
BRDA:68,1,0,0
BRDA:68,1,1,0
BRDA:71,2,0,0
BRDA:71,2,1,0
BRDA:222,3,0,0
BRDA:222,3,1,0
BRDA:223,4,0,0
BRDA:223,4,1,0
BRDA:242,5,0,0
BRDA:242,5,1,0
BRDA:263,6,0,0
BRDA:263,6,1,0
BRDA:286,7,0,0
BRDA:286,7,1,0
BRDA:287,8,0,0
BRDA:287,8,1,0
BRF:16
BRH:0
end_of_record
TN:
SF:C:\Users\two\Desktop\work work\zkEraFi\contracts\tokens\YieldToken.sol
FN:35,onlyGov
FN:40,onlyAdmin
FN:45,constructor
FN:53,setGov
FN:57,setInfo
FN:62,setYieldTrackers
FN:66,addAdmin
FN:70,removeAdmin
FN:75,withdrawToken
FN:79,setInWhitelistMode
FN:83,setWhitelistedHandler
FN:87,addNonStakingAccount
FN:94,removeNonStakingAccount
FN:101,recoverClaim
FN:108,claim
FN:115,totalStaked
FN:119,balanceOf
FN:123,stakedBalance
FN:130,transfer
FN:135,allowance
FN:139,approve
FN:144,transferFrom
FN:151,_mint
FN:166,_burn
FN:181,_transfer
FN:205,_approve
FN:214,_updateRewards
FNF:27
FNH:14
FNDA:322,onlyGov
FNDA:0,onlyAdmin
FNDA:951,constructor
FNDA:4,setGov
FNDA:0,setInfo
FNDA:303,setYieldTrackers
FNDA:0,addAdmin
FNDA:0,removeAdmin
FNDA:0,withdrawToken
FNDA:0,setInWhitelistMode
FNDA:0,setWhitelistedHandler
FNDA:0,addNonStakingAccount
FNDA:0,removeNonStakingAccount
FNDA:0,recoverClaim
FNDA:0,claim
FNDA:301,totalStaked
FNDA:145,balanceOf
FNDA:0,stakedBalance
FNDA:19,transfer
FNDA:0,allowance
FNDA:22,approve
FNDA:12,transferFrom
FNDA:1181,_mint
FNDA:28,_burn
FNDA:31,_transfer
FNDA:34,_approve
FNDA:1271,_updateRewards
DA:36,322
DA:37,319
DA:41,0
DA:42,0
DA:46,951
DA:47,951
DA:48,951
DA:49,951
DA:50,951
DA:54,4
DA:58,0
DA:59,0
DA:63,303
DA:67,0
DA:71,0
DA:76,0
DA:80,0
DA:84,0
DA:88,0
DA:89,0
DA:90,0
DA:91,0
DA:95,0
DA:96,0
DA:97,0
DA:98,0
DA:102,0
DA:103,0
DA:104,0
DA:109,0
DA:110,0
DA:111,0
DA:116,301
DA:120,145
DA:124,0
DA:125,0
DA:127,0
DA:131,19
DA:132,19
DA:136,0
DA:140,22
DA:141,22
DA:145,12
DA:146,12
DA:147,12
DA:148,12
DA:152,1181
DA:154,1181
DA:156,1181
DA:157,1181
DA:159,1181
DA:160,0
DA:163,1181
DA:167,28
DA:169,28
DA:171,28
DA:172,28
DA:174,28
DA:175,0
DA:178,28
DA:182,31
DA:183,31
DA:185,31
DA:186,0
DA:189,31
DA:190,31
DA:192,31
DA:193,31
DA:195,31
DA:196,0
DA:198,31
DA:199,0
DA:202,31
DA:206,34
DA:207,34
DA:209,34
DA:211,34
DA:215,1271
DA:216,301
DA:217,301
LF:80
LH:48
BRDA:36,1,0,319
BRDA:36,1,1,3
BRDA:41,2,0,0
BRDA:41,2,1,0
BRDA:53,3,0,4
BRDA:53,3,1,0
BRDA:57,4,0,0
BRDA:57,4,1,0
BRDA:62,5,0,303
BRDA:62,5,1,0
BRDA:66,6,0,0
BRDA:66,6,1,0
BRDA:70,7,0,0
BRDA:70,7,1,0
BRDA:75,8,0,0
BRDA:75,8,1,0
BRDA:79,9,0,0
BRDA:79,9,1,0
BRDA:83,10,0,0
BRDA:83,10,1,0
BRDA:87,11,0,0
BRDA:87,11,1,0
BRDA:88,12,0,0
BRDA:88,12,1,0
BRDA:94,13,0,0
BRDA:94,13,1,0
BRDA:95,14,0,0
BRDA:95,14,1,0
BRDA:101,15,0,0
BRDA:101,15,1,0
BRDA:124,16,0,0
BRDA:124,16,1,0
BRDA:152,17,0,1181
BRDA:152,17,1,0
BRDA:159,18,0,0
BRDA:159,18,1,1181
BRDA:167,19,0,28
BRDA:167,19,1,0
BRDA:174,20,0,0
BRDA:174,20,1,28
BRDA:182,21,0,31
BRDA:182,21,1,0
BRDA:183,22,0,31
BRDA:183,22,1,0
BRDA:185,23,0,0
BRDA:185,23,1,31
BRDA:186,24,0,0
BRDA:186,24,1,0
BRDA:195,25,0,0
BRDA:195,25,1,31
BRDA:198,26,0,0
BRDA:198,26,1,31
BRDA:206,27,0,34
BRDA:206,27,1,0
BRDA:207,28,0,34
BRDA:207,28,1,0
BRF:56
BRH:15
end_of_record
TN:
SF:C:\Users\two\Desktop\work work\zkEraFi\contracts\tokens\YieldTracker.sol
FN:31,onlyGov
FN:36,constructor
FN:41,setGov
FN:45,setDistributor
FN:50,withdrawToken
FN:54,claim
FN:68,getTokensPerInterval
FN:72,claimable
FN:84,updateRewards
FNF:9
FNH:4
FNDA:308,onlyGov
FNDA:924,constructor
FNDA:0,setGov
FNDA:308,setDistributor
FNDA:0,withdrawToken
FNDA:0,claim
FNDA:0,getTokensPerInterval
FNDA:0,claimable
FNDA:301,updateRewards
DA:32,308
DA:33,308
DA:37,924
DA:38,924
DA:42,0
DA:46,308
DA:51,0
DA:55,0
DA:56,0
DA:58,0
DA:59,0
DA:61,0
DA:62,0
DA:63,0
DA:65,0
DA:69,0
DA:73,0
DA:74,0
DA:75,0
DA:77,0
DA:78,0
DA:79,0
DA:80,0
DA:85,301
DA:87,301
DA:88,301
DA:91,301
DA:92,301
DA:95,301
DA:96,0
DA:97,0
DA:102,301
DA:103,301
DA:106,0
DA:107,0
DA:108,0
DA:109,0
DA:113,0
DA:114,0
LF:39
LH:13
BRDA:32,1,0,308
BRDA:32,1,1,0
BRDA:41,2,0,0
BRDA:41,2,1,0
BRDA:45,3,0,308
BRDA:45,3,1,0
BRDA:50,4,0,0
BRDA:50,4,1,0
BRDA:55,5,0,0
BRDA:55,5,1,0
BRDA:74,6,0,0
BRDA:74,6,1,0
BRDA:84,7,0,301
BRDA:84,7,1,0
BRDA:87,8,0,301
BRDA:87,8,1,0
BRDA:95,9,0,0
BRDA:95,9,1,301
BRDA:102,10,0,301
BRDA:102,10,1,0
BRDA:106,11,0,0
BRDA:106,11,1,0
BRF:22
BRH:6
end_of_record
TN:
SF:C:\Users\two\Desktop\work work\zkEraFi\contracts\vesting\MigrateVesting.sol
FN:32,constructor
FN:48,totalZkePurchased
FN:52,participants
FN:60,setVestingStart
FN:65,setVestingWeeks
FN:70,setTokenPrice
FN:75,setMaxZkeVesting
FN:80,buyTokens
FN:104,claimTokens
FN:120,getAvailableTokens
FN:142,max
FN:146,withdrawTokens
FN:155,pauseClaiming
FN:160,unpauseClaiming
FNF:14
FNH:11
FNDA:66,constructor
FNDA:8,totalZkePurchased
FNDA:35,participants
FNDA:1,setVestingStart
FNDA:0,setVestingWeeks
FNDA:0,setTokenPrice
FNDA:0,setMaxZkeVesting
FNDA:4,buyTokens
FNDA:5,claimTokens
FNDA:3,getAvailableTokens
FNDA:3,max
FNDA:3,withdrawTokens
FNDA:2,pauseClaiming
FNDA:1,unpauseClaiming
DA:39,66
DA:40,66
DA:41,66
DA:42,66
DA:43,66
DA:44,66
DA:45,66
DA:49,8
DA:53,35
DA:54,35
DA:55,35
DA:57,35
DA:61,1
DA:62,1
DA:66,0
DA:67,0
DA:71,0
DA:72,0
DA:76,0
DA:77,0
DA:81,4
DA:85,4
DA:90,4
DA:93,4
DA:94,4
DA:96,4
DA:97,4
DA:99,4
DA:101,4
DA:105,5
DA:106,4
DA:108,3
DA:110,3
DA:111,3
DA:113,3
DA:114,3
DA:115,3
DA:117,3
DA:121,3
DA:122,0
DA:125,3
DA:126,3
DA:129,3
DA:130,0
DA:133,3
DA:134,3
DA:136,3
DA:143,3
DA:150,3
DA:151,2
DA:152,2
DA:156,2
DA:157,2
DA:161,1
DA:162,1
LF:55
LH:47
BRDA:81,1,0,4
BRDA:81,1,1,0
BRDA:85,2,0,4
BRDA:85,2,1,0
BRDA:93,3,0,4
BRDA:93,3,1,0
BRDA:105,4,0,4
BRDA:105,4,1,1
BRDA:106,5,0,3
BRDA:106,5,1,1
BRDA:111,6,0,3
BRDA:111,6,1,0
BRDA:121,7,0,0
BRDA:121,7,1,3
BRDA:129,8,0,0
BRDA:129,8,1,3
BRDA:138,9,0,0
BRDA:138,9,1,3
BRDA:143,10,0,0
BRDA:143,10,1,3
BRF:20
BRH:12
end_of_record
TN:
SF:C:\Users\two\Desktop\work work\zkEraFi\contracts\vesting\TeamVesting.sol
FN:30,constructor
FN:38,pausedClaiming
FN:42,participants
FN:48,setVestingStart
FN:52,setVestingWeeks
FN:56,allocateTokens
FN:67,claimTokens
FN:85,getAvailableTokens
FN:110,max
FN:117,withdrawTokens
FN:122,pauseClaiming
FN:126,unpauseClaiming
FNF:12
FNH:0
FNDA:0,constructor
FNDA:0,pausedClaiming
FNDA:0,participants
FNDA:0,setVestingStart
FNDA:0,setVestingWeeks
FNDA:0,allocateTokens
FNDA:0,claimTokens
FNDA:0,getAvailableTokens
FNDA:0,max
FNDA:0,withdrawTokens
FNDA:0,pauseClaiming
FNDA:0,unpauseClaiming
DA:31,0
DA:32,0
DA:33,0
DA:34,0
DA:39,0
DA:43,0
DA:45,0
DA:49,0
DA:53,0
DA:57,0
DA:58,0
DA:60,0
DA:61,0
DA:62,0
DA:64,0
DA:68,0
DA:69,0
DA:70,0
DA:72,0
DA:74,0
DA:75,0
DA:77,0
DA:78,0
DA:79,0
DA:80,0
DA:82,0
DA:86,0
DA:87,0
DA:88,0
DA:90,0
DA:92,0
DA:93,0
DA:94,0
DA:95,0
DA:97,0
DA:98,0
DA:101,0
DA:102,0
DA:104,0
DA:111,0
DA:118,0
DA:119,0
DA:123,0
DA:127,0
LF:44
LH:0
BRDA:48,1,0,0
BRDA:48,1,1,0
BRDA:52,2,0,0
BRDA:52,2,1,0
BRDA:56,3,0,0
BRDA:56,3,1,0
BRDA:58,4,0,0
BRDA:58,4,1,0
BRDA:68,5,0,0
BRDA:68,5,1,0
BRDA:70,6,0,0
BRDA:70,6,1,0
BRDA:75,7,0,0
BRDA:75,7,1,0
BRDA:87,8,0,0
BRDA:87,8,1,0
BRDA:94,9,0,0
BRDA:94,9,1,0
BRDA:97,10,0,0
BRDA:97,10,1,0
BRDA:106,11,0,0
BRDA:106,11,1,0
BRDA:111,12,0,0
BRDA:111,12,1,0
BRDA:117,13,0,0
BRDA:117,13,1,0
BRDA:122,14,0,0
BRDA:122,14,1,0
BRDA:126,15,0,0
BRDA:126,15,1,0
BRF:30
BRH:0
end_of_record
TN:
SF:C:\Users\two\Desktop\work work\zkEraFi\contracts\vesting\WeeklyVesting.sol
FN:30,constructor
FN:46,setVestingStart
FN:53,setVestingWeeks
FN:58,setTokenPrice
FN:63,setMaxZkeVesting
FN:68,buyTokens
FN:92,claimTokens
FN:108,getAvailableTokens
FN:130,max
FN:134,withdrawTokens
FN:143,pauseClaiming
FN:148,unpauseClaiming
FNF:12
FNH:9
FNDA:132,constructor
FNDA:2,setVestingStart
FNDA:0,setVestingWeeks
FNDA:0,setTokenPrice
FNDA:0,setMaxZkeVesting
FNDA:14,buyTokens
FNDA:6,claimTokens
FNDA:8,getAvailableTokens
FNDA:8,max
FNDA:3,withdrawTokens
FNDA:2,pauseClaiming
FNDA:1,unpauseClaiming
DA:38,132
DA:39,132
DA:40,132
DA:41,132
DA:42,132
DA:43,132
DA:47,2
DA:48,2
DA:49,1
DA:50,1
DA:54,0
DA:55,0
DA:59,0
DA:60,0
DA:64,0
DA:65,0
DA:69,14
DA:73,14
DA:78,14
DA:81,14
DA:82,14
DA:84,14
DA:85,14
DA:87,14
DA:89,14
DA:93,6
DA:94,5
DA:96,4
DA:98,4
DA:99,4
DA:101,4
DA:102,4
DA:103,4
DA:105,4
DA:109,8
DA:110,0
DA:113,8
DA:114,8
DA:117,8
DA:118,3
DA:121,5
DA:122,5
DA:124,5
DA:131,8
DA:138,3
DA:139,2
DA:140,2
DA:144,2
DA:145,2
DA:149,1
DA:150,1
LF:51
LH:44
BRDA:48,1,0,1
BRDA:48,1,1,1
BRDA:49,2,0,1
BRDA:49,2,1,0
BRDA:69,3,0,14
BRDA:69,3,1,0
BRDA:73,4,0,14
BRDA:73,4,1,0
BRDA:81,5,0,14
BRDA:81,5,1,0
BRDA:93,6,0,5
BRDA:93,6,1,1
BRDA:94,7,0,4
BRDA:94,7,1,1
BRDA:99,8,0,4
BRDA:99,8,1,0
BRDA:109,9,0,0
BRDA:109,9,1,8
BRDA:117,10,0,3
BRDA:117,10,1,5
BRDA:126,11,0,0
BRDA:126,11,1,5
BRDA:131,12,0,3
BRDA:131,12,1,5
BRF:24
BRH:17
end_of_record
TN:
SF:C:\Users\two\Desktop\work work\zkEraFi\contracts\vesting\WeeklyVestingV2.sol
FN:32,constructor
FN:42,totalZkePurchased
FN:46,pausedClaiming
FN:50,participants
FN:60,setVestingStart
FN:65,setVestingWeeks
FN:70,setTokenPrice
FN:75,setMaxZkeVesting
FN:80,buyTokens
FN:104,claimTokens
FN:120,getAvailableTokens
FN:144,max
FN:148,withdrawTokens
FN:157,pauseClaiming
FN:162,unpauseClaiming
FNF:15
FNH:12
FNDA:72,constructor
FNDA:8,totalZkePurchased
FNDA:26,pausedClaiming
FNDA:49,participants
FNDA:2,setVestingStart
FNDA:0,setVestingWeeks
FNDA:0,setTokenPrice
FNDA:0,setMaxZkeVesting
FNDA:8,buyTokens
FNDA:22,claimTokens
FNDA:24,getAvailableTokens
FNDA:49,max
FNDA:6,withdrawTokens
FNDA:4,pauseClaiming
FNDA:2,unpauseClaiming
DA:33,72
DA:34,72
DA:35,72
DA:36,72
DA:37,72
DA:38,72
DA:39,72
DA:43,8
DA:47,26
DA:51,49
DA:52,49
DA:53,49
DA:54,49
DA:55,49
DA:57,49
DA:61,2
DA:62,2
DA:66,0
DA:67,0
DA:71,0
DA:72,0
DA:76,0
DA:77,0
DA:81,8
DA:85,8
DA:90,8
DA:93,8
DA:94,8
DA:96,8
DA:97,8
DA:99,8
DA:101,8
DA:105,22
DA:106,20
DA:108,18
DA:110,18
DA:111,18
DA:113,14
DA:114,14
DA:115,14
DA:117,14
DA:121,24
DA:122,0
DA:124,24
DA:126,24
DA:127,24
DA:128,24
DA:129,24
DA:131,24
DA:132,4
DA:135,20
DA:136,20
DA:138,20
DA:145,49
DA:152,6
DA:153,4
DA:154,4
DA:158,4
DA:159,4
DA:163,2
DA:164,2
LF:61
LH:54
BRDA:47,1,0,4
BRDA:47,1,1,0
BRDA:81,2,0,8
BRDA:81,2,1,0
BRDA:85,3,0,8
BRDA:85,3,1,0
BRDA:93,4,0,8
BRDA:93,4,1,0
BRDA:105,5,0,20
BRDA:105,5,1,2
BRDA:106,6,0,18
BRDA:106,6,1,2
BRDA:111,7,0,14
BRDA:111,7,1,4
BRDA:121,8,0,0
BRDA:121,8,1,24
BRDA:128,9,0,4
BRDA:128,9,1,20
BRDA:131,10,0,4
BRDA:131,10,1,20
BRDA:140,11,0,4
BRDA:140,11,1,16
BRDA:145,12,0,32
BRDA:145,12,1,17
BRF:24
BRH:19
end_of_record
TN:
SF:C:\Users\two\Desktop\work work\zkEraFi\contracts\zke\EsZKE.sol
FN:8,constructor
FN:11,id
FNF:2
FNH:1
FNDA:78,constructor
FNDA:0,id
DA:12,0
LF:1
LH:0
BRF:0
BRH:0
end_of_record
TN:
SF:C:\Users\two\Desktop\work work\zkEraFi\contracts\zke\interfaces\IAmmRouter.sol
FNF:0
FNH:0
LF:0
LH:0
BRF:0
BRH:0
end_of_record
TN:
SF:C:\Users\two\Desktop\work work\zkEraFi\contracts\zke\interfaces\IZkeIou.sol
FNF:0
FNH:0
LF:0
LH:0
BRF:0
BRH:0
end_of_record
TN:
SF:C:\Users\two\Desktop\work work\zkEraFi\contracts\zke\interfaces\IZkeMigrator.sol
FNF:0
FNH:0
LF:0
LH:0
BRF:0
BRH:0
end_of_record
TN:
SF:C:\Users\two\Desktop\work work\zkEraFi\contracts\zke\MigrationHandler.sol
FN:34,onlyAdmin
FN:39,constructor
FN:52,initialize
FN:72,redeemUsdg
FN:102,swap
FN:147,refund
FNF:6
FNH:0
FNDA:0,onlyAdmin
FNDA:0,constructor
FNDA:0,initialize
FNDA:0,redeemUsdg
FNDA:0,swap
FNDA:0,refund
DA:35,0
DA:36,0
DA:40,0
DA:53,0
DA:54,0
DA:56,0
DA:57,0
DA:59,0
DA:61,0
DA:62,0
DA:63,0
DA:64,0
DA:65,0
DA:73,0
DA:74,0
DA:76,0
DA:77,0
DA:78,0
DA:80,0
DA:81,0
DA:82,0
DA:83,0
DA:84,0
DA:87,0
DA:88,0
DA:103,0
DA:105,0
DA:106,0
DA:107,0
DA:108,0
DA:109,0
DA:117,0
DA:118,0
DA:119,0
DA:120,0
DA:121,0
DA:129,0
DA:130,0
DA:131,0
DA:132,0
DA:133,0
DA:148,0
DA:149,0
DA:150,0
DA:152,0
DA:153,0
DA:155,0
DA:157,0
LF:48
LH:0
BRDA:35,1,0,0
BRDA:35,1,1,0
BRDA:52,2,0,0
BRDA:52,2,1,0
BRDA:53,3,0,0
BRDA:53,3,1,0
BRDA:72,4,0,0
BRDA:72,4,1,0
BRDA:72,5,0,0
BRDA:72,5,1,0
BRDA:80,6,0,0
BRDA:80,6,1,0
BRDA:102,7,0,0
BRDA:102,7,1,0
BRDA:102,8,0,0
BRDA:102,8,1,0
BRDA:147,9,0,0
BRDA:147,9,1,0
BRDA:147,10,0,0
BRDA:147,10,1,0
BRDA:155,11,0,0
BRDA:155,11,1,0
BRF:22
BRH:0
end_of_record
TN:
SF:C:\Users\two\Desktop\work work\zkEraFi\contracts\zke\ZKE.sol
FN:9,constructor
FN:12,id
FNF:2
FNH:1
FNDA:381,constructor
FNDA:0,id
DA:13,0
LF:1
LH:0
BRF:0
BRH:0
end_of_record
TN:
SF:C:\Users\two\Desktop\work work\zkEraFi\contracts\zke\ZkeIou.sol
FN:22,constructor
FN:29,mint
FN:35,balanceOf
FN:40,transfer
FN:45,allowance
FN:50,approve
FN:55,transferFrom
FN:59,_mint
FNF:8
FNH:0
FNDA:0,constructor
FNDA:0,mint
FNDA:0,balanceOf
FNDA:0,transfer
FNDA:0,allowance
FNDA:0,approve
FNDA:0,transferFrom
FNDA:0,_mint
DA:23,0
DA:24,0
DA:25,0
DA:26,0
DA:30,0
DA:31,0
DA:32,0
DA:36,0
DA:41,0
DA:46,0
DA:51,0
DA:56,0
DA:60,0
DA:62,0
DA:63,0
DA:64,0
LF:16
LH:0
BRDA:30,1,0,0
BRDA:30,1,1,0
BRDA:60,2,0,0
BRDA:60,2,1,0
BRF:4
BRH:0
end_of_record
TN:
SF:C:\Users\two\Desktop\work work\zkEraFi\contracts\zke\ZkeMigrator.sol
FN:53,constructor
FN:58,onlyAdmin
FN:63,onlySigner
FN:79,initialize
FN:114,endMigration
FN:118,setHasMaxMigrationLimit
FN:122,setMaxMigrationAmount
FN:129,migrate
FN:162,signalApprove
FN:170,signApprove
FN:178,approve
FN:187,getTokenAmounts
FN:198,getTokenPrice
FN:204,getIouToken
FN:210,_setPendingAction
FN:215,_validateAction
FN:219,_validateAuthorization
FN:234,_clearAction
FNF:18
FNH:0
FNDA:0,constructor
FNDA:0,onlyAdmin
FNDA:0,onlySigner
FNDA:0,initialize
FNDA:0,endMigration
FNDA:0,setHasMaxMigrationLimit
FNDA:0,setMaxMigrationAmount
FNDA:0,migrate
FNDA:0,signalApprove
FNDA:0,signApprove
FNDA:0,approve
FNDA:0,getTokenAmounts
FNDA:0,getTokenPrice
FNDA:0,getIouToken
FNDA:0,_setPendingAction
FNDA:0,_validateAction
FNDA:0,_validateAuthorization
FNDA:0,_clearAction
DA:54,0
DA:55,0
DA:59,0
DA:60,0
DA:64,0
DA:65,0
DA:80,0
DA:81,0
DA:82,0
DA:83,0
DA:84,0
DA:85,0
DA:87,0
DA:89,0
DA:90,0
DA:92,0
DA:93,0
DA:94,0
DA:95,0
DA:98,0
DA:99,0
DA:100,0
DA:101,0
DA:102,0
DA:103,0
DA:106,0
DA:107,0
DA:108,0
DA:109,0
DA:110,0
DA:115,0
DA:119,0
DA:123,0
DA:130,0
DA:131,0
DA:132,0
DA:134,0
DA:135,0
DA:136,0
DA:139,0
DA:140,0
DA:141,0
DA:143,0
DA:144,0
DA:146,0
DA:148,0
DA:149,0
DA:150,0
DA:151,0
DA:152,0
DA:154,0
DA:155,0
DA:158,0
DA:159,0
DA:163,0
DA:164,0
DA:165,0
DA:166,0
DA:167,0
DA:171,0
DA:172,0
DA:173,0
DA:174,0
DA:175,0
DA:179,0
DA:180,0
DA:181,0
DA:183,0
DA:184,0
DA:188,0
DA:190,0
DA:191,0
DA:192,0
DA:195,0
DA:199,0
DA:200,0
DA:201,0
DA:205,0
DA:206,0
DA:207,0
DA:211,0
DA:212,0
DA:216,0
DA:220,0
DA:221,0
DA:222,0
DA:223,0
DA:224,0
DA:228,0
DA:229,0
DA:231,0
DA:235,0
DA:236,0
DA:237,0
LF:94
LH:0
BRDA:59,1,0,0
BRDA:59,1,1,0
BRDA:64,2,0,0
BRDA:64,2,1,0
BRDA:79,3,0,0
BRDA:79,3,1,0
BRDA:80,4,0,0
BRDA:80,4,1,0
BRDA:81,5,0,0
BRDA:81,5,1,0
BRDA:82,6,0,0
BRDA:82,6,1,0
BRDA:83,7,0,0
BRDA:83,7,1,0
BRDA:84,8,0,0
BRDA:84,8,1,0
BRDA:85,9,0,0
BRDA:85,9,1,0
BRDA:114,10,0,0
BRDA:114,10,1,0
BRDA:118,11,0,0
BRDA:118,11,1,0
BRDA:122,12,0,0
BRDA:122,12,1,0
BRDA:129,13,0,0
BRDA:129,13,1,0
BRDA:130,14,0,0
BRDA:130,14,1,0
BRDA:131,15,0,0
BRDA:131,15,1,0
BRDA:132,16,0,0
BRDA:132,16,1,0
BRDA:134,17,0,0
BRDA:134,17,1,0
BRDA:136,18,0,0
BRDA:136,18,1,0
BRDA:141,19,0,0
BRDA:141,19,1,0
BRDA:144,20,0,0
BRDA:144,20,1,0
BRDA:148,21,0,0
BRDA:148,21,1,0
BRDA:151,22,0,0
BRDA:151,22,1,0
BRDA:152,23,0,0
BRDA:152,23,1,0
BRDA:162,24,0,0
BRDA:162,24,1,0
BRDA:162,25,0,0
BRDA:162,25,1,0
BRDA:170,26,0,0
BRDA:170,26,1,0
BRDA:170,27,0,0
BRDA:170,27,1,0
BRDA:173,28,0,0
BRDA:173,28,1,0
BRDA:178,29,0,0
BRDA:178,29,1,0
BRDA:178,30,0,0
BRDA:178,30,1,0
BRDA:200,31,0,0
BRDA:200,31,1,0
BRDA:206,32,0,0
BRDA:206,32,1,0
BRDA:216,33,0,0
BRDA:216,33,1,0
BRDA:223,34,0,0
BRDA:223,34,1,0
BRDA:228,35,0,0
BRDA:228,35,1,0
BRDA:231,36,0,0
BRDA:231,36,1,0
BRDA:235,37,0,0
BRDA:235,37,1,0
BRF:74
BRH:0
end_of_record
TN:
SF:C:\Users\two\Desktop\work work\zkEraFi\contracts\zke\ZLP.sol
FN:8,constructor
FN:11,id
FNF:2
FNH:1
FNDA:444,constructor
FNDA:0,id
DA:12,0
LF:1
LH:0
BRF:0
BRH:0
end_of_record
